<?xml version="1.0" encoding="UTF-8"?>
<testsuites name="Process Case (SMB)" time="441.685" tests="2" failures="0" errors="0">
   <testsuite name="Process Case (SMB)" tests="2" failures="0" errors="0" time="441.685" timestamp="2020-06-26 08:06:14" hostname="19023-RAC - 192.168.16.39" id="Test Suites/JIRA Automated Regression Suites (JARS)/PSI/Process Case (SMB)">
      <properties>
         <property name="deviceName" value=""/>
         <property name="devicePlatform" value=""/>
         <property name="logFolder" value="C:\\Users\\19023-RAC\\Desktop\\New Automation Copy\\Reports\\20200626_080606\\JIRA Automated Regression Suites (JARS)\\PSI\\Process Case (SMB)\\20200626_080606"/>
         <property name="logFiles" value="C:\\Users\\19023-RAC\\Desktop\\New Automation Copy\\Reports\\20200626_080606\\JIRA Automated Regression Suites (JARS)\\PSI\\Process Case (SMB)\\20200626_080606\\execution0.log"/>
         <property name="attachments" value=""/>
         <property name="hostName" value="19023-RAC - 192.168.16.39"/>
         <property name="os" value="Windows 10 64bit"/>
         <property name="katalonVersion" value="7.2.1.1"/>
         <property name="browser" value="Chrome 83.0.4103.116"/>
         <property name="hostAddress" value="192.168.16.39"/>
         <property name="sessionId" value="45bff39c0487412e6443febc74896a41"/>
         <property name="seleniumVersion" value="3.141.59"/>
         <property name="proxyInformation" value="ProxyInformation{proxyOption=NO_PROXY, proxyServerType=HTTP, password=, proxyServerAddress=, proxyServerPort=0, executionList=}"/>
         <property name="platform" value="Windows 10"/>
      </properties>
      <testcase name="Test Cases/Jira/PSI/Process Case (SMB)/BCAISPS-14777/BCAISPS-14777.TCID001" time="195.182" classname="Test Cases/Jira/PSI/Process Case (SMB)/BCAISPS-14777/BCAISPS-14777.TCID001" status="PASSED">
         <system-out><![CDATA[2020-06-26 08:06:15 - [TEST_CASE][PASSED] - Test Cases/Jira/PSI/Process Case (SMB)/BCAISPS-14777/BCAISPS-14777.TCID001: Test Cases/Jira/PSI/Process Case (SMB)/BCAISPS-14777/BCAISPS-14777.TCID001

2020-06-26 08:06:15 - [TEST_STEP][PASSED] - callTestCase(findTestCase("Components/LoginV2.0"), ["LinkToBeUsed":findTestData("Datatable").getValue("URL", 2), "LoginPageTextToBeVerified":findTestData("Datatable").getValue("HomeBanner", 2), ... ], STOP_ON_FAILURE): Call Test Case 'Test Cases/Components/LoginV2.0' successfully

2020-06-26 08:06:15 - [TEST_CASE][PASSED] - Test Cases/Components/LoginV2.0: Test Cases/Components/LoginV2.0

2020-06-26 08:06:16 - [TEST_STEP][PASSED] - openBrowser(LinkToBeUsed): Browser is opened with url: 'http://192.168.190.37:3012/isps2-mig/authnz/login.do'

2020-06-26 08:06:16 - [MESSAGE][INFO] - Starting 'Edge' driver

2020-06-26 08:06:16 - [MESSAGE][INFO] - Action delay is set to 0 seconds

2020-06-26 08:06:28 - [MESSAGE][PASSED] - Browser is opened with url: 'http://192.168.190.37:3012/isps2-mig/authnz/login.do'

2020-06-26 08:06:28 - [TEST_STEP][PASSED] - maximizeWindow(): Current window maximized

2020-06-26 08:06:30 - [MESSAGE][PASSED] - Current window maximized

2020-06-26 08:06:30 - [TEST_STEP][PASSED] - verifyTextPresent(LoginPageTextToBeVerified, false): Text 'Sign in to ISPS2-SIT' is present on page 

2020-06-26 08:06:30 - [MESSAGE][PASSED] - Text 'Sign in to ISPS2-SIT' is present on page 

2020-06-26 08:06:30 - [TEST_STEP][PASSED] - setText(findTestObject("Objects.LoginV2.0/Login Page/input_Sign in to ISPS2-PROD-Verify_username"), Username): Text 'sysadmin' is set on object 'Object Repository/Objects.LoginV2.0/Login Page/input_Sign in to ISPS2-PROD-Verify_username'

2020-06-26 08:06:30 - [MESSAGE][PASSED] - Text 'sysadmin' is set on object 'Object Repository/Objects.LoginV2.0/Login Page/input_Sign in to ISPS2-PROD-Verify_username'

2020-06-26 08:06:30 - [TEST_STEP][PASSED] - setEncryptedText(findTestObject("Objects.LoginV2.0/Login Page/input_This field is required_password"), Password): Text ****** has been set on object 'Object Repository/Objects.LoginV2.0/Login Page/input_This field is required_password'

2020-06-26 08:06:31 - [MESSAGE][PASSED] - Text ****** has been set on object 'Object Repository/Objects.LoginV2.0/Login Page/input_This field is required_password'

2020-06-26 08:06:31 - [TEST_STEP][NOT_RUN] - setEncryptedText(findTestObject(null), Password): NOT_RUN: setEncryptedText(findTestObject(null), Password)

2020-06-26 08:06:31 - [MESSAGE][NOT_RUN] - NOT_RUN: setEncryptedText(findTestObject(null), Password)

2020-06-26 08:06:31 - [TEST_STEP][PASSED] - click(findTestObject("Objects.LoginV2.0/Login Page/div_Sign in to ISPS2-PROD-Verify_NovaGoButton-1021"), OPTIONAL): Object: 'Object Repository/Objects.LoginV2.0/Login Page/div_Sign in to ISPS2-PROD-Verify_NovaGoButton-1021' is clicked on

2020-06-26 08:06:31 - [MESSAGE][PASSED] - Object: 'Object Repository/Objects.LoginV2.0/Login Page/div_Sign in to ISPS2-PROD-Verify_NovaGoButton-1021' is clicked on

2020-06-26 08:06:31 - [TEST_STEP][PASSED] - waitForPageLoad(30): Wait for page load successfully

2020-06-26 08:06:36 - [MESSAGE][PASSED] - Wait for page load successfully

2020-06-26 08:06:36 - [TEST_STEP][PASSED] - Thread.sleep(3000): null

2020-06-26 08:06:39 - [MESSAGE][PASSED] - Call Test Case 'Test Cases/Components/LoginV2.0' successfully

2020-06-26 08:06:39 - [TEST_STEP][PASSED] - callTestCase(findTestCase("Components/VerifyTextPresentInPage"), ["TextToModify":"Search Result", "index":1], STOP_ON_FAILURE): Call Test Case 'Test Cases/Components/VerifyTextPresentInPage' successfully

2020-06-26 08:06:39 - [TEST_CASE][PASSED] - Test Cases/Components/VerifyTextPresentInPage: Test Cases/Components/VerifyTextPresentInPage

2020-06-26 08:06:40 - [TEST_STEP][PASSED] - Thread.sleep(3000): null

2020-06-26 08:06:43 - [TEST_STEP][NOT_RUN] - verifyTextPresent(textToLocate, false): NOT_RUN: verifyTextPresent(textToLocate, false)

2020-06-26 08:06:43 - [MESSAGE][NOT_RUN] - NOT_RUN: verifyTextPresent(textToLocate, false)

2020-06-26 08:06:43 - [TEST_STEP][NOT_RUN] - com.reusableComponents.HighlightElement.run(textToLocate): NOT_RUN: com.reusableComponents.HighlightElement.run(textToLocate)

2020-06-26 08:06:43 - [MESSAGE][NOT_RUN] - NOT_RUN: com.reusableComponents.HighlightElement.run(textToLocate)

2020-06-26 08:06:43 - [TEST_STEP][PASSED] - ModifiedText = modifyObjectProperty(findTestObject("Objects.VerifyTextPresent/Page_ISPS2/objectToModify"), "xpath", "equals", "(//*[text() = '" + TextToModify + "'])[" + index + "]", true): Modify property of object successfully

2020-06-26 08:06:43 - [MESSAGE][PASSED] - Modify property of object successfully

2020-06-26 08:06:43 - [TEST_STEP][PASSED] - com.reusableComponents.HighlightElement.run(ModifiedText): com.reusableComponents.HighlightElement.run is PASSED

2020-06-26 08:06:44 - [MESSAGE][PASSED] - com.reusableComponents.HighlightElement.run is PASSED

2020-06-26 08:06:44 - [TEST_STEP][PASSED] - Thread.sleep(3000): null

2020-06-26 08:06:47 - [MESSAGE][PASSED] - Call Test Case 'Test Cases/Components/VerifyTextPresentInPage' successfully

2020-06-26 08:06:47 - [TEST_STEP][PASSED] - callTestCase(findTestCase("Components/OpenHomepageMenu"), [:], STOP_ON_FAILURE): Call Test Case 'Test Cases/Components/OpenHomepageMenu' successfully

2020-06-26 08:06:47 - [TEST_CASE][PASSED] - Test Cases/Components/OpenHomepageMenu: Test Cases/Components/OpenHomepageMenu

2020-06-26 08:06:47 - [TEST_STEP][PASSED] - Thread.sleep(1000): null

2020-06-26 08:06:48 - [TEST_STEP][PASSED] - verifyTextPresent("Loading search result. Please wait...", false, OPTIONAL): Text 'Loading search result. Please wait...' is not present on page  (Root cause: com.kms.katalon.core.exception.StepFailedException: Text 'Loading search result. Please wait...' is not present on page 
	at com.kms.katalon.core.webui.keyword.internal.WebUIKeywordMain.stepFailed(WebUIKeywordMain.groovy:64)
	at com.kms.katalon.core.webui.keyword.builtin.VerifyTextPresentKeyword$_verifyTextPresent_closure1.doCall(VerifyTextPresentKeyword.groovy:79)
	at com.kms.katalon.core.webui.keyword.builtin.VerifyTextPresentKeyword$_verifyTextPresent_closure1.call(VerifyTextPresentKeyword.groovy)
	at com.kms.katalon.core.webui.keyword.internal.WebUIKeywordMain.runKeyword(WebUIKeywordMain.groovy:20)
	at com.kms.katalon.core.webui.keyword.builtin.VerifyTextPresentKeyword.verifyTextPresent(VerifyTextPresentKeyword.groovy:83)
	at com.kms.katalon.core.webui.keyword.builtin.VerifyTextPresentKeyword.execute(VerifyTextPresentKeyword.groovy:68)
	at com.kms.katalon.core.keyword.internal.KeywordExecutor.executeKeywordForPlatform(KeywordExecutor.groovy:72)
	at com.kms.katalon.core.webui.keyword.WebUiBuiltInKeywords.verifyTextPresent(WebUiBuiltInKeywords.groovy:1677)
	at com.kms.katalon.core.webui.keyword.WebUiBuiltInKeywords$verifyTextPresent$7.call(Unknown Source)
	at OpenHomepageMenu.run(OpenHomepageMenu:18)
	at com.kms.katalon.core.main.ScriptEngine.run(ScriptEngine.java:194)
	at com.kms.katalon.core.main.ScriptEngine.runScriptAsRawText(ScriptEngine.java:119)
	at com.kms.katalon.core.main.TestCaseExecutor.runScript(TestCaseExecutor.java:337)
	at com.kms.katalon.core.main.TestCaseExecutor.doExecute(TestCaseExecutor.java:328)
	at com.kms.katalon.core.main.TestCaseExecutor.processExecutionPhase(TestCaseExecutor.java:307)
	at com.kms.katalon.core.main.TestCaseExecutor.accessMainPhase(TestCaseExecutor.java:299)
	at com.kms.katalon.core.main.TestCaseExecutor.execute(TestCaseExecutor.java:233)
	at com.kms.katalon.core.main.TestCaseMain.runTestCase(TestCaseMain.java:114)
	at com.kms.katalon.core.keyword.builtin.CallTestCaseKeyword$_callTestCase_closure1.doCall(CallTestCaseKeyword.groovy:59)
	at com.kms.katalon.core.keyword.builtin.CallTestCaseKeyword$_callTestCase_closure1.call(CallTestCaseKeyword.groovy)
	at com.kms.katalon.core.keyword.internal.KeywordMain.runKeyword(KeywordMain.groovy:68)
	at com.kms.katalon.core.keyword.builtin.CallTestCaseKeyword.callTestCase(CallTestCaseKeyword.groovy:81)
	at com.kms.katalon.core.keyword.builtin.CallTestCaseKeyword.execute(CallTestCaseKeyword.groovy:44)
	at com.kms.katalon.core.keyword.internal.KeywordExecutor.executeKeywordForPlatform(KeywordExecutor.groovy:72)
	at com.kms.katalon.core.keyword.BuiltinKeywords.callTestCase(BuiltinKeywords.groovy:334)
	at BCAISPS-14777.TCID001.run(BCAISPS-14777.TCID001:28)
	at com.kms.katalon.core.main.ScriptEngine.run(ScriptEngine.java:194)
	at com.kms.katalon.core.main.ScriptEngine.runScriptAsRawText(ScriptEngine.java:119)
	at com.kms.katalon.core.main.TestCaseExecutor.runScript(TestCaseExecutor.java:337)
	at com.kms.katalon.core.main.TestCaseExecutor.doExecute(TestCaseExecutor.java:328)
	at com.kms.katalon.core.main.TestCaseExecutor.processExecutionPhase(TestCaseExecutor.java:307)
	at com.kms.katalon.core.main.TestCaseExecutor.accessMainPhase(TestCaseExecutor.java:299)
	at com.kms.katalon.core.main.TestCaseExecutor.execute(TestCaseExecutor.java:233)
	at com.kms.katalon.core.main.TestSuiteExecutor.accessTestCaseMainPhase(TestSuiteExecutor.java:169)
	at com.kms.katalon.core.main.TestSuiteExecutor.accessTestSuiteMainPhase(TestSuiteExecutor.java:142)
	at com.kms.katalon.core.main.TestSuiteExecutor.execute(TestSuiteExecutor.java:91)
	at com.kms.katalon.core.main.TestCaseMain.startTestSuite(TestCaseMain.java:157)
	at com.kms.katalon.core.main.TestCaseMain$startTestSuite$0.call(Unknown Source)
	at TempTestSuite1593129971513.run(TempTestSuite1593129971513.groovy:36)
)

2020-06-26 08:06:49 - [MESSAGE][WARNING] - Text 'Loading search result. Please wait...' is not present on page  (Root cause: com.kms.katalon.core.exception.StepFailedException: Text 'Loading search result. Please wait...' is not present on page 
	at com.kms.katalon.core.webui.keyword.internal.WebUIKeywordMain.stepFailed(WebUIKeywordMain.groovy:64)
	at com.kms.katalon.core.webui.keyword.builtin.VerifyTextPresentKeyword$_verifyTextPresent_closure1.doCall(VerifyTextPresentKeyword.groovy:79)
	at com.kms.katalon.core.webui.keyword.builtin.VerifyTextPresentKeyword$_verifyTextPresent_closure1.call(VerifyTextPresentKeyword.groovy)
	at com.kms.katalon.core.webui.keyword.internal.WebUIKeywordMain.runKeyword(WebUIKeywordMain.groovy:20)
	at com.kms.katalon.core.webui.keyword.builtin.VerifyTextPresentKeyword.verifyTextPresent(VerifyTextPresentKeyword.groovy:83)
	at com.kms.katalon.core.webui.keyword.builtin.VerifyTextPresentKeyword.execute(VerifyTextPresentKeyword.groovy:68)
	at com.kms.katalon.core.keyword.internal.KeywordExecutor.executeKeywordForPlatform(KeywordExecutor.groovy:72)
	at com.kms.katalon.core.webui.keyword.WebUiBuiltInKeywords.verifyTextPresent(WebUiBuiltInKeywords.groovy:1677)
	at com.kms.katalon.core.webui.keyword.WebUiBuiltInKeywords$verifyTextPresent$7.call(Unknown Source)
	at OpenHomepageMenu.run(OpenHomepageMenu:18)
	at com.kms.katalon.core.main.ScriptEngine.run(ScriptEngine.java:194)
	at com.kms.katalon.core.main.ScriptEngine.runScriptAsRawText(ScriptEngine.java:119)
	at com.kms.katalon.core.main.TestCaseExecutor.runScript(TestCaseExecutor.java:337)
	at com.kms.katalon.core.main.TestCaseExecutor.doExecute(TestCaseExecutor.java:328)
	at com.kms.katalon.core.main.TestCaseExecutor.processExecutionPhase(TestCaseExecutor.java:307)
	at com.kms.katalon.core.main.TestCaseExecutor.accessMainPhase(TestCaseExecutor.java:299)
	at com.kms.katalon.core.main.TestCaseExecutor.execute(TestCaseExecutor.java:233)
	at com.kms.katalon.core.main.TestCaseMain.runTestCase(TestCaseMain.java:114)
	at com.kms.katalon.core.keyword.builtin.CallTestCaseKeyword$_callTestCase_closure1.doCall(CallTestCaseKeyword.groovy:59)
	at com.kms.katalon.core.keyword.builtin.CallTestCaseKeyword$_callTestCase_closure1.call(CallTestCaseKeyword.groovy)
	at com.kms.katalon.core.keyword.internal.KeywordMain.runKeyword(KeywordMain.groovy:68)
	at com.kms.katalon.core.keyword.builtin.CallTestCaseKeyword.callTestCase(CallTestCaseKeyword.groovy:81)
	at com.kms.katalon.core.keyword.builtin.CallTestCaseKeyword.execute(CallTestCaseKeyword.groovy:44)
	at com.kms.katalon.core.keyword.internal.KeywordExecutor.executeKeywordForPlatform(KeywordExecutor.groovy:72)
	at com.kms.katalon.core.keyword.BuiltinKeywords.callTestCase(BuiltinKeywords.groovy:334)
	at BCAISPS-14777.TCID001.run(BCAISPS-14777.TCID001:28)
	at com.kms.katalon.core.main.ScriptEngine.run(ScriptEngine.java:194)
	at com.kms.katalon.core.main.ScriptEngine.runScriptAsRawText(ScriptEngine.java:119)
	at com.kms.katalon.core.main.TestCaseExecutor.runScript(TestCaseExecutor.java:337)
	at com.kms.katalon.core.main.TestCaseExecutor.doExecute(TestCaseExecutor.java:328)
	at com.kms.katalon.core.main.TestCaseExecutor.processExecutionPhase(TestCaseExecutor.java:307)
	at com.kms.katalon.core.main.TestCaseExecutor.accessMainPhase(TestCaseExecutor.java:299)
	at com.kms.katalon.core.main.TestCaseExecutor.execute(TestCaseExecutor.java:233)
	at com.kms.katalon.core.main.TestSuiteExecutor.accessTestCaseMainPhase(TestSuiteExecutor.java:169)
	at com.kms.katalon.core.main.TestSuiteExecutor.accessTestSuiteMainPhase(TestSuiteExecutor.java:142)
	at com.kms.katalon.core.main.TestSuiteExecutor.execute(TestSuiteExecutor.java:91)
	at com.kms.katalon.core.main.TestCaseMain.startTestSuite(TestCaseMain.java:157)
	at com.kms.katalon.core.main.TestCaseMain$startTestSuite$0.call(Unknown Source)
	at TempTestSuite1593129971513.run(TempTestSuite1593129971513.groovy:36)
)

2020-06-26 08:06:49 - [TEST_STEP][PASSED] - waitForElementNotPresent(findTestObject("Objects.OpenHomepageMenu/XP_LoadingPopUp"), 120, OPTIONAL): Web element with id: 'Object Repository/Objects.OpenHomepageMenu/XP_LoadingPopUp' located by 'By.xpath: //div[@class = 'x-mask-msg-text' and (text() = 'Loading search result. Please wait...' or . = 'Loading search result. Please wait...')]' is not present after '120' second(s)

2020-06-26 08:06:50 - [MESSAGE][PASSED] - Web element with id: 'Object Repository/Objects.OpenHomepageMenu/XP_LoadingPopUp' located by 'By.xpath: //div[@class = 'x-mask-msg-text' and (text() = 'Loading search result. Please wait...' or . = 'Loading search result. Please wait...')]' is not present after '120' second(s)

2020-06-26 08:06:50 - [TEST_STEP][PASSED] - verifyElementVisible(findTestObject("Objects.OpenHomepageMenu/div_ISPS2-PROD-Verify_component-1013")): Object 'Object Repository/Objects.OpenHomepageMenu/div_ISPS2-PROD-Verify_component-1013' is visible

2020-06-26 08:06:50 - [MESSAGE][PASSED] - Object 'Object Repository/Objects.OpenHomepageMenu/div_ISPS2-PROD-Verify_component-1013' is visible

2020-06-26 08:06:50 - [TEST_STEP][PASSED] - click(findTestObject("Objects.OpenHomepageMenu/div_ISPS2-PROD-Verify_component-1013")): Object: 'Object Repository/Objects.OpenHomepageMenu/div_ISPS2-PROD-Verify_component-1013' is clicked on

2020-06-26 08:06:50 - [MESSAGE][PASSED] - Object: 'Object Repository/Objects.OpenHomepageMenu/div_ISPS2-PROD-Verify_component-1013' is clicked on

2020-06-26 08:06:50 - [MESSAGE][PASSED] - Call Test Case 'Test Cases/Components/OpenHomepageMenu' successfully

2020-06-26 08:06:50 - [TEST_STEP][PASSED] - callTestCase(findTestCase("Components/HoverToAnyMenuSelection"), ["MenuSelection":"Utilities"], STOP_ON_FAILURE): Call Test Case 'Test Cases/Components/HoverToAnyMenuSelection' successfully

2020-06-26 08:06:50 - [TEST_CASE][PASSED] - Test Cases/Components/HoverToAnyMenuSelection: Test Cases/Components/HoverToAnyMenuSelection

2020-06-26 08:06:51 - [TEST_STEP][PASSED] - Thread.sleep(1000): null

2020-06-26 08:06:52 - [TEST_STEP][PASSED] - modifiedSelection = modifyObjectProperty(findTestObject("Objects.HoverToAnyMenuSelection/span_Common"), "text", "equals", MenuSelection, true): Modify property of object successfully

2020-06-26 08:06:52 - [MESSAGE][PASSED] - Modify property of object successfully

2020-06-26 08:06:52 - [TEST_STEP][PASSED] - mouseOver(modifiedSelection): Object: 'Object Repository/Objects.HoverToAnyMenuSelection/span_Common' is hovered

2020-06-26 08:06:52 - [MESSAGE][PASSED] - Object: 'Object Repository/Objects.HoverToAnyMenuSelection/span_Common' is hovered

2020-06-26 08:06:52 - [MESSAGE][PASSED] - Call Test Case 'Test Cases/Components/HoverToAnyMenuSelection' successfully

2020-06-26 08:06:52 - [TEST_STEP][PASSED] - callTestCase(findTestCase("Components/HoverToAnyMenuSelection"), ["MenuSelection":"Common"], STOP_ON_FAILURE): Call Test Case 'Test Cases/Components/HoverToAnyMenuSelection' successfully

2020-06-26 08:06:52 - [TEST_CASE][PASSED] - Test Cases/Components/HoverToAnyMenuSelection: Test Cases/Components/HoverToAnyMenuSelection

2020-06-26 08:06:52 - [TEST_STEP][PASSED] - Thread.sleep(1000): null

2020-06-26 08:06:53 - [TEST_STEP][PASSED] - modifiedSelection = modifyObjectProperty(findTestObject("Objects.HoverToAnyMenuSelection/span_Common"), "text", "equals", MenuSelection, true): Modify property of object successfully

2020-06-26 08:06:53 - [MESSAGE][PASSED] - Modify property of object successfully

2020-06-26 08:06:53 - [TEST_STEP][PASSED] - mouseOver(modifiedSelection): Object: 'Object Repository/Objects.HoverToAnyMenuSelection/span_Common' is hovered

2020-06-26 08:06:53 - [MESSAGE][PASSED] - Object: 'Object Repository/Objects.HoverToAnyMenuSelection/span_Common' is hovered

2020-06-26 08:06:53 - [MESSAGE][PASSED] - Call Test Case 'Test Cases/Components/HoverToAnyMenuSelection' successfully

2020-06-26 08:06:53 - [TEST_STEP][PASSED] - callTestCase(findTestCase("Components/HoverToAnyMenuSelection"), ["MenuSelection":"Maintenance"], STOP_ON_FAILURE): Call Test Case 'Test Cases/Components/HoverToAnyMenuSelection' successfully

2020-06-26 08:06:53 - [TEST_CASE][PASSED] - Test Cases/Components/HoverToAnyMenuSelection: Test Cases/Components/HoverToAnyMenuSelection

2020-06-26 08:06:53 - [TEST_STEP][PASSED] - Thread.sleep(1000): null

2020-06-26 08:06:54 - [TEST_STEP][PASSED] - modifiedSelection = modifyObjectProperty(findTestObject("Objects.HoverToAnyMenuSelection/span_Common"), "text", "equals", MenuSelection, true): Modify property of object successfully

2020-06-26 08:06:55 - [MESSAGE][PASSED] - Modify property of object successfully

2020-06-26 08:06:55 - [TEST_STEP][PASSED] - mouseOver(modifiedSelection): Object: 'Object Repository/Objects.HoverToAnyMenuSelection/span_Common' is hovered

2020-06-26 08:06:55 - [MESSAGE][PASSED] - Object: 'Object Repository/Objects.HoverToAnyMenuSelection/span_Common' is hovered

2020-06-26 08:06:55 - [MESSAGE][PASSED] - Call Test Case 'Test Cases/Components/HoverToAnyMenuSelection' successfully

2020-06-26 08:06:55 - [TEST_STEP][PASSED] - callTestCase(findTestCase("Components/HoverToAnyMenuSelection"), ["MenuSelection":"Maintain Application"], STOP_ON_FAILURE): Call Test Case 'Test Cases/Components/HoverToAnyMenuSelection' successfully

2020-06-26 08:06:55 - [TEST_CASE][PASSED] - Test Cases/Components/HoverToAnyMenuSelection: Test Cases/Components/HoverToAnyMenuSelection

2020-06-26 08:06:55 - [TEST_STEP][PASSED] - Thread.sleep(1000): null

2020-06-26 08:06:56 - [TEST_STEP][PASSED] - modifiedSelection = modifyObjectProperty(findTestObject("Objects.HoverToAnyMenuSelection/span_Common"), "text", "equals", MenuSelection, true): Modify property of object successfully

2020-06-26 08:06:56 - [MESSAGE][PASSED] - Modify property of object successfully

2020-06-26 08:06:56 - [TEST_STEP][PASSED] - mouseOver(modifiedSelection): Object: 'Object Repository/Objects.HoverToAnyMenuSelection/span_Common' is hovered

2020-06-26 08:06:56 - [MESSAGE][PASSED] - Object: 'Object Repository/Objects.HoverToAnyMenuSelection/span_Common' is hovered

2020-06-26 08:06:56 - [MESSAGE][PASSED] - Call Test Case 'Test Cases/Components/HoverToAnyMenuSelection' successfully

2020-06-26 08:06:56 - [TEST_STEP][PASSED] - callTestCase(findTestCase("Components/ClickLink"), ["LinkToModify":"Maintain Application"], STOP_ON_FAILURE): Call Test Case 'Test Cases/Components/ClickLink' successfully

2020-06-26 08:06:56 - [TEST_CASE][PASSED] - Test Cases/Components/ClickLink: Test Cases/Components/ClickLink

2020-06-26 08:06:57 - [TEST_STEP][PASSED] - Thread.sleep(1000): null

2020-06-26 08:06:58 - [TEST_STEP][PASSED] - modifiedLink = modifyObjectProperty(findTestObject("Objects.ClickLink/Page_ISPS2/LinkToModify"), "text", "equals", LinkToModify, true): Modify property of object successfully

2020-06-26 08:06:58 - [MESSAGE][PASSED] - Modify property of object successfully

2020-06-26 08:06:58 - [TEST_STEP][PASSED] - com.reusableComponents.HighlightElement.run(modifiedLink): com.reusableComponents.HighlightElement.run is PASSED

2020-06-26 08:06:59 - [MESSAGE][PASSED] - com.reusableComponents.HighlightElement.run is PASSED

2020-06-26 08:06:59 - [TEST_STEP][PASSED] - click(modifiedLink): Object: 'Object Repository/Objects.ClickLink/Page_ISPS2/LinkToModify' is clicked on

2020-06-26 08:07:01 - [MESSAGE][PASSED] - Object: 'Object Repository/Objects.ClickLink/Page_ISPS2/LinkToModify' is clicked on

2020-06-26 08:07:01 - [MESSAGE][PASSED] - Call Test Case 'Test Cases/Components/ClickLink' successfully

2020-06-26 08:07:01 - [TEST_STEP][PASSED] - callTestCase(findTestCase("Components/SetTextOnField"), ["tagToBeUsed":"input", "nameToBeUsed":"userModuleCmb", "textToBeInputted":"EBNS"], STOP_ON_FAILURE): Call Test Case 'Test Cases/Components/SetTextOnField' successfully

2020-06-26 08:07:01 - [TEST_CASE][PASSED] - Test Cases/Components/SetTextOnField: Test Cases/Components/SetTextOnField

2020-06-26 08:07:01 - [TEST_STEP][PASSED] - Thread.sleep(1000): null

2020-06-26 08:07:02 - [TEST_STEP][PASSED] - modifiedTagOfField = modifyObjectProperty(findTestObject("Objects.SetTextOnField/sampleField"), "tag", "equals", tagToBeUsed, false): Modify property of object successfully

2020-06-26 08:07:02 - [MESSAGE][PASSED] - Modify property of object successfully

2020-06-26 08:07:02 - [TEST_STEP][PASSED] - modifiedNameOfField = modifyObjectProperty(modifiedTagOfField, "name", "equals", nameToBeUsed, true): Modify property of object successfully

2020-06-26 08:07:02 - [MESSAGE][PASSED] - Modify property of object successfully

2020-06-26 08:07:02 - [TEST_STEP][PASSED] - com.reusableComponents.HighlightElement.run(modifiedNameOfField): com.reusableComponents.HighlightElement.run is PASSED

2020-06-26 08:07:03 - [MESSAGE][PASSED] - com.reusableComponents.HighlightElement.run is PASSED

2020-06-26 08:07:03 - [TEST_STEP][PASSED] - setText(modifiedNameOfField, textToBeInputted): Text 'EBNS' is set on object 'Object Repository/Objects.SetTextOnField/sampleField'

2020-06-26 08:07:04 - [MESSAGE][PASSED] - Text 'EBNS' is set on object 'Object Repository/Objects.SetTextOnField/sampleField'

2020-06-26 08:07:04 - [MESSAGE][PASSED] - Call Test Case 'Test Cases/Components/SetTextOnField' successfully

2020-06-26 08:07:04 - [TEST_STEP][PASSED] - callTestCase(findTestCase("Components/SendEnterKey"), ["tagToBeUsed":"input", "nameToBeUsed":"userModuleCmb"], STOP_ON_FAILURE): Call Test Case 'Test Cases/Components/SendEnterKey' successfully

2020-06-26 08:07:04 - [TEST_CASE][PASSED] - Test Cases/Components/SendEnterKey: Test Cases/Components/SendEnterKey

2020-06-26 08:07:04 - [TEST_STEP][PASSED] - Thread.sleep(1000): null

2020-06-26 08:07:05 - [TEST_STEP][PASSED] - firstModification = modifyObjectProperty(findTestObject("SendKey/object"), "tag", "equals", tagToBeUsed, false): Modify property of object successfully

2020-06-26 08:07:05 - [MESSAGE][PASSED] - Modify property of object successfully

2020-06-26 08:07:05 - [TEST_STEP][PASSED] - secondModification = modifyObjectProperty(firstModification, "name", "equals", nameToBeUsed, true): Modify property of object successfully

2020-06-26 08:07:05 - [MESSAGE][PASSED] - Modify property of object successfully

2020-06-26 08:07:05 - [TEST_STEP][PASSED] - sendKeys(secondModification, Keys.chord(ENTER)): Keys 'ENTER + ' sent to object: 'Object Repository/SendKey/object'

2020-06-26 08:07:05 - [MESSAGE][PASSED] - Keys 'ENTER + ' sent to object: 'Object Repository/SendKey/object'

2020-06-26 08:07:05 - [MESSAGE][PASSED] - Call Test Case 'Test Cases/Components/SendEnterKey' successfully

2020-06-26 08:07:05 - [TEST_STEP][PASSED] - callTestCase(findTestCase("Components/ClickBlueButtonsWithXPI"), ["Button":"Search", "Index":"3"], STOP_ON_FAILURE): Call Test Case 'Test Cases/Components/ClickBlueButtonsWithXPI' successfully

2020-06-26 08:07:05 - [TEST_CASE][PASSED] - Test Cases/Components/ClickBlueButtonsWithXPI: Test Cases/Components/ClickBlueButtonsWithXPI

2020-06-26 08:07:06 - [TEST_STEP][PASSED] - Thread.sleep(1000): null

2020-06-26 08:07:07 - [TEST_STEP][PASSED] - complexlyModifiedButtonGG = modifyObjectProperty(findTestObject("Objects.ClickBlueButtonsWithXPI/span_Reset"), "xPath", "equals", "(//*[text()="" + Button + ""])[" + Index + "]", true): Modify property of object successfully

2020-06-26 08:07:07 - [MESSAGE][PASSED] - Modify property of object successfully

2020-06-26 08:07:07 - [TEST_STEP][PASSED] - click(complexlyModifiedButtonGG): Object: 'Object Repository/Objects.ClickBlueButtonsWithXPI/span_Reset' is clicked on

2020-06-26 08:07:07 - [MESSAGE][PASSED] - Object: 'Object Repository/Objects.ClickBlueButtonsWithXPI/span_Reset' is clicked on

2020-06-26 08:07:07 - [MESSAGE][PASSED] - Call Test Case 'Test Cases/Components/ClickBlueButtonsWithXPI' successfully

2020-06-26 08:07:07 - [TEST_STEP][PASSED] - callTestCase(findTestCase("Components/ManipulateCaseDurationConfig"), ["caseDuration":"2", "moduleName":"EBNS", "caseTypeCode":"SMB"], STOP_ON_FAILURE): Call Test Case 'Test Cases/Components/ManipulateCaseDurationConfig' successfully

2020-06-26 08:07:07 - [TEST_CASE][PASSED] - Test Cases/Components/ManipulateCaseDurationConfig: Test Cases/Components/ManipulateCaseDurationConfig

2020-06-26 08:07:08 - [TEST_STEP][PASSED] - Thread.sleep(1000): null

2020-06-26 08:07:09 - [TEST_STEP][PASSED] - waitForPageLoad(120): Wait for page load successfully

2020-06-26 08:07:09 - [MESSAGE][PASSED] - Wait for page load successfully

2020-06-26 08:07:09 - [TEST_STEP][PASSED] - verifyElementText(findTestObject("Objects.ManipulateCaseDurationConfig/moduleName"), moduleName): Actual text and expected text of test object 'Object Repository/Objects.ManipulateCaseDurationConfig/moduleName' are matched.

2020-06-26 08:07:09 - [MESSAGE][PASSED] - Actual text and expected text of test object 'Object Repository/Objects.ManipulateCaseDurationConfig/moduleName' are matched.

2020-06-26 08:07:09 - [TEST_STEP][PASSED] - verifyElementText(findTestObject("Objects.ManipulateCaseDurationConfig/caseTypeCode"), caseTypeCode): Actual text and expected text of test object 'Object Repository/Objects.ManipulateCaseDurationConfig/caseTypeCode' are matched.

2020-06-26 08:07:09 - [MESSAGE][PASSED] - Actual text and expected text of test object 'Object Repository/Objects.ManipulateCaseDurationConfig/caseTypeCode' are matched.

2020-06-26 08:07:09 - [TEST_STEP][PASSED] - click(findTestObject("Objects.ManipulateCaseDurationConfig/editCaseDurationButton")): Object: 'Object Repository/Objects.ManipulateCaseDurationConfig/editCaseDurationButton' is clicked on

2020-06-26 08:07:09 - [MESSAGE][PASSED] - Object: 'Object Repository/Objects.ManipulateCaseDurationConfig/editCaseDurationButton' is clicked on

2020-06-26 08:07:09 - [TEST_STEP][PASSED] - doubleClick(findTestObject("Objects.ManipulateCaseDurationConfig/caseConfig")): Object: 'Object Repository/Objects.ManipulateCaseDurationConfig/caseConfig' is double clicked on

2020-06-26 08:07:10 - [MESSAGE][PASSED] - Object: 'Object Repository/Objects.ManipulateCaseDurationConfig/caseConfig' is double clicked on

2020-06-26 08:07:10 - [TEST_STEP][PASSED] - setText(findTestObject("Objects.ManipulateCaseDurationConfig/durationField"), caseDuration): Text '2' is set on object 'Object Repository/Objects.ManipulateCaseDurationConfig/durationField'

2020-06-26 08:07:10 - [MESSAGE][PASSED] - Text '2' is set on object 'Object Repository/Objects.ManipulateCaseDurationConfig/durationField'

2020-06-26 08:07:10 - [TEST_STEP][PASSED] - caseConfigDuration = caseDuration: null

2020-06-26 08:07:13 - [TEST_STEP][PASSED] - sendKeys(findTestObject("Objects.ManipulateCaseDurationConfig/durationField"), Keys.chord(ENTER)): Keys 'ENTER + ' sent to object: 'Object Repository/Objects.ManipulateCaseDurationConfig/durationField'

2020-06-26 08:07:13 - [MESSAGE][PASSED] - Keys 'ENTER + ' sent to object: 'Object Repository/Objects.ManipulateCaseDurationConfig/durationField'

2020-06-26 08:07:13 - [MESSAGE][PASSED] - Call Test Case 'Test Cases/Components/ManipulateCaseDurationConfig' successfully

2020-06-26 08:07:13 - [TEST_STEP][PASSED] - callTestCase(findTestCase("Components/ClickBlueButtonsWithXPI"), ["Button":"Save", "Index":"2"], STOP_ON_FAILURE): Call Test Case 'Test Cases/Components/ClickBlueButtonsWithXPI' successfully

2020-06-26 08:07:13 - [TEST_CASE][PASSED] - Test Cases/Components/ClickBlueButtonsWithXPI: Test Cases/Components/ClickBlueButtonsWithXPI

2020-06-26 08:07:13 - [TEST_STEP][PASSED] - Thread.sleep(1000): null

2020-06-26 08:07:14 - [TEST_STEP][PASSED] - complexlyModifiedButtonGG = modifyObjectProperty(findTestObject("Objects.ClickBlueButtonsWithXPI/span_Reset"), "xPath", "equals", "(//*[text()="" + Button + ""])[" + Index + "]", true): Modify property of object successfully

2020-06-26 08:07:14 - [MESSAGE][PASSED] - Modify property of object successfully

2020-06-26 08:07:14 - [TEST_STEP][PASSED] - click(complexlyModifiedButtonGG): Object: 'Object Repository/Objects.ClickBlueButtonsWithXPI/span_Reset' is clicked on

2020-06-26 08:07:14 - [MESSAGE][PASSED] - Object: 'Object Repository/Objects.ClickBlueButtonsWithXPI/span_Reset' is clicked on

2020-06-26 08:07:14 - [MESSAGE][PASSED] - Call Test Case 'Test Cases/Components/ClickBlueButtonsWithXPI' successfully

2020-06-26 08:07:14 - [TEST_STEP][PASSED] - callTestCase(findTestCase("Components/OpenHomepageMenu"), [:], STOP_ON_FAILURE): Call Test Case 'Test Cases/Components/OpenHomepageMenu' successfully

2020-06-26 08:07:14 - [TEST_CASE][PASSED] - Test Cases/Components/OpenHomepageMenu: Test Cases/Components/OpenHomepageMenu

2020-06-26 08:07:14 - [TEST_STEP][PASSED] - Thread.sleep(1000): null

2020-06-26 08:07:15 - [TEST_STEP][PASSED] - verifyTextPresent("Loading search result. Please wait...", false, OPTIONAL): Text 'Loading search result. Please wait...' is not present on page  (Root cause: com.kms.katalon.core.exception.StepFailedException: Text 'Loading search result. Please wait...' is not present on page 
	at com.kms.katalon.core.webui.keyword.internal.WebUIKeywordMain.stepFailed(WebUIKeywordMain.groovy:64)
	at com.kms.katalon.core.webui.keyword.builtin.VerifyTextPresentKeyword$_verifyTextPresent_closure1.doCall(VerifyTextPresentKeyword.groovy:79)
	at com.kms.katalon.core.webui.keyword.builtin.VerifyTextPresentKeyword$_verifyTextPresent_closure1.call(VerifyTextPresentKeyword.groovy)
	at com.kms.katalon.core.webui.keyword.internal.WebUIKeywordMain.runKeyword(WebUIKeywordMain.groovy:20)
	at com.kms.katalon.core.webui.keyword.builtin.VerifyTextPresentKeyword.verifyTextPresent(VerifyTextPresentKeyword.groovy:83)
	at com.kms.katalon.core.webui.keyword.builtin.VerifyTextPresentKeyword.execute(VerifyTextPresentKeyword.groovy:68)
	at com.kms.katalon.core.keyword.internal.KeywordExecutor.executeKeywordForPlatform(KeywordExecutor.groovy:72)
	at com.kms.katalon.core.webui.keyword.WebUiBuiltInKeywords.verifyTextPresent(WebUiBuiltInKeywords.groovy:1677)
	at com.kms.katalon.core.webui.keyword.WebUiBuiltInKeywords$verifyTextPresent$7.call(Unknown Source)
	at OpenHomepageMenu.run(OpenHomepageMenu:18)
	at com.kms.katalon.core.main.ScriptEngine.run(ScriptEngine.java:194)
	at com.kms.katalon.core.main.ScriptEngine.runScriptAsRawText(ScriptEngine.java:119)
	at com.kms.katalon.core.main.TestCaseExecutor.runScript(TestCaseExecutor.java:337)
	at com.kms.katalon.core.main.TestCaseExecutor.doExecute(TestCaseExecutor.java:328)
	at com.kms.katalon.core.main.TestCaseExecutor.processExecutionPhase(TestCaseExecutor.java:307)
	at com.kms.katalon.core.main.TestCaseExecutor.accessMainPhase(TestCaseExecutor.java:299)
	at com.kms.katalon.core.main.TestCaseExecutor.execute(TestCaseExecutor.java:233)
	at com.kms.katalon.core.main.TestCaseMain.runTestCase(TestCaseMain.java:114)
	at com.kms.katalon.core.keyword.builtin.CallTestCaseKeyword$_callTestCase_closure1.doCall(CallTestCaseKeyword.groovy:59)
	at com.kms.katalon.core.keyword.builtin.CallTestCaseKeyword$_callTestCase_closure1.call(CallTestCaseKeyword.groovy)
	at com.kms.katalon.core.keyword.internal.KeywordMain.runKeyword(KeywordMain.groovy:68)
	at com.kms.katalon.core.keyword.builtin.CallTestCaseKeyword.callTestCase(CallTestCaseKeyword.groovy:81)
	at com.kms.katalon.core.keyword.builtin.CallTestCaseKeyword.execute(CallTestCaseKeyword.groovy:44)
	at com.kms.katalon.core.keyword.internal.KeywordExecutor.executeKeywordForPlatform(KeywordExecutor.groovy:72)
	at com.kms.katalon.core.keyword.BuiltinKeywords.callTestCase(BuiltinKeywords.groovy:334)
	at BCAISPS-14777.TCID001.run(BCAISPS-14777.TCID001:64)
	at com.kms.katalon.core.main.ScriptEngine.run(ScriptEngine.java:194)
	at com.kms.katalon.core.main.ScriptEngine.runScriptAsRawText(ScriptEngine.java:119)
	at com.kms.katalon.core.main.TestCaseExecutor.runScript(TestCaseExecutor.java:337)
	at com.kms.katalon.core.main.TestCaseExecutor.doExecute(TestCaseExecutor.java:328)
	at com.kms.katalon.core.main.TestCaseExecutor.processExecutionPhase(TestCaseExecutor.java:307)
	at com.kms.katalon.core.main.TestCaseExecutor.accessMainPhase(TestCaseExecutor.java:299)
	at com.kms.katalon.core.main.TestCaseExecutor.execute(TestCaseExecutor.java:233)
	at com.kms.katalon.core.main.TestSuiteExecutor.accessTestCaseMainPhase(TestSuiteExecutor.java:169)
	at com.kms.katalon.core.main.TestSuiteExecutor.accessTestSuiteMainPhase(TestSuiteExecutor.java:142)
	at com.kms.katalon.core.main.TestSuiteExecutor.execute(TestSuiteExecutor.java:91)
	at com.kms.katalon.core.main.TestCaseMain.startTestSuite(TestCaseMain.java:157)
	at com.kms.katalon.core.main.TestCaseMain$startTestSuite$0.call(Unknown Source)
	at TempTestSuite1593129971513.run(TempTestSuite1593129971513.groovy:36)
)

2020-06-26 08:07:16 - [MESSAGE][WARNING] - Text 'Loading search result. Please wait...' is not present on page  (Root cause: com.kms.katalon.core.exception.StepFailedException: Text 'Loading search result. Please wait...' is not present on page 
	at com.kms.katalon.core.webui.keyword.internal.WebUIKeywordMain.stepFailed(WebUIKeywordMain.groovy:64)
	at com.kms.katalon.core.webui.keyword.builtin.VerifyTextPresentKeyword$_verifyTextPresent_closure1.doCall(VerifyTextPresentKeyword.groovy:79)
	at com.kms.katalon.core.webui.keyword.builtin.VerifyTextPresentKeyword$_verifyTextPresent_closure1.call(VerifyTextPresentKeyword.groovy)
	at com.kms.katalon.core.webui.keyword.internal.WebUIKeywordMain.runKeyword(WebUIKeywordMain.groovy:20)
	at com.kms.katalon.core.webui.keyword.builtin.VerifyTextPresentKeyword.verifyTextPresent(VerifyTextPresentKeyword.groovy:83)
	at com.kms.katalon.core.webui.keyword.builtin.VerifyTextPresentKeyword.execute(VerifyTextPresentKeyword.groovy:68)
	at com.kms.katalon.core.keyword.internal.KeywordExecutor.executeKeywordForPlatform(KeywordExecutor.groovy:72)
	at com.kms.katalon.core.webui.keyword.WebUiBuiltInKeywords.verifyTextPresent(WebUiBuiltInKeywords.groovy:1677)
	at com.kms.katalon.core.webui.keyword.WebUiBuiltInKeywords$verifyTextPresent$7.call(Unknown Source)
	at OpenHomepageMenu.run(OpenHomepageMenu:18)
	at com.kms.katalon.core.main.ScriptEngine.run(ScriptEngine.java:194)
	at com.kms.katalon.core.main.ScriptEngine.runScriptAsRawText(ScriptEngine.java:119)
	at com.kms.katalon.core.main.TestCaseExecutor.runScript(TestCaseExecutor.java:337)
	at com.kms.katalon.core.main.TestCaseExecutor.doExecute(TestCaseExecutor.java:328)
	at com.kms.katalon.core.main.TestCaseExecutor.processExecutionPhase(TestCaseExecutor.java:307)
	at com.kms.katalon.core.main.TestCaseExecutor.accessMainPhase(TestCaseExecutor.java:299)
	at com.kms.katalon.core.main.TestCaseExecutor.execute(TestCaseExecutor.java:233)
	at com.kms.katalon.core.main.TestCaseMain.runTestCase(TestCaseMain.java:114)
	at com.kms.katalon.core.keyword.builtin.CallTestCaseKeyword$_callTestCase_closure1.doCall(CallTestCaseKeyword.groovy:59)
	at com.kms.katalon.core.keyword.builtin.CallTestCaseKeyword$_callTestCase_closure1.call(CallTestCaseKeyword.groovy)
	at com.kms.katalon.core.keyword.internal.KeywordMain.runKeyword(KeywordMain.groovy:68)
	at com.kms.katalon.core.keyword.builtin.CallTestCaseKeyword.callTestCase(CallTestCaseKeyword.groovy:81)
	at com.kms.katalon.core.keyword.builtin.CallTestCaseKeyword.execute(CallTestCaseKeyword.groovy:44)
	at com.kms.katalon.core.keyword.internal.KeywordExecutor.executeKeywordForPlatform(KeywordExecutor.groovy:72)
	at com.kms.katalon.core.keyword.BuiltinKeywords.callTestCase(BuiltinKeywords.groovy:334)
	at BCAISPS-14777.TCID001.run(BCAISPS-14777.TCID001:64)
	at com.kms.katalon.core.main.ScriptEngine.run(ScriptEngine.java:194)
	at com.kms.katalon.core.main.ScriptEngine.runScriptAsRawText(ScriptEngine.java:119)
	at com.kms.katalon.core.main.TestCaseExecutor.runScript(TestCaseExecutor.java:337)
	at com.kms.katalon.core.main.TestCaseExecutor.doExecute(TestCaseExecutor.java:328)
	at com.kms.katalon.core.main.TestCaseExecutor.processExecutionPhase(TestCaseExecutor.java:307)
	at com.kms.katalon.core.main.TestCaseExecutor.accessMainPhase(TestCaseExecutor.java:299)
	at com.kms.katalon.core.main.TestCaseExecutor.execute(TestCaseExecutor.java:233)
	at com.kms.katalon.core.main.TestSuiteExecutor.accessTestCaseMainPhase(TestSuiteExecutor.java:169)
	at com.kms.katalon.core.main.TestSuiteExecutor.accessTestSuiteMainPhase(TestSuiteExecutor.java:142)
	at com.kms.katalon.core.main.TestSuiteExecutor.execute(TestSuiteExecutor.java:91)
	at com.kms.katalon.core.main.TestCaseMain.startTestSuite(TestCaseMain.java:157)
	at com.kms.katalon.core.main.TestCaseMain$startTestSuite$0.call(Unknown Source)
	at TempTestSuite1593129971513.run(TempTestSuite1593129971513.groovy:36)
)

2020-06-26 08:07:16 - [TEST_STEP][PASSED] - waitForElementNotPresent(findTestObject("Objects.OpenHomepageMenu/XP_LoadingPopUp"), 120, OPTIONAL): Web element with id: 'Object Repository/Objects.OpenHomepageMenu/XP_LoadingPopUp' located by 'By.xpath: //div[@class = 'x-mask-msg-text' and (text() = 'Loading search result. Please wait...' or . = 'Loading search result. Please wait...')]' is not present after '120' second(s)

2020-06-26 08:07:16 - [MESSAGE][PASSED] - Web element with id: 'Object Repository/Objects.OpenHomepageMenu/XP_LoadingPopUp' located by 'By.xpath: //div[@class = 'x-mask-msg-text' and (text() = 'Loading search result. Please wait...' or . = 'Loading search result. Please wait...')]' is not present after '120' second(s)

2020-06-26 08:07:16 - [TEST_STEP][PASSED] - verifyElementVisible(findTestObject("Objects.OpenHomepageMenu/div_ISPS2-PROD-Verify_component-1013")): Object 'Object Repository/Objects.OpenHomepageMenu/div_ISPS2-PROD-Verify_component-1013' is visible

2020-06-26 08:07:16 - [MESSAGE][PASSED] - Object 'Object Repository/Objects.OpenHomepageMenu/div_ISPS2-PROD-Verify_component-1013' is visible

2020-06-26 08:07:16 - [TEST_STEP][PASSED] - click(findTestObject("Objects.OpenHomepageMenu/div_ISPS2-PROD-Verify_component-1013")): Object: 'Object Repository/Objects.OpenHomepageMenu/div_ISPS2-PROD-Verify_component-1013' is clicked on

2020-06-26 08:07:16 - [MESSAGE][PASSED] - Object: 'Object Repository/Objects.OpenHomepageMenu/div_ISPS2-PROD-Verify_component-1013' is clicked on

2020-06-26 08:07:16 - [MESSAGE][PASSED] - Call Test Case 'Test Cases/Components/OpenHomepageMenu' successfully

2020-06-26 08:07:16 - [TEST_STEP][PASSED] - callTestCase(findTestCase("Components/HoverToAnyMenuSelection"), ["MenuSelection":"Desktop"], STOP_ON_FAILURE): Call Test Case 'Test Cases/Components/HoverToAnyMenuSelection' successfully

2020-06-26 08:07:17 - [TEST_CASE][PASSED] - Test Cases/Components/HoverToAnyMenuSelection: Test Cases/Components/HoverToAnyMenuSelection

2020-06-26 08:07:17 - [TEST_STEP][PASSED] - Thread.sleep(1000): null

2020-06-26 08:07:18 - [TEST_STEP][PASSED] - modifiedSelection = modifyObjectProperty(findTestObject("Objects.HoverToAnyMenuSelection/span_Common"), "text", "equals", MenuSelection, true): Modify property of object successfully

2020-06-26 08:07:18 - [MESSAGE][PASSED] - Modify property of object successfully

2020-06-26 08:07:18 - [TEST_STEP][PASSED] - mouseOver(modifiedSelection): Object: 'Object Repository/Objects.HoverToAnyMenuSelection/span_Common' is hovered

2020-06-26 08:07:18 - [MESSAGE][PASSED] - Object: 'Object Repository/Objects.HoverToAnyMenuSelection/span_Common' is hovered

2020-06-26 08:07:18 - [MESSAGE][PASSED] - Call Test Case 'Test Cases/Components/HoverToAnyMenuSelection' successfully

2020-06-26 08:07:18 - [TEST_STEP][PASSED] - callTestCase(findTestCase("Components/ClickLink"), ["LinkToModify":"My Tasks"], STOP_ON_FAILURE): Call Test Case 'Test Cases/Components/ClickLink' successfully

2020-06-26 08:07:18 - [TEST_CASE][PASSED] - Test Cases/Components/ClickLink: Test Cases/Components/ClickLink

2020-06-26 08:07:18 - [TEST_STEP][PASSED] - Thread.sleep(1000): null

2020-06-26 08:07:19 - [TEST_STEP][PASSED] - modifiedLink = modifyObjectProperty(findTestObject("Objects.ClickLink/Page_ISPS2/LinkToModify"), "text", "equals", LinkToModify, true): Modify property of object successfully

2020-06-26 08:07:19 - [MESSAGE][PASSED] - Modify property of object successfully

2020-06-26 08:07:19 - [TEST_STEP][PASSED] - com.reusableComponents.HighlightElement.run(modifiedLink): com.reusableComponents.HighlightElement.run is PASSED

2020-06-26 08:07:21 - [MESSAGE][PASSED] - com.reusableComponents.HighlightElement.run is PASSED

2020-06-26 08:07:21 - [TEST_STEP][PASSED] - click(modifiedLink): Object: 'Object Repository/Objects.ClickLink/Page_ISPS2/LinkToModify' is clicked on

2020-06-26 08:07:21 - [MESSAGE][PASSED] - Object: 'Object Repository/Objects.ClickLink/Page_ISPS2/LinkToModify' is clicked on

2020-06-26 08:07:21 - [MESSAGE][PASSED] - Call Test Case 'Test Cases/Components/ClickLink' successfully

2020-06-26 08:07:21 - [TEST_STEP][PASSED] - callTestCase(findTestCase("Components/Filter"), ["taskDescription":"Recommendation and Decision (SMB)"], STOP_ON_FAILURE): Call Test Case 'Test Cases/Components/Filter' successfully

2020-06-26 08:07:21 - [TEST_CASE][PASSED] - Test Cases/Components/Filter: Test Cases/Components/Filter

2020-06-26 08:07:22 - [TEST_STEP][PASSED] - Thread.sleep(5000): null

2020-06-26 08:07:27 - [TEST_STEP][PASSED] - waitForPageLoad(180): Wait for page load successfully

2020-06-26 08:07:27 - [MESSAGE][PASSED] - Wait for page load successfully

2020-06-26 08:07:27 - [TEST_STEP][PASSED] - waitForElementNotPresent(findTestObject("Objects.Filter/Page_ISPS2/div_Loading search result Please wait"), 180): Web element with id: 'Object Repository/Objects.Filter/Page_ISPS2/div_Loading search result Please wait' located by 'By.xpath: //div[@class = 'x-mask-msg-text' and (text() = 'Loading search result. Please wait...' or . = 'Loading search result. Please wait...')]' is not present after '180' second(s)

2020-06-26 08:07:27 - [MESSAGE][PASSED] - Web element with id: 'Object Repository/Objects.Filter/Page_ISPS2/div_Loading search result Please wait' located by 'By.xpath: //div[@class = 'x-mask-msg-text' and (text() = 'Loading search result. Please wait...' or . = 'Loading search result. Please wait...')]' is not present after '180' second(s)

2020-06-26 08:07:27 - [TEST_STEP][PASSED] - click(findTestObject("Objects.Filter/Page_ISPS2/XP.Embutidooo")): Object: 'Object Repository/Objects.Filter/Page_ISPS2/XP.Embutidooo' is clicked on

2020-06-26 08:07:27 - [MESSAGE][PASSED] - Object: 'Object Repository/Objects.Filter/Page_ISPS2/XP.Embutidooo' is clicked on

2020-06-26 08:07:27 - [TEST_STEP][PASSED] - com.reusableComponents.HighlightElement.run(findTestObject("Objects.Filter/Page_ISPS2/span_Reset")): com.reusableComponents.HighlightElement.run is PASSED

2020-06-26 08:07:28 - [MESSAGE][PASSED] - com.reusableComponents.HighlightElement.run is PASSED

2020-06-26 08:07:28 - [TEST_STEP][PASSED] - click(findTestObject("Objects.Filter/Page_ISPS2/span_Reset")): Object: 'Object Repository/Objects.Filter/Page_ISPS2/span_Reset' is clicked on

2020-06-26 08:07:28 - [MESSAGE][PASSED] - Object: 'Object Repository/Objects.Filter/Page_ISPS2/span_Reset' is clicked on

2020-06-26 08:07:28 - [TEST_STEP][PASSED] - com.reusableComponents.HighlightElement.run(findTestObject("Objects.Filter/Page_ISPS2/TextBoxTaskDescription")): com.reusableComponents.HighlightElement.run is PASSED

2020-06-26 08:07:29 - [MESSAGE][PASSED] - com.reusableComponents.HighlightElement.run is PASSED

2020-06-26 08:07:29 - [TEST_STEP][PASSED] - setText(findTestObject("Objects.Filter/Page_ISPS2/TextBoxTaskDescription"), taskDescription): Text 'Recommendation and Decision (SMB)' is set on object 'Object Repository/Objects.Filter/Page_ISPS2/TextBoxTaskDescription'

2020-06-26 08:07:30 - [MESSAGE][PASSED] - Text 'Recommendation and Decision (SMB)' is set on object 'Object Repository/Objects.Filter/Page_ISPS2/TextBoxTaskDescription'

2020-06-26 08:07:30 - [TEST_STEP][PASSED] - caseType = taskDescription: null

2020-06-26 08:07:30 - [TEST_STEP][PASSED] - sendKeys(findTestObject("Objects.Filter/Page_ISPS2/TextBoxTaskDescription"), Keys.chord(ENTER)): Keys 'ENTER + ' sent to object: 'Object Repository/Objects.Filter/Page_ISPS2/TextBoxTaskDescription'

2020-06-26 08:07:30 - [MESSAGE][PASSED] - Keys 'ENTER + ' sent to object: 'Object Repository/Objects.Filter/Page_ISPS2/TextBoxTaskDescription'

2020-06-26 08:07:30 - [TEST_STEP][PASSED] - com.reusableComponents.HighlightElement.run(findTestObject("Objects.Filter/Page_ISPS2/span_Search")): com.reusableComponents.HighlightElement.run is PASSED

2020-06-26 08:07:32 - [MESSAGE][PASSED] - com.reusableComponents.HighlightElement.run is PASSED

2020-06-26 08:07:32 - [TEST_STEP][PASSED] - click(findTestObject("Objects.Filter/Page_ISPS2/span_Search")): Object: 'Object Repository/Objects.Filter/Page_ISPS2/span_Search' is clicked on

2020-06-26 08:07:32 - [MESSAGE][PASSED] - Object: 'Object Repository/Objects.Filter/Page_ISPS2/span_Search' is clicked on

2020-06-26 08:07:32 - [TEST_STEP][NOT_RUN] - verifyTextPresent("Loading search result. Please wait...", false): NOT_RUN: verifyTextPresent("Loading search result. Please wait...", false)

2020-06-26 08:07:32 - [MESSAGE][NOT_RUN] - NOT_RUN: verifyTextPresent("Loading search result. Please wait...", false)

2020-06-26 08:07:32 - [TEST_STEP][NOT_RUN] - waitForElementNotPresent(findTestObject("Objects.Filter/Page_ISPS2/div_Loading search result Please wait"), 120): NOT_RUN: waitForElementNotPresent(findTestObject("Objects.Filter/Page_ISPS2/div_Loading search result Please wait"), 120)

2020-06-26 08:07:32 - [MESSAGE][NOT_RUN] - NOT_RUN: waitForElementNotPresent(findTestObject("Objects.Filter/Page_ISPS2/div_Loading search result Please wait"), 120)

2020-06-26 08:07:32 - [TEST_STEP][PASSED] - Thread.sleep(5000): null

2020-06-26 08:07:37 - [MESSAGE][PASSED] - Call Test Case 'Test Cases/Components/Filter' successfully

2020-06-26 08:07:37 - [TEST_STEP][PASSED] - callTestCase(findTestCase("Components/SelectItemFromFilteredTasks"), ["Index":"1", "extractedCaseTypeFromGV":caseType], STOP_ON_FAILURE): Call Test Case 'Test Cases/Components/SelectItemFromFilteredTasks' successfully

2020-06-26 08:07:37 - [TEST_CASE][PASSED] - Test Cases/Components/SelectItemFromFilteredTasks: Test Cases/Components/SelectItemFromFilteredTasks

2020-06-26 08:07:37 - [TEST_STEP][PASSED] - Thread.sleep(2000): null

2020-06-26 08:07:39 - [TEST_STEP][PASSED] - waitForPageLoad(180): Wait for page load successfully

2020-06-26 08:07:39 - [MESSAGE][PASSED] - Wait for page load successfully

2020-06-26 08:07:39 - [TEST_STEP][PASSED] - modifiedTaskDescription = modifyObjectProperty(findTestObject("Objects.SelectItemFromFilteredTasks/Page_ISPS2/a_caseType"), "xPath", "equals", "(//a[text()="" + extractedCaseTypeFromGV + ""])[" + Index + "]", true): Modify property of object successfully

2020-06-26 08:07:39 - [MESSAGE][PASSED] - Modify property of object successfully

2020-06-26 08:07:39 - [TEST_STEP][PASSED] - Index = Index: null

2020-06-26 08:07:39 - [TEST_STEP][PASSED] - com.reusableComponents.HighlightElement.run(modifiedTaskDescription): com.reusableComponents.HighlightElement.run is PASSED

2020-06-26 08:07:40 - [MESSAGE][PASSED] - com.reusableComponents.HighlightElement.run is PASSED

2020-06-26 08:07:40 - [TEST_STEP][PASSED] - click(modifiedTaskDescription): Object: 'Object Repository/Objects.SelectItemFromFilteredTasks/Page_ISPS2/a_caseType' is clicked on

2020-06-26 08:07:41 - [MESSAGE][PASSED] - Object: 'Object Repository/Objects.SelectItemFromFilteredTasks/Page_ISPS2/a_caseType' is clicked on

2020-06-26 08:07:41 - [TEST_STEP][PASSED] - Thread.sleep(2000): null

2020-06-26 08:07:43 - [MESSAGE][PASSED] - Call Test Case 'Test Cases/Components/SelectItemFromFilteredTasks' successfully

2020-06-26 08:07:43 - [TEST_STEP][PASSED] - callTestCase(findTestCase("Components/NavigateToAnyLHS"), ["LHS":"Recommend"], STOP_ON_FAILURE): Call Test Case 'Test Cases/Components/NavigateToAnyLHS' successfully

2020-06-26 08:07:43 - [TEST_CASE][PASSED] - Test Cases/Components/NavigateToAnyLHS: Test Cases/Components/NavigateToAnyLHS

2020-06-26 08:07:43 - [TEST_STEP][PASSED] - Thread.sleep(1000): null

2020-06-26 08:07:44 - [TEST_STEP][PASSED] - modifiedLHS = modifyObjectProperty(findTestObject("Objects.NavigateToAnyLHS/Page_ISPS2/LHSToModify"), "text", "equals", LHS, true): Modify property of object successfully

2020-06-26 08:07:44 - [MESSAGE][PASSED] - Modify property of object successfully

2020-06-26 08:07:44 - [TEST_STEP][PASSED] - click(modifiedLHS): Object: 'Object Repository/Objects.NavigateToAnyLHS/Page_ISPS2/LHSToModify' is clicked on

2020-06-26 08:07:49 - [MESSAGE][PASSED] - Object: 'Object Repository/Objects.NavigateToAnyLHS/Page_ISPS2/LHSToModify' is clicked on

2020-06-26 08:07:49 - [TEST_STEP][PASSED] - currentLHS = getText(modifiedLHS): Text of object 'Object Repository/Objects.NavigateToAnyLHS/Page_ISPS2/LHSToModify' is: 'Recommend'

2020-06-26 08:07:49 - [MESSAGE][PASSED] - Text of object 'Object Repository/Objects.NavigateToAnyLHS/Page_ISPS2/LHSToModify' is: 'Recommend'

2020-06-26 08:07:49 - [TEST_STEP][PASSED] - Thread.sleep(5000): null

2020-06-26 08:07:54 - [MESSAGE][PASSED] - Call Test Case 'Test Cases/Components/NavigateToAnyLHS' successfully

2020-06-26 08:07:54 - [TEST_STEP][PASSED] - callTestCase(findTestCase("Components/GetCaseRefNo"), ["caseRefNo":caseRefNo], STOP_ON_FAILURE): Call Test Case 'Test Cases/Components/GetCaseRefNo' successfully

2020-06-26 08:07:54 - [TEST_CASE][PASSED] - Test Cases/Components/GetCaseRefNo: Test Cases/Components/GetCaseRefNo

2020-06-26 08:07:54 - [TEST_STEP][PASSED] - Thread.sleep(3000): null

2020-06-26 08:07:57 - [TEST_STEP][PASSED] - splitString = getText(findTestObject("Objects.GetCaseRefNo/Page_ISPS2/div_deets")): Text of object 'Object Repository/Objects.GetCaseRefNo/Page_ISPS2/div_deets' is: '(Case Ref. No.: SMB 2020/06/0003 | Submission No.: ES20200625-13482)'

2020-06-26 08:07:57 - [MESSAGE][PASSED] - Text of object 'Object Repository/Objects.GetCaseRefNo/Page_ISPS2/div_deets' is: '(Case Ref. No.: SMB 2020/06/0003 | Submission No.: ES20200625-13482)'

2020-06-26 08:07:57 - [TEST_STEP][PASSED] - parsedString = splitString.split(":")[1]: null

2020-06-26 08:07:57 - [TEST_STEP][PASSED] - str = parsedString.replaceAll(" ", "&"): null

2020-06-26 08:07:57 - [TEST_STEP][PASSED] - str2 = str.split("&")[1]: null

2020-06-26 08:07:57 - [TEST_STEP][PASSED] - CRN = str2: null

2020-06-26 08:07:57 - [TEST_STEP][NOT_RUN] - setText(findTestObject("Objects.GetCaseRefNo/Page_ISPS2/Page_ISPS2/input_uni"), str2): NOT_RUN: setText(findTestObject("Objects.GetCaseRefNo/Page_ISPS2/Page_ISPS2/input_uni"), str2)

2020-06-26 08:07:57 - [MESSAGE][NOT_RUN] - NOT_RUN: setText(findTestObject("Objects.GetCaseRefNo/Page_ISPS2/Page_ISPS2/input_uni"), str2)

2020-06-26 08:07:57 - [MESSAGE][PASSED] - Call Test Case 'Test Cases/Components/GetCaseRefNo' successfully

2020-06-26 08:07:57 - [TEST_STEP][PASSED] - callTestCase(findTestCase("Components/SetTextOnField"), ["tagToBeUsed":"input", "nameToBeUsed":"psiRecommendTo", "textToBeInputted":"Beetee"], STOP_ON_FAILURE): Call Test Case 'Test Cases/Components/SetTextOnField' successfully

2020-06-26 08:07:57 - [TEST_CASE][PASSED] - Test Cases/Components/SetTextOnField: Test Cases/Components/SetTextOnField

2020-06-26 08:07:57 - [TEST_STEP][PASSED] - Thread.sleep(1000): null

2020-06-26 08:07:58 - [TEST_STEP][PASSED] - modifiedTagOfField = modifyObjectProperty(findTestObject("Objects.SetTextOnField/sampleField"), "tag", "equals", tagToBeUsed, false): Modify property of object successfully

2020-06-26 08:07:58 - [MESSAGE][PASSED] - Modify property of object successfully

2020-06-26 08:07:58 - [TEST_STEP][PASSED] - modifiedNameOfField = modifyObjectProperty(modifiedTagOfField, "name", "equals", nameToBeUsed, true): Modify property of object successfully

2020-06-26 08:07:58 - [MESSAGE][PASSED] - Modify property of object successfully

2020-06-26 08:07:58 - [TEST_STEP][PASSED] - com.reusableComponents.HighlightElement.run(modifiedNameOfField): com.reusableComponents.HighlightElement.run is PASSED

2020-06-26 08:08:00 - [MESSAGE][PASSED] - com.reusableComponents.HighlightElement.run is PASSED

2020-06-26 08:08:00 - [TEST_STEP][PASSED] - setText(modifiedNameOfField, textToBeInputted): Text 'Beetee' is set on object 'Object Repository/Objects.SetTextOnField/sampleField'

2020-06-26 08:08:00 - [MESSAGE][PASSED] - Text 'Beetee' is set on object 'Object Repository/Objects.SetTextOnField/sampleField'

2020-06-26 08:08:00 - [MESSAGE][PASSED] - Call Test Case 'Test Cases/Components/SetTextOnField' successfully

2020-06-26 08:08:00 - [TEST_STEP][PASSED] - callTestCase(findTestCase("Components/SendEnterKey"), ["tagToBeUsed":"input", "nameToBeUsed":"psiRecommendTo"], STOP_ON_FAILURE): Call Test Case 'Test Cases/Components/SendEnterKey' successfully

2020-06-26 08:08:00 - [TEST_CASE][PASSED] - Test Cases/Components/SendEnterKey: Test Cases/Components/SendEnterKey

2020-06-26 08:08:00 - [TEST_STEP][PASSED] - Thread.sleep(1000): null

2020-06-26 08:08:01 - [TEST_STEP][PASSED] - firstModification = modifyObjectProperty(findTestObject("SendKey/object"), "tag", "equals", tagToBeUsed, false): Modify property of object successfully

2020-06-26 08:08:01 - [MESSAGE][PASSED] - Modify property of object successfully

2020-06-26 08:08:01 - [TEST_STEP][PASSED] - secondModification = modifyObjectProperty(firstModification, "name", "equals", nameToBeUsed, true): Modify property of object successfully

2020-06-26 08:08:01 - [MESSAGE][PASSED] - Modify property of object successfully

2020-06-26 08:08:01 - [TEST_STEP][PASSED] - sendKeys(secondModification, Keys.chord(ENTER)): Keys 'ENTER + ' sent to object: 'Object Repository/SendKey/object'

2020-06-26 08:08:01 - [MESSAGE][PASSED] - Keys 'ENTER + ' sent to object: 'Object Repository/SendKey/object'

2020-06-26 08:08:01 - [MESSAGE][PASSED] - Call Test Case 'Test Cases/Components/SendEnterKey' successfully

2020-06-26 08:08:01 - [TEST_STEP][PASSED] - callTestCase(findTestCase("Components/ClickBlueButtonsWithXPI"), ["Button":"Submit", "Index":"6"], STOP_ON_FAILURE): Call Test Case 'Test Cases/Components/ClickBlueButtonsWithXPI' successfully

2020-06-26 08:08:01 - [TEST_CASE][PASSED] - Test Cases/Components/ClickBlueButtonsWithXPI: Test Cases/Components/ClickBlueButtonsWithXPI

2020-06-26 08:08:01 - [TEST_STEP][PASSED] - Thread.sleep(1000): null

2020-06-26 08:08:02 - [TEST_STEP][PASSED] - complexlyModifiedButtonGG = modifyObjectProperty(findTestObject("Objects.ClickBlueButtonsWithXPI/span_Reset"), "xPath", "equals", "(//*[text()="" + Button + ""])[" + Index + "]", true): Modify property of object successfully

2020-06-26 08:08:03 - [MESSAGE][PASSED] - Modify property of object successfully

2020-06-26 08:08:03 - [TEST_STEP][PASSED] - click(complexlyModifiedButtonGG): Object: 'Object Repository/Objects.ClickBlueButtonsWithXPI/span_Reset' is clicked on

2020-06-26 08:08:03 - [MESSAGE][PASSED] - Object: 'Object Repository/Objects.ClickBlueButtonsWithXPI/span_Reset' is clicked on

2020-06-26 08:08:03 - [MESSAGE][PASSED] - Call Test Case 'Test Cases/Components/ClickBlueButtonsWithXPI' successfully

2020-06-26 08:08:03 - [TEST_STEP][PASSED] - callTestCase(findTestCase("Components/Logout"), ["LogoutPageTextToBeVerified":findTestData("Datatable").getValue("HomeBanner", 2)], STOP_ON_FAILURE): Call Test Case 'Test Cases/Components/Logout' successfully

2020-06-26 08:08:03 - [TEST_CASE][PASSED] - Test Cases/Components/Logout: Test Cases/Components/Logout

2020-06-26 08:08:03 - [TEST_STEP][PASSED] - Thread.sleep(3000): null

2020-06-26 08:08:06 - [TEST_STEP][NOT_RUN] - com.reusableComponents.HighlightElement.run(findTestObject("Objects.Logout/accountDropdown")): NOT_RUN: com.reusableComponents.HighlightElement.run(findTestObject("Objects.Logout/accountDropdown"))

2020-06-26 08:08:06 - [MESSAGE][NOT_RUN] - NOT_RUN: com.reusableComponents.HighlightElement.run(findTestObject("Objects.Logout/accountDropdown"))

2020-06-26 08:08:06 - [TEST_STEP][NOT_RUN] - click(findTestObject("Objects.Logout/accountDropdown")): NOT_RUN: click(findTestObject("Objects.Logout/accountDropdown"))

2020-06-26 08:08:06 - [MESSAGE][NOT_RUN] - NOT_RUN: click(findTestObject("Objects.Logout/accountDropdown"))

2020-06-26 08:08:06 - [TEST_STEP][NOT_RUN] - com.reusableComponents.clickUsingJS.clickUsingJS(findTestObject("Objects.Logout/accountDropdown"), 0): NOT_RUN: com.reusableComponents.clickUsingJS.clickUsingJS(findTestObject("Objects.Logout/accountDropdown"), 0)

2020-06-26 08:08:06 - [MESSAGE][NOT_RUN] - NOT_RUN: com.reusableComponents.clickUsingJS.clickUsingJS(findTestObject("Objects.Logout/accountDropdown"), 0)

2020-06-26 08:08:06 - [TEST_STEP][PASSED] - element = findWebElement(findTestObject("Objects.Logout/accountDropdown"), 30): null

2020-06-26 08:08:06 - [TEST_STEP][PASSED] - executeJavaScript("arguments[0].click()", Arrays.asList(element)): Execute JavaScript 'arguments[0].click()' successfully

2020-06-26 08:08:06 - [MESSAGE][PASSED] - Execute JavaScript 'arguments[0].click()' successfully

2020-06-26 08:08:06 - [TEST_STEP][NOT_RUN] - com.reusableComponents.HighlightElement.run(findTestObject("Objects.Logout/span_Logout")): NOT_RUN: com.reusableComponents.HighlightElement.run(findTestObject("Objects.Logout/span_Logout"))

2020-06-26 08:08:06 - [MESSAGE][NOT_RUN] - NOT_RUN: com.reusableComponents.HighlightElement.run(findTestObject("Objects.Logout/span_Logout"))

2020-06-26 08:08:06 - [TEST_STEP][PASSED] - click(findTestObject("Objects.Logout/span_Logout"), STOP_ON_FAILURE): Object: 'Object Repository/Objects.Logout/span_Logout' is clicked on

2020-06-26 08:08:11 - [MESSAGE][PASSED] - Object: 'Object Repository/Objects.Logout/span_Logout' is clicked on

2020-06-26 08:08:11 - [TEST_STEP][PASSED] - waitForPageLoad(30): Wait for page load successfully

2020-06-26 08:08:11 - [MESSAGE][PASSED] - Wait for page load successfully

2020-06-26 08:08:11 - [TEST_STEP][PASSED] - Thread.sleep(3000): null

2020-06-26 08:08:14 - [TEST_STEP][PASSED] - verifyTextPresent(LogoutPageTextToBeVerified, true): Text 'Sign in to ISPS2-SIT' is present on page  using regular expression

2020-06-26 08:08:14 - [MESSAGE][PASSED] - Text 'Sign in to ISPS2-SIT' is present on page  using regular expression

2020-06-26 08:08:14 - [TEST_STEP][PASSED] - delay(5): Delayed 5 second(s)

2020-06-26 08:08:19 - [MESSAGE][PASSED] - Delayed 5 second(s)

2020-06-26 08:08:19 - [TEST_STEP][NOT_RUN] - com.reusableComponents.HighlightElement.run(findTestObject("Objects.Logout/div_Sign in to ISPS2-PROD-Verify")): NOT_RUN: com.reusableComponents.HighlightElement.run(findTestObject("Objects.Logout/div_Sign in to ISPS2-PROD-Verify"))

2020-06-26 08:08:19 - [MESSAGE][NOT_RUN] - NOT_RUN: com.reusableComponents.HighlightElement.run(findTestObject("Objects.Logout/div_Sign in to ISPS2-PROD-Verify"))

2020-06-26 08:08:19 - [TEST_STEP][PASSED] - closeBrowser(): Browser is closed

2020-06-26 08:08:20 - [MESSAGE][PASSED] - Browser is closed

2020-06-26 08:08:20 - [MESSAGE][PASSED] - Call Test Case 'Test Cases/Components/Logout' successfully

2020-06-26 08:08:20 - [TEST_STEP][PASSED] - callTestCase(findTestCase("Components/LoginV2.0"), ["LinkToBeUsed":findTestData("Datatable").getValue("URL", 2), "LoginPageTextToBeVerified":findTestData("Datatable").getValue("HomeBanner", 2), ... ], STOP_ON_FAILURE): Call Test Case 'Test Cases/Components/LoginV2.0' successfully

2020-06-26 08:08:20 - [TEST_CASE][PASSED] - Test Cases/Components/LoginV2.0: Test Cases/Components/LoginV2.0

2020-06-26 08:08:20 - [TEST_STEP][PASSED] - openBrowser(LinkToBeUsed): Browser is opened with url: 'http://192.168.190.37:3012/isps2-mig/authnz/login.do'

2020-06-26 08:08:20 - [MESSAGE][INFO] - Starting 'Edge' driver

2020-06-26 08:08:32 - [MESSAGE][PASSED] - Browser is opened with url: 'http://192.168.190.37:3012/isps2-mig/authnz/login.do'

2020-06-26 08:08:32 - [TEST_STEP][PASSED] - maximizeWindow(): Current window maximized

2020-06-26 08:08:35 - [MESSAGE][PASSED] - Current window maximized

2020-06-26 08:08:35 - [TEST_STEP][PASSED] - verifyTextPresent(LoginPageTextToBeVerified, false): Text 'Sign in to ISPS2-SIT' is present on page 

2020-06-26 08:08:35 - [MESSAGE][PASSED] - Text 'Sign in to ISPS2-SIT' is present on page 

2020-06-26 08:08:35 - [TEST_STEP][PASSED] - setText(findTestObject("Objects.LoginV2.0/Login Page/input_Sign in to ISPS2-PROD-Verify_username"), Username): Text 'UAT-BEETEE' is set on object 'Object Repository/Objects.LoginV2.0/Login Page/input_Sign in to ISPS2-PROD-Verify_username'

2020-06-26 08:08:35 - [MESSAGE][PASSED] - Text 'UAT-BEETEE' is set on object 'Object Repository/Objects.LoginV2.0/Login Page/input_Sign in to ISPS2-PROD-Verify_username'

2020-06-26 08:08:35 - [TEST_STEP][PASSED] - setEncryptedText(findTestObject("Objects.LoginV2.0/Login Page/input_This field is required_password"), Password): Text ****** has been set on object 'Object Repository/Objects.LoginV2.0/Login Page/input_This field is required_password'

2020-06-26 08:08:35 - [MESSAGE][PASSED] - Text ****** has been set on object 'Object Repository/Objects.LoginV2.0/Login Page/input_This field is required_password'

2020-06-26 08:08:35 - [TEST_STEP][NOT_RUN] - setEncryptedText(findTestObject(null), Password): NOT_RUN: setEncryptedText(findTestObject(null), Password)

2020-06-26 08:08:35 - [MESSAGE][NOT_RUN] - NOT_RUN: setEncryptedText(findTestObject(null), Password)

2020-06-26 08:08:35 - [TEST_STEP][PASSED] - click(findTestObject("Objects.LoginV2.0/Login Page/div_Sign in to ISPS2-PROD-Verify_NovaGoButton-1021"), OPTIONAL): Object: 'Object Repository/Objects.LoginV2.0/Login Page/div_Sign in to ISPS2-PROD-Verify_NovaGoButton-1021' is clicked on

2020-06-26 08:08:36 - [MESSAGE][PASSED] - Object: 'Object Repository/Objects.LoginV2.0/Login Page/div_Sign in to ISPS2-PROD-Verify_NovaGoButton-1021' is clicked on

2020-06-26 08:08:36 - [TEST_STEP][PASSED] - waitForPageLoad(30): Wait for page load successfully

2020-06-26 08:08:36 - [MESSAGE][PASSED] - Wait for page load successfully

2020-06-26 08:08:36 - [TEST_STEP][PASSED] - Thread.sleep(3000): null

2020-06-26 08:08:39 - [MESSAGE][PASSED] - Call Test Case 'Test Cases/Components/LoginV2.0' successfully

2020-06-26 08:08:39 - [TEST_STEP][PASSED] - callTestCase(findTestCase("Components/Wait"), ["secondsToWait":3000], STOP_ON_FAILURE): Call Test Case 'Test Cases/Components/Wait' successfully

2020-06-26 08:08:39 - [TEST_CASE][PASSED] - Test Cases/Components/Wait: Test Cases/Components/Wait

2020-06-26 08:08:39 - [TEST_STEP][PASSED] - Thread.sleep(secondsToWait): null

2020-06-26 08:08:42 - [MESSAGE][PASSED] - Call Test Case 'Test Cases/Components/Wait' successfully

2020-06-26 08:08:42 - [TEST_STEP][PASSED] - callTestCase(findTestCase("Components/OpenHomepageMenu"), [:], STOP_ON_FAILURE): Call Test Case 'Test Cases/Components/OpenHomepageMenu' successfully

2020-06-26 08:08:42 - [TEST_CASE][PASSED] - Test Cases/Components/OpenHomepageMenu: Test Cases/Components/OpenHomepageMenu

2020-06-26 08:08:42 - [TEST_STEP][PASSED] - Thread.sleep(1000): null

2020-06-26 08:08:43 - [TEST_STEP][PASSED] - verifyTextPresent("Loading search result. Please wait...", false, OPTIONAL): Text 'Loading search result. Please wait...' is not present on page  (Root cause: com.kms.katalon.core.exception.StepFailedException: Text 'Loading search result. Please wait...' is not present on page 
	at com.kms.katalon.core.webui.keyword.internal.WebUIKeywordMain.stepFailed(WebUIKeywordMain.groovy:64)
	at com.kms.katalon.core.webui.keyword.builtin.VerifyTextPresentKeyword$_verifyTextPresent_closure1.doCall(VerifyTextPresentKeyword.groovy:79)
	at com.kms.katalon.core.webui.keyword.builtin.VerifyTextPresentKeyword$_verifyTextPresent_closure1.call(VerifyTextPresentKeyword.groovy)
	at com.kms.katalon.core.webui.keyword.internal.WebUIKeywordMain.runKeyword(WebUIKeywordMain.groovy:20)
	at com.kms.katalon.core.webui.keyword.builtin.VerifyTextPresentKeyword.verifyTextPresent(VerifyTextPresentKeyword.groovy:83)
	at com.kms.katalon.core.webui.keyword.builtin.VerifyTextPresentKeyword.execute(VerifyTextPresentKeyword.groovy:68)
	at com.kms.katalon.core.keyword.internal.KeywordExecutor.executeKeywordForPlatform(KeywordExecutor.groovy:72)
	at com.kms.katalon.core.webui.keyword.WebUiBuiltInKeywords.verifyTextPresent(WebUiBuiltInKeywords.groovy:1677)
	at com.kms.katalon.core.webui.keyword.WebUiBuiltInKeywords$verifyTextPresent$7.call(Unknown Source)
	at OpenHomepageMenu.run(OpenHomepageMenu:18)
	at com.kms.katalon.core.main.ScriptEngine.run(ScriptEngine.java:194)
	at com.kms.katalon.core.main.ScriptEngine.runScriptAsRawText(ScriptEngine.java:119)
	at com.kms.katalon.core.main.TestCaseExecutor.runScript(TestCaseExecutor.java:337)
	at com.kms.katalon.core.main.TestCaseExecutor.doExecute(TestCaseExecutor.java:328)
	at com.kms.katalon.core.main.TestCaseExecutor.processExecutionPhase(TestCaseExecutor.java:307)
	at com.kms.katalon.core.main.TestCaseExecutor.accessMainPhase(TestCaseExecutor.java:299)
	at com.kms.katalon.core.main.TestCaseExecutor.execute(TestCaseExecutor.java:233)
	at com.kms.katalon.core.main.TestCaseMain.runTestCase(TestCaseMain.java:114)
	at com.kms.katalon.core.keyword.builtin.CallTestCaseKeyword$_callTestCase_closure1.doCall(CallTestCaseKeyword.groovy:59)
	at com.kms.katalon.core.keyword.builtin.CallTestCaseKeyword$_callTestCase_closure1.call(CallTestCaseKeyword.groovy)
	at com.kms.katalon.core.keyword.internal.KeywordMain.runKeyword(KeywordMain.groovy:68)
	at com.kms.katalon.core.keyword.builtin.CallTestCaseKeyword.callTestCase(CallTestCaseKeyword.groovy:81)
	at com.kms.katalon.core.keyword.builtin.CallTestCaseKeyword.execute(CallTestCaseKeyword.groovy:44)
	at com.kms.katalon.core.keyword.internal.KeywordExecutor.executeKeywordForPlatform(KeywordExecutor.groovy:72)
	at com.kms.katalon.core.keyword.BuiltinKeywords.callTestCase(BuiltinKeywords.groovy:334)
	at BCAISPS-14777.TCID001.run(BCAISPS-14777.TCID001:108)
	at com.kms.katalon.core.main.ScriptEngine.run(ScriptEngine.java:194)
	at com.kms.katalon.core.main.ScriptEngine.runScriptAsRawText(ScriptEngine.java:119)
	at com.kms.katalon.core.main.TestCaseExecutor.runScript(TestCaseExecutor.java:337)
	at com.kms.katalon.core.main.TestCaseExecutor.doExecute(TestCaseExecutor.java:328)
	at com.kms.katalon.core.main.TestCaseExecutor.processExecutionPhase(TestCaseExecutor.java:307)
	at com.kms.katalon.core.main.TestCaseExecutor.accessMainPhase(TestCaseExecutor.java:299)
	at com.kms.katalon.core.main.TestCaseExecutor.execute(TestCaseExecutor.java:233)
	at com.kms.katalon.core.main.TestSuiteExecutor.accessTestCaseMainPhase(TestSuiteExecutor.java:169)
	at com.kms.katalon.core.main.TestSuiteExecutor.accessTestSuiteMainPhase(TestSuiteExecutor.java:142)
	at com.kms.katalon.core.main.TestSuiteExecutor.execute(TestSuiteExecutor.java:91)
	at com.kms.katalon.core.main.TestCaseMain.startTestSuite(TestCaseMain.java:157)
	at com.kms.katalon.core.main.TestCaseMain$startTestSuite$0.call(Unknown Source)
	at TempTestSuite1593129971513.run(TempTestSuite1593129971513.groovy:36)
)

2020-06-26 08:08:43 - [MESSAGE][WARNING] - Text 'Loading search result. Please wait...' is not present on page  (Root cause: com.kms.katalon.core.exception.StepFailedException: Text 'Loading search result. Please wait...' is not present on page 
	at com.kms.katalon.core.webui.keyword.internal.WebUIKeywordMain.stepFailed(WebUIKeywordMain.groovy:64)
	at com.kms.katalon.core.webui.keyword.builtin.VerifyTextPresentKeyword$_verifyTextPresent_closure1.doCall(VerifyTextPresentKeyword.groovy:79)
	at com.kms.katalon.core.webui.keyword.builtin.VerifyTextPresentKeyword$_verifyTextPresent_closure1.call(VerifyTextPresentKeyword.groovy)
	at com.kms.katalon.core.webui.keyword.internal.WebUIKeywordMain.runKeyword(WebUIKeywordMain.groovy:20)
	at com.kms.katalon.core.webui.keyword.builtin.VerifyTextPresentKeyword.verifyTextPresent(VerifyTextPresentKeyword.groovy:83)
	at com.kms.katalon.core.webui.keyword.builtin.VerifyTextPresentKeyword.execute(VerifyTextPresentKeyword.groovy:68)
	at com.kms.katalon.core.keyword.internal.KeywordExecutor.executeKeywordForPlatform(KeywordExecutor.groovy:72)
	at com.kms.katalon.core.webui.keyword.WebUiBuiltInKeywords.verifyTextPresent(WebUiBuiltInKeywords.groovy:1677)
	at com.kms.katalon.core.webui.keyword.WebUiBuiltInKeywords$verifyTextPresent$7.call(Unknown Source)
	at OpenHomepageMenu.run(OpenHomepageMenu:18)
	at com.kms.katalon.core.main.ScriptEngine.run(ScriptEngine.java:194)
	at com.kms.katalon.core.main.ScriptEngine.runScriptAsRawText(ScriptEngine.java:119)
	at com.kms.katalon.core.main.TestCaseExecutor.runScript(TestCaseExecutor.java:337)
	at com.kms.katalon.core.main.TestCaseExecutor.doExecute(TestCaseExecutor.java:328)
	at com.kms.katalon.core.main.TestCaseExecutor.processExecutionPhase(TestCaseExecutor.java:307)
	at com.kms.katalon.core.main.TestCaseExecutor.accessMainPhase(TestCaseExecutor.java:299)
	at com.kms.katalon.core.main.TestCaseExecutor.execute(TestCaseExecutor.java:233)
	at com.kms.katalon.core.main.TestCaseMain.runTestCase(TestCaseMain.java:114)
	at com.kms.katalon.core.keyword.builtin.CallTestCaseKeyword$_callTestCase_closure1.doCall(CallTestCaseKeyword.groovy:59)
	at com.kms.katalon.core.keyword.builtin.CallTestCaseKeyword$_callTestCase_closure1.call(CallTestCaseKeyword.groovy)
	at com.kms.katalon.core.keyword.internal.KeywordMain.runKeyword(KeywordMain.groovy:68)
	at com.kms.katalon.core.keyword.builtin.CallTestCaseKeyword.callTestCase(CallTestCaseKeyword.groovy:81)
	at com.kms.katalon.core.keyword.builtin.CallTestCaseKeyword.execute(CallTestCaseKeyword.groovy:44)
	at com.kms.katalon.core.keyword.internal.KeywordExecutor.executeKeywordForPlatform(KeywordExecutor.groovy:72)
	at com.kms.katalon.core.keyword.BuiltinKeywords.callTestCase(BuiltinKeywords.groovy:334)
	at BCAISPS-14777.TCID001.run(BCAISPS-14777.TCID001:108)
	at com.kms.katalon.core.main.ScriptEngine.run(ScriptEngine.java:194)
	at com.kms.katalon.core.main.ScriptEngine.runScriptAsRawText(ScriptEngine.java:119)
	at com.kms.katalon.core.main.TestCaseExecutor.runScript(TestCaseExecutor.java:337)
	at com.kms.katalon.core.main.TestCaseExecutor.doExecute(TestCaseExecutor.java:328)
	at com.kms.katalon.core.main.TestCaseExecutor.processExecutionPhase(TestCaseExecutor.java:307)
	at com.kms.katalon.core.main.TestCaseExecutor.accessMainPhase(TestCaseExecutor.java:299)
	at com.kms.katalon.core.main.TestCaseExecutor.execute(TestCaseExecutor.java:233)
	at com.kms.katalon.core.main.TestSuiteExecutor.accessTestCaseMainPhase(TestSuiteExecutor.java:169)
	at com.kms.katalon.core.main.TestSuiteExecutor.accessTestSuiteMainPhase(TestSuiteExecutor.java:142)
	at com.kms.katalon.core.main.TestSuiteExecutor.execute(TestSuiteExecutor.java:91)
	at com.kms.katalon.core.main.TestCaseMain.startTestSuite(TestCaseMain.java:157)
	at com.kms.katalon.core.main.TestCaseMain$startTestSuite$0.call(Unknown Source)
	at TempTestSuite1593129971513.run(TempTestSuite1593129971513.groovy:36)
)

2020-06-26 08:08:43 - [TEST_STEP][PASSED] - waitForElementNotPresent(findTestObject("Objects.OpenHomepageMenu/XP_LoadingPopUp"), 120, OPTIONAL): Web element with id: 'Object Repository/Objects.OpenHomepageMenu/XP_LoadingPopUp' located by 'By.xpath: //div[@class = 'x-mask-msg-text' and (text() = 'Loading search result. Please wait...' or . = 'Loading search result. Please wait...')]' is not present after '120' second(s)

2020-06-26 08:08:43 - [MESSAGE][PASSED] - Web element with id: 'Object Repository/Objects.OpenHomepageMenu/XP_LoadingPopUp' located by 'By.xpath: //div[@class = 'x-mask-msg-text' and (text() = 'Loading search result. Please wait...' or . = 'Loading search result. Please wait...')]' is not present after '120' second(s)

2020-06-26 08:08:43 - [TEST_STEP][PASSED] - verifyElementVisible(findTestObject("Objects.OpenHomepageMenu/div_ISPS2-PROD-Verify_component-1013")): Object 'Object Repository/Objects.OpenHomepageMenu/div_ISPS2-PROD-Verify_component-1013' is visible

2020-06-26 08:08:44 - [MESSAGE][PASSED] - Object 'Object Repository/Objects.OpenHomepageMenu/div_ISPS2-PROD-Verify_component-1013' is visible

2020-06-26 08:08:44 - [TEST_STEP][PASSED] - click(findTestObject("Objects.OpenHomepageMenu/div_ISPS2-PROD-Verify_component-1013")): Object: 'Object Repository/Objects.OpenHomepageMenu/div_ISPS2-PROD-Verify_component-1013' is clicked on

2020-06-26 08:08:44 - [MESSAGE][PASSED] - Object: 'Object Repository/Objects.OpenHomepageMenu/div_ISPS2-PROD-Verify_component-1013' is clicked on

2020-06-26 08:08:44 - [MESSAGE][PASSED] - Call Test Case 'Test Cases/Components/OpenHomepageMenu' successfully

2020-06-26 08:08:44 - [TEST_STEP][PASSED] - callTestCase(findTestCase("Components/HoverToAnyMenuSelection"), ["MenuSelection":"Desktop"], STOP_ON_FAILURE): Call Test Case 'Test Cases/Components/HoverToAnyMenuSelection' successfully

2020-06-26 08:08:44 - [TEST_CASE][PASSED] - Test Cases/Components/HoverToAnyMenuSelection: Test Cases/Components/HoverToAnyMenuSelection

2020-06-26 08:08:44 - [TEST_STEP][PASSED] - Thread.sleep(1000): null

2020-06-26 08:08:45 - [TEST_STEP][PASSED] - modifiedSelection = modifyObjectProperty(findTestObject("Objects.HoverToAnyMenuSelection/span_Common"), "text", "equals", MenuSelection, true): Modify property of object successfully

2020-06-26 08:08:45 - [MESSAGE][PASSED] - Modify property of object successfully

2020-06-26 08:08:45 - [TEST_STEP][PASSED] - mouseOver(modifiedSelection): Object: 'Object Repository/Objects.HoverToAnyMenuSelection/span_Common' is hovered

2020-06-26 08:08:45 - [MESSAGE][PASSED] - Object: 'Object Repository/Objects.HoverToAnyMenuSelection/span_Common' is hovered

2020-06-26 08:08:45 - [MESSAGE][PASSED] - Call Test Case 'Test Cases/Components/HoverToAnyMenuSelection' successfully

2020-06-26 08:08:45 - [TEST_STEP][PASSED] - callTestCase(findTestCase("Components/ClickLink"), ["LinkToModify":"My Tasks"], STOP_ON_FAILURE): Call Test Case 'Test Cases/Components/ClickLink' successfully

2020-06-26 08:08:45 - [TEST_CASE][PASSED] - Test Cases/Components/ClickLink: Test Cases/Components/ClickLink

2020-06-26 08:08:45 - [TEST_STEP][PASSED] - Thread.sleep(1000): null

2020-06-26 08:08:46 - [TEST_STEP][PASSED] - modifiedLink = modifyObjectProperty(findTestObject("Objects.ClickLink/Page_ISPS2/LinkToModify"), "text", "equals", LinkToModify, true): Modify property of object successfully

2020-06-26 08:08:46 - [MESSAGE][PASSED] - Modify property of object successfully

2020-06-26 08:08:46 - [TEST_STEP][PASSED] - com.reusableComponents.HighlightElement.run(modifiedLink): com.reusableComponents.HighlightElement.run is PASSED

2020-06-26 08:08:47 - [MESSAGE][PASSED] - com.reusableComponents.HighlightElement.run is PASSED

2020-06-26 08:08:47 - [TEST_STEP][PASSED] - click(modifiedLink): Object: 'Object Repository/Objects.ClickLink/Page_ISPS2/LinkToModify' is clicked on

2020-06-26 08:08:48 - [MESSAGE][PASSED] - Object: 'Object Repository/Objects.ClickLink/Page_ISPS2/LinkToModify' is clicked on

2020-06-26 08:08:48 - [MESSAGE][PASSED] - Call Test Case 'Test Cases/Components/ClickLink' successfully

2020-06-26 08:08:48 - [TEST_STEP][PASSED] - callTestCase(findTestCase("Components/VerifyDueOnDate"), [:], STOP_ON_FAILURE): Call Test Case 'Test Cases/Components/VerifyDueOnDate' successfully

2020-06-26 08:08:48 - [TEST_CASE][PASSED] - Test Cases/Components/VerifyDueOnDate: Test Cases/Components/VerifyDueOnDate

2020-06-26 08:08:48 - [TEST_STEP][PASSED] - Thread.sleep(1000): null

2020-06-26 08:08:49 - [TEST_STEP][PASSED] - today = LocalDate.now(): null

2020-06-26 08:08:49 - [TEST_STEP][PASSED] - months = <not implemented yet for class: org.codehaus.groovy.ast.expr.EmptyExpression>: null

2020-06-26 08:08:49 - [TEST_STEP][PASSED] - oneMonthLater = today.plusMonths(months): null

2020-06-26 08:08:49 - [TEST_STEP][PASSED] - formattedDate = oneMonthLater.format(DateTimeFormatter.ofPattern("dd MMM yyyy")): null

2020-06-26 08:08:49 - [TEST_STEP][PASSED] - dueOnDate = getText(findTestObject("Objects.VerifyDueOnDate/dueOnDateDiv")): Text of object 'Object Repository/Objects.VerifyDueOnDate/dueOnDateDiv' is: '26 Aug 2020'

2020-06-26 08:08:50 - [MESSAGE][PASSED] - Text of object 'Object Repository/Objects.VerifyDueOnDate/dueOnDateDiv' is: '26 Aug 2020'

2020-06-26 08:08:50 - [TEST_STEP][PASSED] - com.reusableComponents.HighlightElement.run(findTestObject("Object Repository/Objects.VerifyDueOnDate/taskDescription")): com.reusableComponents.HighlightElement.run is PASSED

2020-06-26 08:08:51 - [MESSAGE][PASSED] - com.reusableComponents.HighlightElement.run is PASSED

2020-06-26 08:08:51 - [TEST_STEP][PASSED] - verifyElementText(findTestObject("Objects.VerifyDueOnDate/taskDescription"), "Recommendation and Decision (SMB)"): Actual text and expected text of test object 'Object Repository/Objects.VerifyDueOnDate/taskDescription' are matched.

2020-06-26 08:08:51 - [MESSAGE][PASSED] - Actual text and expected text of test object 'Object Repository/Objects.VerifyDueOnDate/taskDescription' are matched.

2020-06-26 08:08:51 - [TEST_STEP][PASSED] - Thread.sleep(3000): null

2020-06-26 08:08:54 - [TEST_STEP][PASSED] - com.reusableComponents.HighlightElement.run(findTestObject("Object Repository/Objects.VerifyDueOnDate/dueOnDateDiv")): com.reusableComponents.HighlightElement.run is PASSED

2020-06-26 08:08:55 - [MESSAGE][PASSED] - com.reusableComponents.HighlightElement.run is PASSED

2020-06-26 08:08:55 - [TEST_STEP][PASSED] - click(findTestObject("Objects.VerifyDueOnDate/taskDescription")): Object: 'Object Repository/Objects.VerifyDueOnDate/taskDescription' is clicked on

2020-06-26 08:08:56 - [MESSAGE][PASSED] - Object: 'Object Repository/Objects.VerifyDueOnDate/taskDescription' is clicked on

2020-06-26 08:08:56 - [TEST_STEP][PASSED] - Thread.sleep(2000): null

2020-06-26 08:08:58 - [TEST_STEP][PASSED] - com.reusableComponents.clickUsingJS.clickUsingJS(findTestObject("Objects.VerifyDueOnDate/caseStagesLHS"), 0): com.reusableComponents.clickUsingJS.clickUsingJS is PASSED

2020-06-26 08:08:58 - [MESSAGE][WARNING] - Timeout '0' is invalid. Using default page load timeout: '30'

2020-06-26 08:09:04 - [MESSAGE][PASSED] - com.reusableComponents.clickUsingJS.clickUsingJS is PASSED

2020-06-26 08:09:04 - [TEST_STEP][PASSED] - switchToWindowIndex(1): Switched to window with index: '1'

2020-06-26 08:09:04 - [MESSAGE][PASSED] - Switched to window with index: '1'

2020-06-26 08:09:04 - [TEST_STEP][PASSED] - waitForPageLoad(120): Wait for page load successfully

2020-06-26 08:09:08 - [MESSAGE][PASSED] - Wait for page load successfully

2020-06-26 08:09:08 - [TEST_STEP][PASSED] - com.reusableComponents.HighlightElement.run(findTestObject("Object Repository/Objects.VerifyDueOnDate/stageDesc")): com.reusableComponents.HighlightElement.run is PASSED

2020-06-26 08:09:10 - [MESSAGE][PASSED] - com.reusableComponents.HighlightElement.run is PASSED

2020-06-26 08:09:10 - [TEST_STEP][PASSED] - verifyElementText(findTestObject("Objects.VerifyDueOnDate/stageDesc"), "Recommend"): Actual text and expected text of test object 'Object Repository/Objects.VerifyDueOnDate/stageDesc' are matched.

2020-06-26 08:09:10 - [MESSAGE][PASSED] - Actual text and expected text of test object 'Object Repository/Objects.VerifyDueOnDate/stageDesc' are matched.

2020-06-26 08:09:10 - [TEST_STEP][PASSED] - com.reusableComponents.HighlightElement.run(findTestObject("Object Repository/Objects.VerifyDueOnDate/stageDesc")): com.reusableComponents.HighlightElement.run is PASSED

2020-06-26 08:09:11 - [MESSAGE][PASSED] - com.reusableComponents.HighlightElement.run is PASSED

2020-06-26 08:09:11 - [TEST_STEP][PASSED] - formattedDate1 = today.format(DateTimeFormatter.ofPattern("dd-MMM-yyyy")): null

2020-06-26 08:09:11 - [TEST_STEP][PASSED] - splitString = getText(findTestObject("Objects.VerifyDueOnDate/stageDate")): Text of object 'Object Repository/Objects.VerifyDueOnDate/stageDate' is: '26-Jun-2020 08:08:03'

2020-06-26 08:09:11 - [MESSAGE][PASSED] - Text of object 'Object Repository/Objects.VerifyDueOnDate/stageDate' is: '26-Jun-2020 08:08:03'

2020-06-26 08:09:11 - [TEST_STEP][PASSED] - str = splitString.replaceAll(" ", "&"): null

2020-06-26 08:09:11 - [TEST_STEP][PASSED] - splitStrin1 = str.split("&"): null

2020-06-26 08:09:11 - [TEST_STEP][PASSED] - part1 = splitStrin1[0]: null

2020-06-26 08:09:11 - [TEST_STEP][PASSED] - verifyMatch(formattedDate1, part1, false): Actual text '26-Jun-2020' and expected text '26-Jun-2020' are matched 

2020-06-26 08:09:11 - [MESSAGE][PASSED] - Actual text '26-Jun-2020' and expected text '26-Jun-2020' are matched 

2020-06-26 08:09:11 - [MESSAGE][PASSED] - Call Test Case 'Test Cases/Components/VerifyDueOnDate' successfully

2020-06-26 08:09:11 - [TEST_STEP][PASSED] - callTestCase(findTestCase("Components/SwitchToIndexedWindow"), ["windowIndex":"0"], STOP_ON_FAILURE): Call Test Case 'Test Cases/Components/SwitchToIndexedWindow' successfully

2020-06-26 08:09:11 - [TEST_CASE][PASSED] - Test Cases/Components/SwitchToIndexedWindow: Test Cases/Components/SwitchToIndexedWindow

2020-06-26 08:09:12 - [TEST_STEP][PASSED] - Thread.sleep(1000): null

2020-06-26 08:09:13 - [TEST_STEP][PASSED] - switchToWindowIndex(windowIndex): Switched to window with index: '0'

2020-06-26 08:09:13 - [MESSAGE][PASSED] - Switched to window with index: '0'

2020-06-26 08:09:13 - [MESSAGE][PASSED] - Call Test Case 'Test Cases/Components/SwitchToIndexedWindow' successfully

2020-06-26 08:09:13 - [TEST_STEP][PASSED] - callTestCase(findTestCase("Components/Logout"), ["LogoutPageTextToBeVerified":findTestData("Datatable").getValue("HomeBanner", 2)], STOP_ON_FAILURE): Call Test Case 'Test Cases/Components/Logout' successfully

2020-06-26 08:09:13 - [TEST_CASE][PASSED] - Test Cases/Components/Logout: Test Cases/Components/Logout

2020-06-26 08:09:13 - [TEST_STEP][PASSED] - Thread.sleep(3000): null

2020-06-26 08:09:16 - [TEST_STEP][NOT_RUN] - com.reusableComponents.HighlightElement.run(findTestObject("Objects.Logout/accountDropdown")): NOT_RUN: com.reusableComponents.HighlightElement.run(findTestObject("Objects.Logout/accountDropdown"))

2020-06-26 08:09:16 - [MESSAGE][NOT_RUN] - NOT_RUN: com.reusableComponents.HighlightElement.run(findTestObject("Objects.Logout/accountDropdown"))

2020-06-26 08:09:16 - [TEST_STEP][NOT_RUN] - click(findTestObject("Objects.Logout/accountDropdown")): NOT_RUN: click(findTestObject("Objects.Logout/accountDropdown"))

2020-06-26 08:09:16 - [MESSAGE][NOT_RUN] - NOT_RUN: click(findTestObject("Objects.Logout/accountDropdown"))

2020-06-26 08:09:16 - [TEST_STEP][NOT_RUN] - com.reusableComponents.clickUsingJS.clickUsingJS(findTestObject("Objects.Logout/accountDropdown"), 0): NOT_RUN: com.reusableComponents.clickUsingJS.clickUsingJS(findTestObject("Objects.Logout/accountDropdown"), 0)

2020-06-26 08:09:16 - [MESSAGE][NOT_RUN] - NOT_RUN: com.reusableComponents.clickUsingJS.clickUsingJS(findTestObject("Objects.Logout/accountDropdown"), 0)

2020-06-26 08:09:16 - [TEST_STEP][PASSED] - element = findWebElement(findTestObject("Objects.Logout/accountDropdown"), 30): null

2020-06-26 08:09:16 - [TEST_STEP][PASSED] - executeJavaScript("arguments[0].click()", Arrays.asList(element)): Execute JavaScript 'arguments[0].click()' successfully

2020-06-26 08:09:16 - [MESSAGE][PASSED] - Execute JavaScript 'arguments[0].click()' successfully

2020-06-26 08:09:16 - [TEST_STEP][NOT_RUN] - com.reusableComponents.HighlightElement.run(findTestObject("Objects.Logout/span_Logout")): NOT_RUN: com.reusableComponents.HighlightElement.run(findTestObject("Objects.Logout/span_Logout"))

2020-06-26 08:09:16 - [MESSAGE][NOT_RUN] - NOT_RUN: com.reusableComponents.HighlightElement.run(findTestObject("Objects.Logout/span_Logout"))

2020-06-26 08:09:16 - [TEST_STEP][PASSED] - click(findTestObject("Objects.Logout/span_Logout"), STOP_ON_FAILURE): Object: 'Object Repository/Objects.Logout/span_Logout' is clicked on

2020-06-26 08:09:20 - [MESSAGE][PASSED] - Object: 'Object Repository/Objects.Logout/span_Logout' is clicked on

2020-06-26 08:09:20 - [TEST_STEP][PASSED] - waitForPageLoad(30): Wait for page load successfully

2020-06-26 08:09:20 - [MESSAGE][PASSED] - Wait for page load successfully

2020-06-26 08:09:20 - [TEST_STEP][PASSED] - Thread.sleep(3000): null

2020-06-26 08:09:23 - [TEST_STEP][PASSED] - verifyTextPresent(LogoutPageTextToBeVerified, true): Text 'Sign in to ISPS2-SIT' is present on page  using regular expression

2020-06-26 08:09:24 - [MESSAGE][PASSED] - Text 'Sign in to ISPS2-SIT' is present on page  using regular expression

2020-06-26 08:09:24 - [TEST_STEP][PASSED] - delay(5): Delayed 5 second(s)

2020-06-26 08:09:29 - [MESSAGE][PASSED] - Delayed 5 second(s)

2020-06-26 08:09:29 - [TEST_STEP][NOT_RUN] - com.reusableComponents.HighlightElement.run(findTestObject("Objects.Logout/div_Sign in to ISPS2-PROD-Verify")): NOT_RUN: com.reusableComponents.HighlightElement.run(findTestObject("Objects.Logout/div_Sign in to ISPS2-PROD-Verify"))

2020-06-26 08:09:29 - [MESSAGE][NOT_RUN] - NOT_RUN: com.reusableComponents.HighlightElement.run(findTestObject("Objects.Logout/div_Sign in to ISPS2-PROD-Verify"))

2020-06-26 08:09:29 - [TEST_STEP][PASSED] - closeBrowser(): Browser is closed

2020-06-26 08:09:30 - [MESSAGE][PASSED] - Browser is closed

2020-06-26 08:09:30 - [MESSAGE][PASSED] - Call Test Case 'Test Cases/Components/Logout' successfully]]></system-out>
         <system-err><![CDATA[]]></system-err>
      </testcase>
      <testcase name="Test Cases/Jira/PSI/Process Case (SMB)/BCAISPS-14777/BCAISPS-14777.TCID002" time="246.117" classname="Test Cases/Jira/PSI/Process Case (SMB)/BCAISPS-14777/BCAISPS-14777.TCID002" status="PASSED">
         <system-out><![CDATA[2020-06-26 08:09:30 - [TEST_CASE][PASSED] - Test Cases/Jira/PSI/Process Case (SMB)/BCAISPS-14777/BCAISPS-14777.TCID002: Test Cases/Jira/PSI/Process Case (SMB)/BCAISPS-14777/BCAISPS-14777.TCID002

2020-06-26 08:09:30 - [TEST_STEP][PASSED] - callTestCase(findTestCase("Components/LoginV2.0"), ["LinkToBeUsed":findTestData("Datatable").getValue("URL", 2), "LoginPageTextToBeVerified":findTestData("Datatable").getValue("HomeBanner", 2), ... ], STOP_ON_FAILURE): Call Test Case 'Test Cases/Components/LoginV2.0' successfully

2020-06-26 08:09:30 - [TEST_CASE][PASSED] - Test Cases/Components/LoginV2.0: Test Cases/Components/LoginV2.0

2020-06-26 08:09:30 - [TEST_STEP][PASSED] - openBrowser(LinkToBeUsed): Browser is opened with url: 'http://192.168.190.37:3012/isps2-mig/authnz/login.do'

2020-06-26 08:09:30 - [MESSAGE][INFO] - Starting 'Edge' driver

2020-06-26 08:09:42 - [MESSAGE][PASSED] - Browser is opened with url: 'http://192.168.190.37:3012/isps2-mig/authnz/login.do'

2020-06-26 08:09:42 - [TEST_STEP][PASSED] - maximizeWindow(): Current window maximized

2020-06-26 08:09:45 - [MESSAGE][PASSED] - Current window maximized

2020-06-26 08:09:45 - [TEST_STEP][PASSED] - verifyTextPresent(LoginPageTextToBeVerified, false): Text 'Sign in to ISPS2-SIT' is present on page 

2020-06-26 08:09:45 - [MESSAGE][PASSED] - Text 'Sign in to ISPS2-SIT' is present on page 

2020-06-26 08:09:45 - [TEST_STEP][PASSED] - setText(findTestObject("Objects.LoginV2.0/Login Page/input_Sign in to ISPS2-PROD-Verify_username"), Username): Text 'sysadmin' is set on object 'Object Repository/Objects.LoginV2.0/Login Page/input_Sign in to ISPS2-PROD-Verify_username'

2020-06-26 08:09:45 - [MESSAGE][PASSED] - Text 'sysadmin' is set on object 'Object Repository/Objects.LoginV2.0/Login Page/input_Sign in to ISPS2-PROD-Verify_username'

2020-06-26 08:09:45 - [TEST_STEP][PASSED] - setEncryptedText(findTestObject("Objects.LoginV2.0/Login Page/input_This field is required_password"), Password): Text ****** has been set on object 'Object Repository/Objects.LoginV2.0/Login Page/input_This field is required_password'

2020-06-26 08:09:45 - [MESSAGE][PASSED] - Text ****** has been set on object 'Object Repository/Objects.LoginV2.0/Login Page/input_This field is required_password'

2020-06-26 08:09:45 - [TEST_STEP][NOT_RUN] - setEncryptedText(findTestObject(null), Password): NOT_RUN: setEncryptedText(findTestObject(null), Password)

2020-06-26 08:09:45 - [MESSAGE][NOT_RUN] - NOT_RUN: setEncryptedText(findTestObject(null), Password)

2020-06-26 08:09:45 - [TEST_STEP][PASSED] - click(findTestObject("Objects.LoginV2.0/Login Page/div_Sign in to ISPS2-PROD-Verify_NovaGoButton-1021"), OPTIONAL): Object: 'Object Repository/Objects.LoginV2.0/Login Page/div_Sign in to ISPS2-PROD-Verify_NovaGoButton-1021' is clicked on

2020-06-26 08:09:46 - [MESSAGE][PASSED] - Object: 'Object Repository/Objects.LoginV2.0/Login Page/div_Sign in to ISPS2-PROD-Verify_NovaGoButton-1021' is clicked on

2020-06-26 08:09:46 - [TEST_STEP][PASSED] - waitForPageLoad(30): Wait for page load successfully

2020-06-26 08:09:46 - [MESSAGE][PASSED] - Wait for page load successfully

2020-06-26 08:09:46 - [TEST_STEP][PASSED] - Thread.sleep(3000): null

2020-06-26 08:09:49 - [MESSAGE][PASSED] - Call Test Case 'Test Cases/Components/LoginV2.0' successfully

2020-06-26 08:09:49 - [TEST_STEP][PASSED] - callTestCase(findTestCase("Components/VerifyTextPresentInPage"), ["TextToModify":"Search Result", "index":1], STOP_ON_FAILURE): Call Test Case 'Test Cases/Components/VerifyTextPresentInPage' successfully

2020-06-26 08:09:49 - [TEST_CASE][PASSED] - Test Cases/Components/VerifyTextPresentInPage: Test Cases/Components/VerifyTextPresentInPage

2020-06-26 08:09:49 - [TEST_STEP][PASSED] - Thread.sleep(3000): null

2020-06-26 08:09:52 - [TEST_STEP][NOT_RUN] - verifyTextPresent(textToLocate, false): NOT_RUN: verifyTextPresent(textToLocate, false)

2020-06-26 08:09:52 - [MESSAGE][NOT_RUN] - NOT_RUN: verifyTextPresent(textToLocate, false)

2020-06-26 08:09:52 - [TEST_STEP][NOT_RUN] - com.reusableComponents.HighlightElement.run(textToLocate): NOT_RUN: com.reusableComponents.HighlightElement.run(textToLocate)

2020-06-26 08:09:52 - [MESSAGE][NOT_RUN] - NOT_RUN: com.reusableComponents.HighlightElement.run(textToLocate)

2020-06-26 08:09:52 - [TEST_STEP][PASSED] - ModifiedText = modifyObjectProperty(findTestObject("Objects.VerifyTextPresent/Page_ISPS2/objectToModify"), "xpath", "equals", "(//*[text() = '" + TextToModify + "'])[" + index + "]", true): Modify property of object successfully

2020-06-26 08:09:52 - [MESSAGE][PASSED] - Modify property of object successfully

2020-06-26 08:09:52 - [TEST_STEP][PASSED] - com.reusableComponents.HighlightElement.run(ModifiedText): com.reusableComponents.HighlightElement.run is PASSED

2020-06-26 08:09:55 - [MESSAGE][PASSED] - com.reusableComponents.HighlightElement.run is PASSED

2020-06-26 08:09:55 - [TEST_STEP][PASSED] - Thread.sleep(3000): null

2020-06-26 08:09:58 - [MESSAGE][PASSED] - Call Test Case 'Test Cases/Components/VerifyTextPresentInPage' successfully

2020-06-26 08:09:58 - [TEST_STEP][PASSED] - callTestCase(findTestCase("Components/OpenHomepageMenu"), [:], STOP_ON_FAILURE): Call Test Case 'Test Cases/Components/OpenHomepageMenu' successfully

2020-06-26 08:09:58 - [TEST_CASE][PASSED] - Test Cases/Components/OpenHomepageMenu: Test Cases/Components/OpenHomepageMenu

2020-06-26 08:09:58 - [TEST_STEP][PASSED] - Thread.sleep(1000): null

2020-06-26 08:09:59 - [TEST_STEP][PASSED] - verifyTextPresent("Loading search result. Please wait...", false, OPTIONAL): Text 'Loading search result. Please wait...' is not present on page  (Root cause: com.kms.katalon.core.exception.StepFailedException: Text 'Loading search result. Please wait...' is not present on page 
	at com.kms.katalon.core.webui.keyword.internal.WebUIKeywordMain.stepFailed(WebUIKeywordMain.groovy:64)
	at com.kms.katalon.core.webui.keyword.builtin.VerifyTextPresentKeyword$_verifyTextPresent_closure1.doCall(VerifyTextPresentKeyword.groovy:79)
	at com.kms.katalon.core.webui.keyword.builtin.VerifyTextPresentKeyword$_verifyTextPresent_closure1.call(VerifyTextPresentKeyword.groovy)
	at com.kms.katalon.core.webui.keyword.internal.WebUIKeywordMain.runKeyword(WebUIKeywordMain.groovy:20)
	at com.kms.katalon.core.webui.keyword.builtin.VerifyTextPresentKeyword.verifyTextPresent(VerifyTextPresentKeyword.groovy:83)
	at com.kms.katalon.core.webui.keyword.builtin.VerifyTextPresentKeyword.execute(VerifyTextPresentKeyword.groovy:68)
	at com.kms.katalon.core.keyword.internal.KeywordExecutor.executeKeywordForPlatform(KeywordExecutor.groovy:72)
	at com.kms.katalon.core.webui.keyword.WebUiBuiltInKeywords.verifyTextPresent(WebUiBuiltInKeywords.groovy:1677)
	at com.kms.katalon.core.webui.keyword.WebUiBuiltInKeywords$verifyTextPresent$7.call(Unknown Source)
	at OpenHomepageMenu.run(OpenHomepageMenu:18)
	at com.kms.katalon.core.main.ScriptEngine.run(ScriptEngine.java:194)
	at com.kms.katalon.core.main.ScriptEngine.runScriptAsRawText(ScriptEngine.java:119)
	at com.kms.katalon.core.main.TestCaseExecutor.runScript(TestCaseExecutor.java:337)
	at com.kms.katalon.core.main.TestCaseExecutor.doExecute(TestCaseExecutor.java:328)
	at com.kms.katalon.core.main.TestCaseExecutor.processExecutionPhase(TestCaseExecutor.java:307)
	at com.kms.katalon.core.main.TestCaseExecutor.accessMainPhase(TestCaseExecutor.java:299)
	at com.kms.katalon.core.main.TestCaseExecutor.execute(TestCaseExecutor.java:233)
	at com.kms.katalon.core.main.TestCaseMain.runTestCase(TestCaseMain.java:114)
	at com.kms.katalon.core.keyword.builtin.CallTestCaseKeyword$_callTestCase_closure1.doCall(CallTestCaseKeyword.groovy:59)
	at com.kms.katalon.core.keyword.builtin.CallTestCaseKeyword$_callTestCase_closure1.call(CallTestCaseKeyword.groovy)
	at com.kms.katalon.core.keyword.internal.KeywordMain.runKeyword(KeywordMain.groovy:68)
	at com.kms.katalon.core.keyword.builtin.CallTestCaseKeyword.callTestCase(CallTestCaseKeyword.groovy:81)
	at com.kms.katalon.core.keyword.builtin.CallTestCaseKeyword.execute(CallTestCaseKeyword.groovy:44)
	at com.kms.katalon.core.keyword.internal.KeywordExecutor.executeKeywordForPlatform(KeywordExecutor.groovy:72)
	at com.kms.katalon.core.keyword.BuiltinKeywords.callTestCase(BuiltinKeywords.groovy:334)
	at BCAISPS-14777.TCID002.run(BCAISPS-14777.TCID002:27)
	at com.kms.katalon.core.main.ScriptEngine.run(ScriptEngine.java:194)
	at com.kms.katalon.core.main.ScriptEngine.runScriptAsRawText(ScriptEngine.java:119)
	at com.kms.katalon.core.main.TestCaseExecutor.runScript(TestCaseExecutor.java:337)
	at com.kms.katalon.core.main.TestCaseExecutor.doExecute(TestCaseExecutor.java:328)
	at com.kms.katalon.core.main.TestCaseExecutor.processExecutionPhase(TestCaseExecutor.java:307)
	at com.kms.katalon.core.main.TestCaseExecutor.accessMainPhase(TestCaseExecutor.java:299)
	at com.kms.katalon.core.main.TestCaseExecutor.execute(TestCaseExecutor.java:233)
	at com.kms.katalon.core.main.TestSuiteExecutor.accessTestCaseMainPhase(TestSuiteExecutor.java:169)
	at com.kms.katalon.core.main.TestSuiteExecutor.accessTestSuiteMainPhase(TestSuiteExecutor.java:142)
	at com.kms.katalon.core.main.TestSuiteExecutor.execute(TestSuiteExecutor.java:91)
	at com.kms.katalon.core.main.TestCaseMain.startTestSuite(TestCaseMain.java:157)
	at com.kms.katalon.core.main.TestCaseMain$startTestSuite$0.call(Unknown Source)
	at TempTestSuite1593129971513.run(TempTestSuite1593129971513.groovy:36)
)

2020-06-26 08:10:00 - [MESSAGE][WARNING] - Text 'Loading search result. Please wait...' is not present on page  (Root cause: com.kms.katalon.core.exception.StepFailedException: Text 'Loading search result. Please wait...' is not present on page 
	at com.kms.katalon.core.webui.keyword.internal.WebUIKeywordMain.stepFailed(WebUIKeywordMain.groovy:64)
	at com.kms.katalon.core.webui.keyword.builtin.VerifyTextPresentKeyword$_verifyTextPresent_closure1.doCall(VerifyTextPresentKeyword.groovy:79)
	at com.kms.katalon.core.webui.keyword.builtin.VerifyTextPresentKeyword$_verifyTextPresent_closure1.call(VerifyTextPresentKeyword.groovy)
	at com.kms.katalon.core.webui.keyword.internal.WebUIKeywordMain.runKeyword(WebUIKeywordMain.groovy:20)
	at com.kms.katalon.core.webui.keyword.builtin.VerifyTextPresentKeyword.verifyTextPresent(VerifyTextPresentKeyword.groovy:83)
	at com.kms.katalon.core.webui.keyword.builtin.VerifyTextPresentKeyword.execute(VerifyTextPresentKeyword.groovy:68)
	at com.kms.katalon.core.keyword.internal.KeywordExecutor.executeKeywordForPlatform(KeywordExecutor.groovy:72)
	at com.kms.katalon.core.webui.keyword.WebUiBuiltInKeywords.verifyTextPresent(WebUiBuiltInKeywords.groovy:1677)
	at com.kms.katalon.core.webui.keyword.WebUiBuiltInKeywords$verifyTextPresent$7.call(Unknown Source)
	at OpenHomepageMenu.run(OpenHomepageMenu:18)
	at com.kms.katalon.core.main.ScriptEngine.run(ScriptEngine.java:194)
	at com.kms.katalon.core.main.ScriptEngine.runScriptAsRawText(ScriptEngine.java:119)
	at com.kms.katalon.core.main.TestCaseExecutor.runScript(TestCaseExecutor.java:337)
	at com.kms.katalon.core.main.TestCaseExecutor.doExecute(TestCaseExecutor.java:328)
	at com.kms.katalon.core.main.TestCaseExecutor.processExecutionPhase(TestCaseExecutor.java:307)
	at com.kms.katalon.core.main.TestCaseExecutor.accessMainPhase(TestCaseExecutor.java:299)
	at com.kms.katalon.core.main.TestCaseExecutor.execute(TestCaseExecutor.java:233)
	at com.kms.katalon.core.main.TestCaseMain.runTestCase(TestCaseMain.java:114)
	at com.kms.katalon.core.keyword.builtin.CallTestCaseKeyword$_callTestCase_closure1.doCall(CallTestCaseKeyword.groovy:59)
	at com.kms.katalon.core.keyword.builtin.CallTestCaseKeyword$_callTestCase_closure1.call(CallTestCaseKeyword.groovy)
	at com.kms.katalon.core.keyword.internal.KeywordMain.runKeyword(KeywordMain.groovy:68)
	at com.kms.katalon.core.keyword.builtin.CallTestCaseKeyword.callTestCase(CallTestCaseKeyword.groovy:81)
	at com.kms.katalon.core.keyword.builtin.CallTestCaseKeyword.execute(CallTestCaseKeyword.groovy:44)
	at com.kms.katalon.core.keyword.internal.KeywordExecutor.executeKeywordForPlatform(KeywordExecutor.groovy:72)
	at com.kms.katalon.core.keyword.BuiltinKeywords.callTestCase(BuiltinKeywords.groovy:334)
	at BCAISPS-14777.TCID002.run(BCAISPS-14777.TCID002:27)
	at com.kms.katalon.core.main.ScriptEngine.run(ScriptEngine.java:194)
	at com.kms.katalon.core.main.ScriptEngine.runScriptAsRawText(ScriptEngine.java:119)
	at com.kms.katalon.core.main.TestCaseExecutor.runScript(TestCaseExecutor.java:337)
	at com.kms.katalon.core.main.TestCaseExecutor.doExecute(TestCaseExecutor.java:328)
	at com.kms.katalon.core.main.TestCaseExecutor.processExecutionPhase(TestCaseExecutor.java:307)
	at com.kms.katalon.core.main.TestCaseExecutor.accessMainPhase(TestCaseExecutor.java:299)
	at com.kms.katalon.core.main.TestCaseExecutor.execute(TestCaseExecutor.java:233)
	at com.kms.katalon.core.main.TestSuiteExecutor.accessTestCaseMainPhase(TestSuiteExecutor.java:169)
	at com.kms.katalon.core.main.TestSuiteExecutor.accessTestSuiteMainPhase(TestSuiteExecutor.java:142)
	at com.kms.katalon.core.main.TestSuiteExecutor.execute(TestSuiteExecutor.java:91)
	at com.kms.katalon.core.main.TestCaseMain.startTestSuite(TestCaseMain.java:157)
	at com.kms.katalon.core.main.TestCaseMain$startTestSuite$0.call(Unknown Source)
	at TempTestSuite1593129971513.run(TempTestSuite1593129971513.groovy:36)
)

2020-06-26 08:10:00 - [TEST_STEP][PASSED] - waitForElementNotPresent(findTestObject("Objects.OpenHomepageMenu/XP_LoadingPopUp"), 120, OPTIONAL): Web element with id: 'Object Repository/Objects.OpenHomepageMenu/XP_LoadingPopUp' located by 'By.xpath: //div[@class = 'x-mask-msg-text' and (text() = 'Loading search result. Please wait...' or . = 'Loading search result. Please wait...')]' is not present after '120' second(s)

2020-06-26 08:10:00 - [MESSAGE][PASSED] - Web element with id: 'Object Repository/Objects.OpenHomepageMenu/XP_LoadingPopUp' located by 'By.xpath: //div[@class = 'x-mask-msg-text' and (text() = 'Loading search result. Please wait...' or . = 'Loading search result. Please wait...')]' is not present after '120' second(s)

2020-06-26 08:10:00 - [TEST_STEP][PASSED] - verifyElementVisible(findTestObject("Objects.OpenHomepageMenu/div_ISPS2-PROD-Verify_component-1013")): Object 'Object Repository/Objects.OpenHomepageMenu/div_ISPS2-PROD-Verify_component-1013' is visible

2020-06-26 08:10:00 - [MESSAGE][PASSED] - Object 'Object Repository/Objects.OpenHomepageMenu/div_ISPS2-PROD-Verify_component-1013' is visible

2020-06-26 08:10:00 - [TEST_STEP][PASSED] - click(findTestObject("Objects.OpenHomepageMenu/div_ISPS2-PROD-Verify_component-1013")): Object: 'Object Repository/Objects.OpenHomepageMenu/div_ISPS2-PROD-Verify_component-1013' is clicked on

2020-06-26 08:10:01 - [MESSAGE][PASSED] - Object: 'Object Repository/Objects.OpenHomepageMenu/div_ISPS2-PROD-Verify_component-1013' is clicked on

2020-06-26 08:10:01 - [MESSAGE][PASSED] - Call Test Case 'Test Cases/Components/OpenHomepageMenu' successfully

2020-06-26 08:10:01 - [TEST_STEP][PASSED] - callTestCase(findTestCase("Components/HoverToAnyMenuSelection"), ["MenuSelection":"Utilities"], STOP_ON_FAILURE): Call Test Case 'Test Cases/Components/HoverToAnyMenuSelection' successfully

2020-06-26 08:10:01 - [TEST_CASE][PASSED] - Test Cases/Components/HoverToAnyMenuSelection: Test Cases/Components/HoverToAnyMenuSelection

2020-06-26 08:10:01 - [TEST_STEP][PASSED] - Thread.sleep(1000): null

2020-06-26 08:10:02 - [TEST_STEP][PASSED] - modifiedSelection = modifyObjectProperty(findTestObject("Objects.HoverToAnyMenuSelection/span_Common"), "text", "equals", MenuSelection, true): Modify property of object successfully

2020-06-26 08:10:02 - [MESSAGE][PASSED] - Modify property of object successfully

2020-06-26 08:10:02 - [TEST_STEP][PASSED] - mouseOver(modifiedSelection): Object: 'Object Repository/Objects.HoverToAnyMenuSelection/span_Common' is hovered

2020-06-26 08:10:02 - [MESSAGE][PASSED] - Object: 'Object Repository/Objects.HoverToAnyMenuSelection/span_Common' is hovered

2020-06-26 08:10:02 - [MESSAGE][PASSED] - Call Test Case 'Test Cases/Components/HoverToAnyMenuSelection' successfully

2020-06-26 08:10:02 - [TEST_STEP][PASSED] - callTestCase(findTestCase("Components/HoverToAnyMenuSelection"), ["MenuSelection":"Common"], STOP_ON_FAILURE): Call Test Case 'Test Cases/Components/HoverToAnyMenuSelection' successfully

2020-06-26 08:10:02 - [TEST_CASE][PASSED] - Test Cases/Components/HoverToAnyMenuSelection: Test Cases/Components/HoverToAnyMenuSelection

2020-06-26 08:10:02 - [TEST_STEP][PASSED] - Thread.sleep(1000): null

2020-06-26 08:10:03 - [TEST_STEP][PASSED] - modifiedSelection = modifyObjectProperty(findTestObject("Objects.HoverToAnyMenuSelection/span_Common"), "text", "equals", MenuSelection, true): Modify property of object successfully

2020-06-26 08:10:03 - [MESSAGE][PASSED] - Modify property of object successfully

2020-06-26 08:10:03 - [TEST_STEP][PASSED] - mouseOver(modifiedSelection): Object: 'Object Repository/Objects.HoverToAnyMenuSelection/span_Common' is hovered

2020-06-26 08:10:03 - [MESSAGE][PASSED] - Object: 'Object Repository/Objects.HoverToAnyMenuSelection/span_Common' is hovered

2020-06-26 08:10:03 - [MESSAGE][PASSED] - Call Test Case 'Test Cases/Components/HoverToAnyMenuSelection' successfully

2020-06-26 08:10:03 - [TEST_STEP][PASSED] - callTestCase(findTestCase("Components/HoverToAnyMenuSelection"), ["MenuSelection":"Maintenance"], STOP_ON_FAILURE): Call Test Case 'Test Cases/Components/HoverToAnyMenuSelection' successfully

2020-06-26 08:10:04 - [TEST_CASE][PASSED] - Test Cases/Components/HoverToAnyMenuSelection: Test Cases/Components/HoverToAnyMenuSelection

2020-06-26 08:10:04 - [TEST_STEP][PASSED] - Thread.sleep(1000): null

2020-06-26 08:10:05 - [TEST_STEP][PASSED] - modifiedSelection = modifyObjectProperty(findTestObject("Objects.HoverToAnyMenuSelection/span_Common"), "text", "equals", MenuSelection, true): Modify property of object successfully

2020-06-26 08:10:05 - [MESSAGE][PASSED] - Modify property of object successfully

2020-06-26 08:10:05 - [TEST_STEP][PASSED] - mouseOver(modifiedSelection): Object: 'Object Repository/Objects.HoverToAnyMenuSelection/span_Common' is hovered

2020-06-26 08:10:05 - [MESSAGE][PASSED] - Object: 'Object Repository/Objects.HoverToAnyMenuSelection/span_Common' is hovered

2020-06-26 08:10:05 - [MESSAGE][PASSED] - Call Test Case 'Test Cases/Components/HoverToAnyMenuSelection' successfully

2020-06-26 08:10:05 - [TEST_STEP][PASSED] - callTestCase(findTestCase("Components/HoverToAnyMenuSelection"), ["MenuSelection":"Maintain Application"], STOP_ON_FAILURE): Call Test Case 'Test Cases/Components/HoverToAnyMenuSelection' successfully

2020-06-26 08:10:05 - [TEST_CASE][PASSED] - Test Cases/Components/HoverToAnyMenuSelection: Test Cases/Components/HoverToAnyMenuSelection

2020-06-26 08:10:05 - [TEST_STEP][PASSED] - Thread.sleep(1000): null

2020-06-26 08:10:06 - [TEST_STEP][PASSED] - modifiedSelection = modifyObjectProperty(findTestObject("Objects.HoverToAnyMenuSelection/span_Common"), "text", "equals", MenuSelection, true): Modify property of object successfully

2020-06-26 08:10:06 - [MESSAGE][PASSED] - Modify property of object successfully

2020-06-26 08:10:06 - [TEST_STEP][PASSED] - mouseOver(modifiedSelection): Object: 'Object Repository/Objects.HoverToAnyMenuSelection/span_Common' is hovered

2020-06-26 08:10:06 - [MESSAGE][PASSED] - Object: 'Object Repository/Objects.HoverToAnyMenuSelection/span_Common' is hovered

2020-06-26 08:10:06 - [MESSAGE][PASSED] - Call Test Case 'Test Cases/Components/HoverToAnyMenuSelection' successfully

2020-06-26 08:10:06 - [TEST_STEP][PASSED] - callTestCase(findTestCase("Components/ClickLink"), ["LinkToModify":"Maintain Application"], STOP_ON_FAILURE): Call Test Case 'Test Cases/Components/ClickLink' successfully

2020-06-26 08:10:06 - [TEST_CASE][PASSED] - Test Cases/Components/ClickLink: Test Cases/Components/ClickLink

2020-06-26 08:10:06 - [TEST_STEP][PASSED] - Thread.sleep(1000): null

2020-06-26 08:10:07 - [TEST_STEP][PASSED] - modifiedLink = modifyObjectProperty(findTestObject("Objects.ClickLink/Page_ISPS2/LinkToModify"), "text", "equals", LinkToModify, true): Modify property of object successfully

2020-06-26 08:10:07 - [MESSAGE][PASSED] - Modify property of object successfully

2020-06-26 08:10:07 - [TEST_STEP][PASSED] - com.reusableComponents.HighlightElement.run(modifiedLink): com.reusableComponents.HighlightElement.run is PASSED

2020-06-26 08:10:09 - [MESSAGE][PASSED] - com.reusableComponents.HighlightElement.run is PASSED

2020-06-26 08:10:09 - [TEST_STEP][PASSED] - click(modifiedLink): Object: 'Object Repository/Objects.ClickLink/Page_ISPS2/LinkToModify' is clicked on

2020-06-26 08:10:11 - [MESSAGE][PASSED] - Object: 'Object Repository/Objects.ClickLink/Page_ISPS2/LinkToModify' is clicked on

2020-06-26 08:10:11 - [MESSAGE][PASSED] - Call Test Case 'Test Cases/Components/ClickLink' successfully

2020-06-26 08:10:11 - [TEST_STEP][PASSED] - callTestCase(findTestCase("Components/SetTextOnField"), ["tagToBeUsed":"input", "nameToBeUsed":"userModuleCmb", "textToBeInputted":"EBNS"], STOP_ON_FAILURE): Call Test Case 'Test Cases/Components/SetTextOnField' successfully

2020-06-26 08:10:11 - [TEST_CASE][PASSED] - Test Cases/Components/SetTextOnField: Test Cases/Components/SetTextOnField

2020-06-26 08:10:11 - [TEST_STEP][PASSED] - Thread.sleep(1000): null

2020-06-26 08:10:12 - [TEST_STEP][PASSED] - modifiedTagOfField = modifyObjectProperty(findTestObject("Objects.SetTextOnField/sampleField"), "tag", "equals", tagToBeUsed, false): Modify property of object successfully

2020-06-26 08:10:12 - [MESSAGE][PASSED] - Modify property of object successfully

2020-06-26 08:10:12 - [TEST_STEP][PASSED] - modifiedNameOfField = modifyObjectProperty(modifiedTagOfField, "name", "equals", nameToBeUsed, true): Modify property of object successfully

2020-06-26 08:10:12 - [MESSAGE][PASSED] - Modify property of object successfully

2020-06-26 08:10:12 - [TEST_STEP][PASSED] - com.reusableComponents.HighlightElement.run(modifiedNameOfField): com.reusableComponents.HighlightElement.run is PASSED

2020-06-26 08:10:13 - [MESSAGE][PASSED] - com.reusableComponents.HighlightElement.run is PASSED

2020-06-26 08:10:13 - [TEST_STEP][PASSED] - setText(modifiedNameOfField, textToBeInputted): Text 'EBNS' is set on object 'Object Repository/Objects.SetTextOnField/sampleField'

2020-06-26 08:10:14 - [MESSAGE][PASSED] - Text 'EBNS' is set on object 'Object Repository/Objects.SetTextOnField/sampleField'

2020-06-26 08:10:14 - [MESSAGE][PASSED] - Call Test Case 'Test Cases/Components/SetTextOnField' successfully

2020-06-26 08:10:14 - [TEST_STEP][PASSED] - callTestCase(findTestCase("Components/SendEnterKey"), ["tagToBeUsed":"input", "nameToBeUsed":"userModuleCmb"], STOP_ON_FAILURE): Call Test Case 'Test Cases/Components/SendEnterKey' successfully

2020-06-26 08:10:14 - [TEST_CASE][PASSED] - Test Cases/Components/SendEnterKey: Test Cases/Components/SendEnterKey

2020-06-26 08:10:14 - [TEST_STEP][PASSED] - Thread.sleep(1000): null

2020-06-26 08:10:15 - [TEST_STEP][PASSED] - firstModification = modifyObjectProperty(findTestObject("SendKey/object"), "tag", "equals", tagToBeUsed, false): Modify property of object successfully

2020-06-26 08:10:15 - [MESSAGE][PASSED] - Modify property of object successfully

2020-06-26 08:10:15 - [TEST_STEP][PASSED] - secondModification = modifyObjectProperty(firstModification, "name", "equals", nameToBeUsed, true): Modify property of object successfully

2020-06-26 08:10:15 - [MESSAGE][PASSED] - Modify property of object successfully

2020-06-26 08:10:15 - [TEST_STEP][PASSED] - sendKeys(secondModification, Keys.chord(ENTER)): Keys 'ENTER + ' sent to object: 'Object Repository/SendKey/object'

2020-06-26 08:10:15 - [MESSAGE][PASSED] - Keys 'ENTER + ' sent to object: 'Object Repository/SendKey/object'

2020-06-26 08:10:15 - [MESSAGE][PASSED] - Call Test Case 'Test Cases/Components/SendEnterKey' successfully

2020-06-26 08:10:15 - [TEST_STEP][PASSED] - callTestCase(findTestCase("Components/ClickBlueButtonsWithXPI"), ["Button":"Search", "Index":"3"], STOP_ON_FAILURE): Call Test Case 'Test Cases/Components/ClickBlueButtonsWithXPI' successfully

2020-06-26 08:10:15 - [TEST_CASE][PASSED] - Test Cases/Components/ClickBlueButtonsWithXPI: Test Cases/Components/ClickBlueButtonsWithXPI

2020-06-26 08:10:15 - [TEST_STEP][PASSED] - Thread.sleep(1000): null

2020-06-26 08:10:16 - [TEST_STEP][PASSED] - complexlyModifiedButtonGG = modifyObjectProperty(findTestObject("Objects.ClickBlueButtonsWithXPI/span_Reset"), "xPath", "equals", "(//*[text()="" + Button + ""])[" + Index + "]", true): Modify property of object successfully

2020-06-26 08:10:16 - [MESSAGE][PASSED] - Modify property of object successfully

2020-06-26 08:10:16 - [TEST_STEP][PASSED] - click(complexlyModifiedButtonGG): Object: 'Object Repository/Objects.ClickBlueButtonsWithXPI/span_Reset' is clicked on

2020-06-26 08:10:16 - [MESSAGE][PASSED] - Object: 'Object Repository/Objects.ClickBlueButtonsWithXPI/span_Reset' is clicked on

2020-06-26 08:10:16 - [MESSAGE][PASSED] - Call Test Case 'Test Cases/Components/ClickBlueButtonsWithXPI' successfully

2020-06-26 08:10:16 - [TEST_STEP][PASSED] - callTestCase(findTestCase("Components/ManipulateCaseDurationConfig"), ["caseDuration":"5", "moduleName":"EBNS", "caseTypeCode":"SMB"], STOP_ON_FAILURE): Call Test Case 'Test Cases/Components/ManipulateCaseDurationConfig' successfully

2020-06-26 08:10:16 - [TEST_CASE][PASSED] - Test Cases/Components/ManipulateCaseDurationConfig: Test Cases/Components/ManipulateCaseDurationConfig

2020-06-26 08:10:16 - [TEST_STEP][PASSED] - Thread.sleep(1000): null

2020-06-26 08:10:17 - [TEST_STEP][PASSED] - waitForPageLoad(120): Wait for page load successfully

2020-06-26 08:10:17 - [MESSAGE][PASSED] - Wait for page load successfully

2020-06-26 08:10:17 - [TEST_STEP][PASSED] - verifyElementText(findTestObject("Objects.ManipulateCaseDurationConfig/moduleName"), moduleName): Actual text and expected text of test object 'Object Repository/Objects.ManipulateCaseDurationConfig/moduleName' are matched.

2020-06-26 08:10:18 - [MESSAGE][PASSED] - Actual text and expected text of test object 'Object Repository/Objects.ManipulateCaseDurationConfig/moduleName' are matched.

2020-06-26 08:10:18 - [TEST_STEP][PASSED] - verifyElementText(findTestObject("Objects.ManipulateCaseDurationConfig/caseTypeCode"), caseTypeCode): Actual text and expected text of test object 'Object Repository/Objects.ManipulateCaseDurationConfig/caseTypeCode' are matched.

2020-06-26 08:10:18 - [MESSAGE][PASSED] - Actual text and expected text of test object 'Object Repository/Objects.ManipulateCaseDurationConfig/caseTypeCode' are matched.

2020-06-26 08:10:18 - [TEST_STEP][PASSED] - click(findTestObject("Objects.ManipulateCaseDurationConfig/editCaseDurationButton")): Object: 'Object Repository/Objects.ManipulateCaseDurationConfig/editCaseDurationButton' is clicked on

2020-06-26 08:10:18 - [MESSAGE][PASSED] - Object: 'Object Repository/Objects.ManipulateCaseDurationConfig/editCaseDurationButton' is clicked on

2020-06-26 08:10:18 - [TEST_STEP][PASSED] - doubleClick(findTestObject("Objects.ManipulateCaseDurationConfig/caseConfig")): Object: 'Object Repository/Objects.ManipulateCaseDurationConfig/caseConfig' is double clicked on

2020-06-26 08:10:19 - [MESSAGE][PASSED] - Object: 'Object Repository/Objects.ManipulateCaseDurationConfig/caseConfig' is double clicked on

2020-06-26 08:10:19 - [TEST_STEP][PASSED] - setText(findTestObject("Objects.ManipulateCaseDurationConfig/durationField"), caseDuration): Text '5' is set on object 'Object Repository/Objects.ManipulateCaseDurationConfig/durationField'

2020-06-26 08:10:19 - [MESSAGE][PASSED] - Text '5' is set on object 'Object Repository/Objects.ManipulateCaseDurationConfig/durationField'

2020-06-26 08:10:19 - [TEST_STEP][PASSED] - caseConfigDuration = caseDuration: null

2020-06-26 08:10:19 - [TEST_STEP][PASSED] - sendKeys(findTestObject("Objects.ManipulateCaseDurationConfig/durationField"), Keys.chord(ENTER)): Keys 'ENTER + ' sent to object: 'Object Repository/Objects.ManipulateCaseDurationConfig/durationField'

2020-06-26 08:10:20 - [MESSAGE][PASSED] - Keys 'ENTER + ' sent to object: 'Object Repository/Objects.ManipulateCaseDurationConfig/durationField'

2020-06-26 08:10:20 - [MESSAGE][PASSED] - Call Test Case 'Test Cases/Components/ManipulateCaseDurationConfig' successfully

2020-06-26 08:10:20 - [TEST_STEP][PASSED] - callTestCase(findTestCase("Components/ClickBlueButtonsWithXPI"), ["Button":"Save", "Index":"2"], STOP_ON_FAILURE): Call Test Case 'Test Cases/Components/ClickBlueButtonsWithXPI' successfully

2020-06-26 08:10:20 - [TEST_CASE][PASSED] - Test Cases/Components/ClickBlueButtonsWithXPI: Test Cases/Components/ClickBlueButtonsWithXPI

2020-06-26 08:10:20 - [TEST_STEP][PASSED] - Thread.sleep(1000): null

2020-06-26 08:10:21 - [TEST_STEP][PASSED] - complexlyModifiedButtonGG = modifyObjectProperty(findTestObject("Objects.ClickBlueButtonsWithXPI/span_Reset"), "xPath", "equals", "(//*[text()="" + Button + ""])[" + Index + "]", true): Modify property of object successfully

2020-06-26 08:10:21 - [MESSAGE][PASSED] - Modify property of object successfully

2020-06-26 08:10:21 - [TEST_STEP][PASSED] - click(complexlyModifiedButtonGG): Object: 'Object Repository/Objects.ClickBlueButtonsWithXPI/span_Reset' is clicked on

2020-06-26 08:10:21 - [MESSAGE][PASSED] - Object: 'Object Repository/Objects.ClickBlueButtonsWithXPI/span_Reset' is clicked on

2020-06-26 08:10:21 - [MESSAGE][PASSED] - Call Test Case 'Test Cases/Components/ClickBlueButtonsWithXPI' successfully

2020-06-26 08:10:21 - [TEST_STEP][PASSED] - callTestCase(findTestCase("Components/Logout"), [:], STOP_ON_FAILURE): Call Test Case 'Test Cases/Components/Logout' successfully

2020-06-26 08:10:21 - [TEST_CASE][PASSED] - Test Cases/Components/Logout: Test Cases/Components/Logout

2020-06-26 08:10:21 - [TEST_STEP][PASSED] - Thread.sleep(3000): null

2020-06-26 08:10:24 - [TEST_STEP][NOT_RUN] - com.reusableComponents.HighlightElement.run(findTestObject("Objects.Logout/accountDropdown")): NOT_RUN: com.reusableComponents.HighlightElement.run(findTestObject("Objects.Logout/accountDropdown"))

2020-06-26 08:10:24 - [MESSAGE][NOT_RUN] - NOT_RUN: com.reusableComponents.HighlightElement.run(findTestObject("Objects.Logout/accountDropdown"))

2020-06-26 08:10:24 - [TEST_STEP][NOT_RUN] - click(findTestObject("Objects.Logout/accountDropdown")): NOT_RUN: click(findTestObject("Objects.Logout/accountDropdown"))

2020-06-26 08:10:24 - [MESSAGE][NOT_RUN] - NOT_RUN: click(findTestObject("Objects.Logout/accountDropdown"))

2020-06-26 08:10:24 - [TEST_STEP][NOT_RUN] - com.reusableComponents.clickUsingJS.clickUsingJS(findTestObject("Objects.Logout/accountDropdown"), 0): NOT_RUN: com.reusableComponents.clickUsingJS.clickUsingJS(findTestObject("Objects.Logout/accountDropdown"), 0)

2020-06-26 08:10:24 - [MESSAGE][NOT_RUN] - NOT_RUN: com.reusableComponents.clickUsingJS.clickUsingJS(findTestObject("Objects.Logout/accountDropdown"), 0)

2020-06-26 08:10:24 - [TEST_STEP][PASSED] - element = findWebElement(findTestObject("Objects.Logout/accountDropdown"), 30): null

2020-06-26 08:10:24 - [TEST_STEP][PASSED] - executeJavaScript("arguments[0].click()", Arrays.asList(element)): Execute JavaScript 'arguments[0].click()' successfully

2020-06-26 08:10:24 - [MESSAGE][PASSED] - Execute JavaScript 'arguments[0].click()' successfully

2020-06-26 08:10:24 - [TEST_STEP][NOT_RUN] - com.reusableComponents.HighlightElement.run(findTestObject("Objects.Logout/span_Logout")): NOT_RUN: com.reusableComponents.HighlightElement.run(findTestObject("Objects.Logout/span_Logout"))

2020-06-26 08:10:24 - [MESSAGE][NOT_RUN] - NOT_RUN: com.reusableComponents.HighlightElement.run(findTestObject("Objects.Logout/span_Logout"))

2020-06-26 08:10:24 - [TEST_STEP][PASSED] - click(findTestObject("Objects.Logout/span_Logout"), STOP_ON_FAILURE): Object: 'Object Repository/Objects.Logout/span_Logout' is clicked on

2020-06-26 08:10:28 - [MESSAGE][PASSED] - Object: 'Object Repository/Objects.Logout/span_Logout' is clicked on

2020-06-26 08:10:28 - [TEST_STEP][PASSED] - waitForPageLoad(30): Wait for page load successfully

2020-06-26 08:10:28 - [MESSAGE][PASSED] - Wait for page load successfully

2020-06-26 08:10:28 - [TEST_STEP][PASSED] - Thread.sleep(3000): null

2020-06-26 08:10:31 - [TEST_STEP][PASSED] - verifyTextPresent(LogoutPageTextToBeVerified, true): Text '' is present on page  using regular expression

2020-06-26 08:10:33 - [MESSAGE][PASSED] - Text '' is present on page  using regular expression

2020-06-26 08:10:33 - [TEST_STEP][PASSED] - delay(5): Delayed 5 second(s)

2020-06-26 08:10:38 - [MESSAGE][PASSED] - Delayed 5 second(s)

2020-06-26 08:10:38 - [TEST_STEP][NOT_RUN] - com.reusableComponents.HighlightElement.run(findTestObject("Objects.Logout/div_Sign in to ISPS2-PROD-Verify")): NOT_RUN: com.reusableComponents.HighlightElement.run(findTestObject("Objects.Logout/div_Sign in to ISPS2-PROD-Verify"))

2020-06-26 08:10:38 - [MESSAGE][NOT_RUN] - NOT_RUN: com.reusableComponents.HighlightElement.run(findTestObject("Objects.Logout/div_Sign in to ISPS2-PROD-Verify"))

2020-06-26 08:10:38 - [TEST_STEP][PASSED] - closeBrowser(): Browser is closed

2020-06-26 08:10:39 - [MESSAGE][PASSED] - Browser is closed

2020-06-26 08:10:39 - [MESSAGE][PASSED] - Call Test Case 'Test Cases/Components/Logout' successfully

2020-06-26 08:10:39 - [TEST_STEP][PASSED] - callTestCase(findTestCase("Components/LoginV2.0"), ["LinkToBeUsed":findTestData("Datatable").getValue("URL", 2), "LoginPageTextToBeVerified":findTestData("Datatable").getValue("HomeBanner", 2), ... ], STOP_ON_FAILURE): Call Test Case 'Test Cases/Components/LoginV2.0' successfully

2020-06-26 08:10:39 - [TEST_CASE][PASSED] - Test Cases/Components/LoginV2.0: Test Cases/Components/LoginV2.0

2020-06-26 08:10:39 - [TEST_STEP][PASSED] - openBrowser(LinkToBeUsed): Browser is opened with url: 'http://192.168.190.37:3012/isps2-mig/authnz/login.do'

2020-06-26 08:10:39 - [MESSAGE][INFO] - Starting 'Edge' driver

2020-06-26 08:10:53 - [MESSAGE][PASSED] - Browser is opened with url: 'http://192.168.190.37:3012/isps2-mig/authnz/login.do'

2020-06-26 08:10:53 - [TEST_STEP][PASSED] - maximizeWindow(): Current window maximized

2020-06-26 08:10:55 - [MESSAGE][PASSED] - Current window maximized

2020-06-26 08:10:55 - [TEST_STEP][PASSED] - verifyTextPresent(LoginPageTextToBeVerified, false): Text 'Sign in to ISPS2-SIT' is present on page 

2020-06-26 08:10:55 - [MESSAGE][PASSED] - Text 'Sign in to ISPS2-SIT' is present on page 

2020-06-26 08:10:55 - [TEST_STEP][PASSED] - setText(findTestObject("Objects.LoginV2.0/Login Page/input_Sign in to ISPS2-PROD-Verify_username"), Username): Text 'UAT-BEETEE' is set on object 'Object Repository/Objects.LoginV2.0/Login Page/input_Sign in to ISPS2-PROD-Verify_username'

2020-06-26 08:10:55 - [MESSAGE][PASSED] - Text 'UAT-BEETEE' is set on object 'Object Repository/Objects.LoginV2.0/Login Page/input_Sign in to ISPS2-PROD-Verify_username'

2020-06-26 08:10:55 - [TEST_STEP][PASSED] - setEncryptedText(findTestObject("Objects.LoginV2.0/Login Page/input_This field is required_password"), Password): Text ****** has been set on object 'Object Repository/Objects.LoginV2.0/Login Page/input_This field is required_password'

2020-06-26 08:10:55 - [MESSAGE][PASSED] - Text ****** has been set on object 'Object Repository/Objects.LoginV2.0/Login Page/input_This field is required_password'

2020-06-26 08:10:55 - [TEST_STEP][NOT_RUN] - setEncryptedText(findTestObject(null), Password): NOT_RUN: setEncryptedText(findTestObject(null), Password)

2020-06-26 08:10:55 - [MESSAGE][NOT_RUN] - NOT_RUN: setEncryptedText(findTestObject(null), Password)

2020-06-26 08:10:55 - [TEST_STEP][PASSED] - click(findTestObject("Objects.LoginV2.0/Login Page/div_Sign in to ISPS2-PROD-Verify_NovaGoButton-1021"), OPTIONAL): Object: 'Object Repository/Objects.LoginV2.0/Login Page/div_Sign in to ISPS2-PROD-Verify_NovaGoButton-1021' is clicked on

2020-06-26 08:10:56 - [MESSAGE][PASSED] - Object: 'Object Repository/Objects.LoginV2.0/Login Page/div_Sign in to ISPS2-PROD-Verify_NovaGoButton-1021' is clicked on

2020-06-26 08:10:56 - [TEST_STEP][PASSED] - waitForPageLoad(30): Wait for page load successfully

2020-06-26 08:10:56 - [MESSAGE][PASSED] - Wait for page load successfully

2020-06-26 08:10:56 - [TEST_STEP][PASSED] - Thread.sleep(3000): null

2020-06-26 08:10:59 - [MESSAGE][PASSED] - Call Test Case 'Test Cases/Components/LoginV2.0' successfully

2020-06-26 08:10:59 - [TEST_STEP][PASSED] - callTestCase(findTestCase("Components/Wait"), ["secondsToWait":3000], STOP_ON_FAILURE): Call Test Case 'Test Cases/Components/Wait' successfully

2020-06-26 08:10:59 - [TEST_CASE][PASSED] - Test Cases/Components/Wait: Test Cases/Components/Wait

2020-06-26 08:10:59 - [TEST_STEP][PASSED] - Thread.sleep(secondsToWait): null

2020-06-26 08:11:02 - [MESSAGE][PASSED] - Call Test Case 'Test Cases/Components/Wait' successfully

2020-06-26 08:11:02 - [TEST_STEP][PASSED] - callTestCase(findTestCase("Components/OpenHomepageMenu"), [:], STOP_ON_FAILURE): Call Test Case 'Test Cases/Components/OpenHomepageMenu' successfully

2020-06-26 08:11:02 - [TEST_CASE][PASSED] - Test Cases/Components/OpenHomepageMenu: Test Cases/Components/OpenHomepageMenu

2020-06-26 08:11:02 - [TEST_STEP][PASSED] - Thread.sleep(1000): null

2020-06-26 08:11:03 - [TEST_STEP][PASSED] - verifyTextPresent("Loading search result. Please wait...", false, OPTIONAL): Text 'Loading search result. Please wait...' is not present on page  (Root cause: com.kms.katalon.core.exception.StepFailedException: Text 'Loading search result. Please wait...' is not present on page 
	at com.kms.katalon.core.webui.keyword.internal.WebUIKeywordMain.stepFailed(WebUIKeywordMain.groovy:64)
	at com.kms.katalon.core.webui.keyword.builtin.VerifyTextPresentKeyword$_verifyTextPresent_closure1.doCall(VerifyTextPresentKeyword.groovy:79)
	at com.kms.katalon.core.webui.keyword.builtin.VerifyTextPresentKeyword$_verifyTextPresent_closure1.call(VerifyTextPresentKeyword.groovy)
	at com.kms.katalon.core.webui.keyword.internal.WebUIKeywordMain.runKeyword(WebUIKeywordMain.groovy:20)
	at com.kms.katalon.core.webui.keyword.builtin.VerifyTextPresentKeyword.verifyTextPresent(VerifyTextPresentKeyword.groovy:83)
	at com.kms.katalon.core.webui.keyword.builtin.VerifyTextPresentKeyword.execute(VerifyTextPresentKeyword.groovy:68)
	at com.kms.katalon.core.keyword.internal.KeywordExecutor.executeKeywordForPlatform(KeywordExecutor.groovy:72)
	at com.kms.katalon.core.webui.keyword.WebUiBuiltInKeywords.verifyTextPresent(WebUiBuiltInKeywords.groovy:1677)
	at com.kms.katalon.core.webui.keyword.WebUiBuiltInKeywords$verifyTextPresent$7.call(Unknown Source)
	at OpenHomepageMenu.run(OpenHomepageMenu:18)
	at com.kms.katalon.core.main.ScriptEngine.run(ScriptEngine.java:194)
	at com.kms.katalon.core.main.ScriptEngine.runScriptAsRawText(ScriptEngine.java:119)
	at com.kms.katalon.core.main.TestCaseExecutor.runScript(TestCaseExecutor.java:337)
	at com.kms.katalon.core.main.TestCaseExecutor.doExecute(TestCaseExecutor.java:328)
	at com.kms.katalon.core.main.TestCaseExecutor.processExecutionPhase(TestCaseExecutor.java:307)
	at com.kms.katalon.core.main.TestCaseExecutor.accessMainPhase(TestCaseExecutor.java:299)
	at com.kms.katalon.core.main.TestCaseExecutor.execute(TestCaseExecutor.java:233)
	at com.kms.katalon.core.main.TestCaseMain.runTestCase(TestCaseMain.java:114)
	at com.kms.katalon.core.keyword.builtin.CallTestCaseKeyword$_callTestCase_closure1.doCall(CallTestCaseKeyword.groovy:59)
	at com.kms.katalon.core.keyword.builtin.CallTestCaseKeyword$_callTestCase_closure1.call(CallTestCaseKeyword.groovy)
	at com.kms.katalon.core.keyword.internal.KeywordMain.runKeyword(KeywordMain.groovy:68)
	at com.kms.katalon.core.keyword.builtin.CallTestCaseKeyword.callTestCase(CallTestCaseKeyword.groovy:81)
	at com.kms.katalon.core.keyword.builtin.CallTestCaseKeyword.execute(CallTestCaseKeyword.groovy:44)
	at com.kms.katalon.core.keyword.internal.KeywordExecutor.executeKeywordForPlatform(KeywordExecutor.groovy:72)
	at com.kms.katalon.core.keyword.BuiltinKeywords.callTestCase(BuiltinKeywords.groovy:334)
	at BCAISPS-14777.TCID002.run(BCAISPS-14777.TCID002:73)
	at com.kms.katalon.core.main.ScriptEngine.run(ScriptEngine.java:194)
	at com.kms.katalon.core.main.ScriptEngine.runScriptAsRawText(ScriptEngine.java:119)
	at com.kms.katalon.core.main.TestCaseExecutor.runScript(TestCaseExecutor.java:337)
	at com.kms.katalon.core.main.TestCaseExecutor.doExecute(TestCaseExecutor.java:328)
	at com.kms.katalon.core.main.TestCaseExecutor.processExecutionPhase(TestCaseExecutor.java:307)
	at com.kms.katalon.core.main.TestCaseExecutor.accessMainPhase(TestCaseExecutor.java:299)
	at com.kms.katalon.core.main.TestCaseExecutor.execute(TestCaseExecutor.java:233)
	at com.kms.katalon.core.main.TestSuiteExecutor.accessTestCaseMainPhase(TestSuiteExecutor.java:169)
	at com.kms.katalon.core.main.TestSuiteExecutor.accessTestSuiteMainPhase(TestSuiteExecutor.java:142)
	at com.kms.katalon.core.main.TestSuiteExecutor.execute(TestSuiteExecutor.java:91)
	at com.kms.katalon.core.main.TestCaseMain.startTestSuite(TestCaseMain.java:157)
	at com.kms.katalon.core.main.TestCaseMain$startTestSuite$0.call(Unknown Source)
	at TempTestSuite1593129971513.run(TempTestSuite1593129971513.groovy:36)
)

2020-06-26 08:11:03 - [MESSAGE][WARNING] - Text 'Loading search result. Please wait...' is not present on page  (Root cause: com.kms.katalon.core.exception.StepFailedException: Text 'Loading search result. Please wait...' is not present on page 
	at com.kms.katalon.core.webui.keyword.internal.WebUIKeywordMain.stepFailed(WebUIKeywordMain.groovy:64)
	at com.kms.katalon.core.webui.keyword.builtin.VerifyTextPresentKeyword$_verifyTextPresent_closure1.doCall(VerifyTextPresentKeyword.groovy:79)
	at com.kms.katalon.core.webui.keyword.builtin.VerifyTextPresentKeyword$_verifyTextPresent_closure1.call(VerifyTextPresentKeyword.groovy)
	at com.kms.katalon.core.webui.keyword.internal.WebUIKeywordMain.runKeyword(WebUIKeywordMain.groovy:20)
	at com.kms.katalon.core.webui.keyword.builtin.VerifyTextPresentKeyword.verifyTextPresent(VerifyTextPresentKeyword.groovy:83)
	at com.kms.katalon.core.webui.keyword.builtin.VerifyTextPresentKeyword.execute(VerifyTextPresentKeyword.groovy:68)
	at com.kms.katalon.core.keyword.internal.KeywordExecutor.executeKeywordForPlatform(KeywordExecutor.groovy:72)
	at com.kms.katalon.core.webui.keyword.WebUiBuiltInKeywords.verifyTextPresent(WebUiBuiltInKeywords.groovy:1677)
	at com.kms.katalon.core.webui.keyword.WebUiBuiltInKeywords$verifyTextPresent$7.call(Unknown Source)
	at OpenHomepageMenu.run(OpenHomepageMenu:18)
	at com.kms.katalon.core.main.ScriptEngine.run(ScriptEngine.java:194)
	at com.kms.katalon.core.main.ScriptEngine.runScriptAsRawText(ScriptEngine.java:119)
	at com.kms.katalon.core.main.TestCaseExecutor.runScript(TestCaseExecutor.java:337)
	at com.kms.katalon.core.main.TestCaseExecutor.doExecute(TestCaseExecutor.java:328)
	at com.kms.katalon.core.main.TestCaseExecutor.processExecutionPhase(TestCaseExecutor.java:307)
	at com.kms.katalon.core.main.TestCaseExecutor.accessMainPhase(TestCaseExecutor.java:299)
	at com.kms.katalon.core.main.TestCaseExecutor.execute(TestCaseExecutor.java:233)
	at com.kms.katalon.core.main.TestCaseMain.runTestCase(TestCaseMain.java:114)
	at com.kms.katalon.core.keyword.builtin.CallTestCaseKeyword$_callTestCase_closure1.doCall(CallTestCaseKeyword.groovy:59)
	at com.kms.katalon.core.keyword.builtin.CallTestCaseKeyword$_callTestCase_closure1.call(CallTestCaseKeyword.groovy)
	at com.kms.katalon.core.keyword.internal.KeywordMain.runKeyword(KeywordMain.groovy:68)
	at com.kms.katalon.core.keyword.builtin.CallTestCaseKeyword.callTestCase(CallTestCaseKeyword.groovy:81)
	at com.kms.katalon.core.keyword.builtin.CallTestCaseKeyword.execute(CallTestCaseKeyword.groovy:44)
	at com.kms.katalon.core.keyword.internal.KeywordExecutor.executeKeywordForPlatform(KeywordExecutor.groovy:72)
	at com.kms.katalon.core.keyword.BuiltinKeywords.callTestCase(BuiltinKeywords.groovy:334)
	at BCAISPS-14777.TCID002.run(BCAISPS-14777.TCID002:73)
	at com.kms.katalon.core.main.ScriptEngine.run(ScriptEngine.java:194)
	at com.kms.katalon.core.main.ScriptEngine.runScriptAsRawText(ScriptEngine.java:119)
	at com.kms.katalon.core.main.TestCaseExecutor.runScript(TestCaseExecutor.java:337)
	at com.kms.katalon.core.main.TestCaseExecutor.doExecute(TestCaseExecutor.java:328)
	at com.kms.katalon.core.main.TestCaseExecutor.processExecutionPhase(TestCaseExecutor.java:307)
	at com.kms.katalon.core.main.TestCaseExecutor.accessMainPhase(TestCaseExecutor.java:299)
	at com.kms.katalon.core.main.TestCaseExecutor.execute(TestCaseExecutor.java:233)
	at com.kms.katalon.core.main.TestSuiteExecutor.accessTestCaseMainPhase(TestSuiteExecutor.java:169)
	at com.kms.katalon.core.main.TestSuiteExecutor.accessTestSuiteMainPhase(TestSuiteExecutor.java:142)
	at com.kms.katalon.core.main.TestSuiteExecutor.execute(TestSuiteExecutor.java:91)
	at com.kms.katalon.core.main.TestCaseMain.startTestSuite(TestCaseMain.java:157)
	at com.kms.katalon.core.main.TestCaseMain$startTestSuite$0.call(Unknown Source)
	at TempTestSuite1593129971513.run(TempTestSuite1593129971513.groovy:36)
)

2020-06-26 08:11:03 - [TEST_STEP][PASSED] - waitForElementNotPresent(findTestObject("Objects.OpenHomepageMenu/XP_LoadingPopUp"), 120, OPTIONAL): Web element with id: 'Object Repository/Objects.OpenHomepageMenu/XP_LoadingPopUp' located by 'By.xpath: //div[@class = 'x-mask-msg-text' and (text() = 'Loading search result. Please wait...' or . = 'Loading search result. Please wait...')]' is not present after '120' second(s)

2020-06-26 08:11:03 - [MESSAGE][PASSED] - Web element with id: 'Object Repository/Objects.OpenHomepageMenu/XP_LoadingPopUp' located by 'By.xpath: //div[@class = 'x-mask-msg-text' and (text() = 'Loading search result. Please wait...' or . = 'Loading search result. Please wait...')]' is not present after '120' second(s)

2020-06-26 08:11:03 - [TEST_STEP][PASSED] - verifyElementVisible(findTestObject("Objects.OpenHomepageMenu/div_ISPS2-PROD-Verify_component-1013")): Object 'Object Repository/Objects.OpenHomepageMenu/div_ISPS2-PROD-Verify_component-1013' is visible

2020-06-26 08:11:03 - [MESSAGE][PASSED] - Object 'Object Repository/Objects.OpenHomepageMenu/div_ISPS2-PROD-Verify_component-1013' is visible

2020-06-26 08:11:03 - [TEST_STEP][PASSED] - click(findTestObject("Objects.OpenHomepageMenu/div_ISPS2-PROD-Verify_component-1013")): Object: 'Object Repository/Objects.OpenHomepageMenu/div_ISPS2-PROD-Verify_component-1013' is clicked on

2020-06-26 08:11:03 - [MESSAGE][PASSED] - Object: 'Object Repository/Objects.OpenHomepageMenu/div_ISPS2-PROD-Verify_component-1013' is clicked on

2020-06-26 08:11:04 - [MESSAGE][PASSED] - Call Test Case 'Test Cases/Components/OpenHomepageMenu' successfully

2020-06-26 08:11:04 - [TEST_STEP][PASSED] - callTestCase(findTestCase("Components/HoverToAnyMenuSelection"), ["MenuSelection":"Desktop"], STOP_ON_FAILURE): Call Test Case 'Test Cases/Components/HoverToAnyMenuSelection' successfully

2020-06-26 08:11:04 - [TEST_CASE][PASSED] - Test Cases/Components/HoverToAnyMenuSelection: Test Cases/Components/HoverToAnyMenuSelection

2020-06-26 08:11:04 - [TEST_STEP][PASSED] - Thread.sleep(1000): null

2020-06-26 08:11:05 - [TEST_STEP][PASSED] - modifiedSelection = modifyObjectProperty(findTestObject("Objects.HoverToAnyMenuSelection/span_Common"), "text", "equals", MenuSelection, true): Modify property of object successfully

2020-06-26 08:11:05 - [MESSAGE][PASSED] - Modify property of object successfully

2020-06-26 08:11:05 - [TEST_STEP][PASSED] - mouseOver(modifiedSelection): Object: 'Object Repository/Objects.HoverToAnyMenuSelection/span_Common' is hovered

2020-06-26 08:11:05 - [MESSAGE][PASSED] - Object: 'Object Repository/Objects.HoverToAnyMenuSelection/span_Common' is hovered

2020-06-26 08:11:05 - [MESSAGE][PASSED] - Call Test Case 'Test Cases/Components/HoverToAnyMenuSelection' successfully

2020-06-26 08:11:05 - [TEST_STEP][PASSED] - callTestCase(findTestCase("Components/ClickLink"), ["LinkToModify":"My Tasks"], STOP_ON_FAILURE): Call Test Case 'Test Cases/Components/ClickLink' successfully

2020-06-26 08:11:05 - [TEST_CASE][PASSED] - Test Cases/Components/ClickLink: Test Cases/Components/ClickLink

2020-06-26 08:11:05 - [TEST_STEP][PASSED] - Thread.sleep(1000): null

2020-06-26 08:11:06 - [TEST_STEP][PASSED] - modifiedLink = modifyObjectProperty(findTestObject("Objects.ClickLink/Page_ISPS2/LinkToModify"), "text", "equals", LinkToModify, true): Modify property of object successfully

2020-06-26 08:11:06 - [MESSAGE][PASSED] - Modify property of object successfully

2020-06-26 08:11:06 - [TEST_STEP][PASSED] - com.reusableComponents.HighlightElement.run(modifiedLink): com.reusableComponents.HighlightElement.run is PASSED

2020-06-26 08:11:07 - [MESSAGE][PASSED] - com.reusableComponents.HighlightElement.run is PASSED

2020-06-26 08:11:07 - [TEST_STEP][PASSED] - click(modifiedLink): Object: 'Object Repository/Objects.ClickLink/Page_ISPS2/LinkToModify' is clicked on

2020-06-26 08:11:07 - [MESSAGE][PASSED] - Object: 'Object Repository/Objects.ClickLink/Page_ISPS2/LinkToModify' is clicked on

2020-06-26 08:11:07 - [MESSAGE][PASSED] - Call Test Case 'Test Cases/Components/ClickLink' successfully

2020-06-26 08:11:07 - [TEST_STEP][NOT_RUN] - callTestCase(findTestCase("Components/NavigateToHomepageHeaders"), ["headerText":"My Tasks"], STOP_ON_FAILURE): NOT_RUN: callTestCase(findTestCase("Components/NavigateToHomepageHeaders"), ["headerText":"My Tasks"], STOP_ON_FAILURE)

2020-06-26 08:11:07 - [MESSAGE][NOT_RUN] - NOT_RUN: callTestCase(findTestCase("Components/NavigateToHomepageHeaders"), ["headerText":"My Tasks"], STOP_ON_FAILURE)

2020-06-26 08:11:07 - [TEST_STEP][PASSED] - callTestCase(findTestCase("Components/Filter"), ["taskDescription":"Recommendation and Decision (SMB)"], STOP_ON_FAILURE): Call Test Case 'Test Cases/Components/Filter' successfully

2020-06-26 08:11:07 - [TEST_CASE][PASSED] - Test Cases/Components/Filter: Test Cases/Components/Filter

2020-06-26 08:11:07 - [TEST_STEP][PASSED] - Thread.sleep(5000): null

2020-06-26 08:11:12 - [TEST_STEP][PASSED] - waitForPageLoad(180): Wait for page load successfully

2020-06-26 08:11:12 - [MESSAGE][PASSED] - Wait for page load successfully

2020-06-26 08:11:12 - [TEST_STEP][PASSED] - waitForElementNotPresent(findTestObject("Objects.Filter/Page_ISPS2/div_Loading search result Please wait"), 180): Web element with id: 'Object Repository/Objects.Filter/Page_ISPS2/div_Loading search result Please wait' located by 'By.xpath: //div[@class = 'x-mask-msg-text' and (text() = 'Loading search result. Please wait...' or . = 'Loading search result. Please wait...')]' is not present after '180' second(s)

2020-06-26 08:11:12 - [MESSAGE][PASSED] - Web element with id: 'Object Repository/Objects.Filter/Page_ISPS2/div_Loading search result Please wait' located by 'By.xpath: //div[@class = 'x-mask-msg-text' and (text() = 'Loading search result. Please wait...' or . = 'Loading search result. Please wait...')]' is not present after '180' second(s)

2020-06-26 08:11:12 - [TEST_STEP][PASSED] - click(findTestObject("Objects.Filter/Page_ISPS2/XP.Embutidooo")): Object: 'Object Repository/Objects.Filter/Page_ISPS2/XP.Embutidooo' is clicked on

2020-06-26 08:11:13 - [MESSAGE][PASSED] - Object: 'Object Repository/Objects.Filter/Page_ISPS2/XP.Embutidooo' is clicked on

2020-06-26 08:11:13 - [TEST_STEP][PASSED] - com.reusableComponents.HighlightElement.run(findTestObject("Objects.Filter/Page_ISPS2/span_Reset")): com.reusableComponents.HighlightElement.run is PASSED

2020-06-26 08:11:14 - [MESSAGE][PASSED] - com.reusableComponents.HighlightElement.run is PASSED

2020-06-26 08:11:14 - [TEST_STEP][PASSED] - click(findTestObject("Objects.Filter/Page_ISPS2/span_Reset")): Object: 'Object Repository/Objects.Filter/Page_ISPS2/span_Reset' is clicked on

2020-06-26 08:11:14 - [MESSAGE][PASSED] - Object: 'Object Repository/Objects.Filter/Page_ISPS2/span_Reset' is clicked on

2020-06-26 08:11:14 - [TEST_STEP][PASSED] - com.reusableComponents.HighlightElement.run(findTestObject("Objects.Filter/Page_ISPS2/TextBoxTaskDescription")): com.reusableComponents.HighlightElement.run is PASSED

2020-06-26 08:11:16 - [MESSAGE][PASSED] - com.reusableComponents.HighlightElement.run is PASSED

2020-06-26 08:11:16 - [TEST_STEP][PASSED] - setText(findTestObject("Objects.Filter/Page_ISPS2/TextBoxTaskDescription"), taskDescription): Text 'Recommendation and Decision (SMB)' is set on object 'Object Repository/Objects.Filter/Page_ISPS2/TextBoxTaskDescription'

2020-06-26 08:11:16 - [MESSAGE][PASSED] - Text 'Recommendation and Decision (SMB)' is set on object 'Object Repository/Objects.Filter/Page_ISPS2/TextBoxTaskDescription'

2020-06-26 08:11:16 - [TEST_STEP][PASSED] - caseType = taskDescription: null

2020-06-26 08:11:16 - [TEST_STEP][PASSED] - sendKeys(findTestObject("Objects.Filter/Page_ISPS2/TextBoxTaskDescription"), Keys.chord(ENTER)): Keys 'ENTER + ' sent to object: 'Object Repository/Objects.Filter/Page_ISPS2/TextBoxTaskDescription'

2020-06-26 08:11:16 - [MESSAGE][PASSED] - Keys 'ENTER + ' sent to object: 'Object Repository/Objects.Filter/Page_ISPS2/TextBoxTaskDescription'

2020-06-26 08:11:16 - [TEST_STEP][PASSED] - com.reusableComponents.HighlightElement.run(findTestObject("Objects.Filter/Page_ISPS2/span_Search")): com.reusableComponents.HighlightElement.run is PASSED

2020-06-26 08:11:18 - [MESSAGE][PASSED] - com.reusableComponents.HighlightElement.run is PASSED

2020-06-26 08:11:18 - [TEST_STEP][PASSED] - click(findTestObject("Objects.Filter/Page_ISPS2/span_Search")): Object: 'Object Repository/Objects.Filter/Page_ISPS2/span_Search' is clicked on

2020-06-26 08:11:18 - [MESSAGE][PASSED] - Object: 'Object Repository/Objects.Filter/Page_ISPS2/span_Search' is clicked on

2020-06-26 08:11:18 - [TEST_STEP][NOT_RUN] - verifyTextPresent("Loading search result. Please wait...", false): NOT_RUN: verifyTextPresent("Loading search result. Please wait...", false)

2020-06-26 08:11:18 - [MESSAGE][NOT_RUN] - NOT_RUN: verifyTextPresent("Loading search result. Please wait...", false)

2020-06-26 08:11:18 - [TEST_STEP][NOT_RUN] - waitForElementNotPresent(findTestObject("Objects.Filter/Page_ISPS2/div_Loading search result Please wait"), 120): NOT_RUN: waitForElementNotPresent(findTestObject("Objects.Filter/Page_ISPS2/div_Loading search result Please wait"), 120)

2020-06-26 08:11:18 - [MESSAGE][NOT_RUN] - NOT_RUN: waitForElementNotPresent(findTestObject("Objects.Filter/Page_ISPS2/div_Loading search result Please wait"), 120)

2020-06-26 08:11:18 - [TEST_STEP][PASSED] - Thread.sleep(5000): null

2020-06-26 08:11:23 - [MESSAGE][PASSED] - Call Test Case 'Test Cases/Components/Filter' successfully

2020-06-26 08:11:23 - [TEST_STEP][PASSED] - callTestCase(findTestCase("Components/SelectItemFromFilteredTasks"), ["Index":"1", "extractedCaseTypeFromGV":caseType], STOP_ON_FAILURE): Call Test Case 'Test Cases/Components/SelectItemFromFilteredTasks' successfully

2020-06-26 08:11:23 - [TEST_CASE][PASSED] - Test Cases/Components/SelectItemFromFilteredTasks: Test Cases/Components/SelectItemFromFilteredTasks

2020-06-26 08:11:23 - [TEST_STEP][PASSED] - Thread.sleep(2000): null

2020-06-26 08:11:25 - [TEST_STEP][PASSED] - waitForPageLoad(180): Wait for page load successfully

2020-06-26 08:11:25 - [MESSAGE][PASSED] - Wait for page load successfully

2020-06-26 08:11:25 - [TEST_STEP][PASSED] - modifiedTaskDescription = modifyObjectProperty(findTestObject("Objects.SelectItemFromFilteredTasks/Page_ISPS2/a_caseType"), "xPath", "equals", "(//a[text()="" + extractedCaseTypeFromGV + ""])[" + Index + "]", true): Modify property of object successfully

2020-06-26 08:11:25 - [MESSAGE][PASSED] - Modify property of object successfully

2020-06-26 08:11:25 - [TEST_STEP][PASSED] - Index = Index: null

2020-06-26 08:11:25 - [TEST_STEP][PASSED] - com.reusableComponents.HighlightElement.run(modifiedTaskDescription): com.reusableComponents.HighlightElement.run is PASSED

2020-06-26 08:11:26 - [MESSAGE][PASSED] - com.reusableComponents.HighlightElement.run is PASSED

2020-06-26 08:11:26 - [TEST_STEP][PASSED] - click(modifiedTaskDescription): Object: 'Object Repository/Objects.SelectItemFromFilteredTasks/Page_ISPS2/a_caseType' is clicked on

2020-06-26 08:11:26 - [MESSAGE][PASSED] - Object: 'Object Repository/Objects.SelectItemFromFilteredTasks/Page_ISPS2/a_caseType' is clicked on

2020-06-26 08:11:26 - [TEST_STEP][PASSED] - Thread.sleep(2000): null

2020-06-26 08:11:28 - [MESSAGE][PASSED] - Call Test Case 'Test Cases/Components/SelectItemFromFilteredTasks' successfully

2020-06-26 08:11:28 - [TEST_STEP][PASSED] - callTestCase(findTestCase("Components/NavigateToAnyLHS"), ["LHS":"Recommend"], STOP_ON_FAILURE): Call Test Case 'Test Cases/Components/NavigateToAnyLHS' successfully

2020-06-26 08:11:28 - [TEST_CASE][PASSED] - Test Cases/Components/NavigateToAnyLHS: Test Cases/Components/NavigateToAnyLHS

2020-06-26 08:11:28 - [TEST_STEP][PASSED] - Thread.sleep(1000): null

2020-06-26 08:11:29 - [TEST_STEP][PASSED] - modifiedLHS = modifyObjectProperty(findTestObject("Objects.NavigateToAnyLHS/Page_ISPS2/LHSToModify"), "text", "equals", LHS, true): Modify property of object successfully

2020-06-26 08:11:30 - [MESSAGE][PASSED] - Modify property of object successfully

2020-06-26 08:11:30 - [TEST_STEP][PASSED] - click(modifiedLHS): Object: 'Object Repository/Objects.NavigateToAnyLHS/Page_ISPS2/LHSToModify' is clicked on

2020-06-26 08:11:34 - [MESSAGE][PASSED] - Object: 'Object Repository/Objects.NavigateToAnyLHS/Page_ISPS2/LHSToModify' is clicked on

2020-06-26 08:11:34 - [TEST_STEP][PASSED] - currentLHS = getText(modifiedLHS): Text of object 'Object Repository/Objects.NavigateToAnyLHS/Page_ISPS2/LHSToModify' is: 'Recommend'

2020-06-26 08:11:34 - [MESSAGE][PASSED] - Text of object 'Object Repository/Objects.NavigateToAnyLHS/Page_ISPS2/LHSToModify' is: 'Recommend'

2020-06-26 08:11:34 - [TEST_STEP][PASSED] - Thread.sleep(5000): null

2020-06-26 08:11:39 - [MESSAGE][PASSED] - Call Test Case 'Test Cases/Components/NavigateToAnyLHS' successfully

2020-06-26 08:11:39 - [TEST_STEP][PASSED] - callTestCase(findTestCase("Components/GetCaseRefNo"), ["caseRefNo":caseRefNo], STOP_ON_FAILURE): Call Test Case 'Test Cases/Components/GetCaseRefNo' successfully

2020-06-26 08:11:39 - [TEST_CASE][PASSED] - Test Cases/Components/GetCaseRefNo: Test Cases/Components/GetCaseRefNo

2020-06-26 08:11:39 - [TEST_STEP][PASSED] - Thread.sleep(3000): null

2020-06-26 08:11:42 - [TEST_STEP][PASSED] - splitString = getText(findTestObject("Objects.GetCaseRefNo/Page_ISPS2/div_deets")): Text of object 'Object Repository/Objects.GetCaseRefNo/Page_ISPS2/div_deets' is: '(Case Ref. No.: SMB 2020/06/0003 | Submission No.: ES20200625-13482)'

2020-06-26 08:11:42 - [MESSAGE][PASSED] - Text of object 'Object Repository/Objects.GetCaseRefNo/Page_ISPS2/div_deets' is: '(Case Ref. No.: SMB 2020/06/0003 | Submission No.: ES20200625-13482)'

2020-06-26 08:11:42 - [TEST_STEP][PASSED] - parsedString = splitString.split(":")[1]: null

2020-06-26 08:11:42 - [TEST_STEP][PASSED] - str = parsedString.replaceAll(" ", "&"): null

2020-06-26 08:11:42 - [TEST_STEP][PASSED] - str2 = str.split("&")[1]: null

2020-06-26 08:11:42 - [TEST_STEP][PASSED] - CRN = str2: null

2020-06-26 08:11:42 - [TEST_STEP][NOT_RUN] - setText(findTestObject("Objects.GetCaseRefNo/Page_ISPS2/Page_ISPS2/input_uni"), str2): NOT_RUN: setText(findTestObject("Objects.GetCaseRefNo/Page_ISPS2/Page_ISPS2/input_uni"), str2)

2020-06-26 08:11:42 - [MESSAGE][NOT_RUN] - NOT_RUN: setText(findTestObject("Objects.GetCaseRefNo/Page_ISPS2/Page_ISPS2/input_uni"), str2)

2020-06-26 08:11:42 - [MESSAGE][PASSED] - Call Test Case 'Test Cases/Components/GetCaseRefNo' successfully

2020-06-26 08:11:42 - [TEST_STEP][PASSED] - callTestCase(findTestCase("Components/SetTextOnField"), ["tagToBeUsed":"input", "nameToBeUsed":"psiRecommendTo", "textToBeInputted":"Lim Beng"], STOP_ON_FAILURE): Call Test Case 'Test Cases/Components/SetTextOnField' successfully

2020-06-26 08:11:42 - [TEST_CASE][PASSED] - Test Cases/Components/SetTextOnField: Test Cases/Components/SetTextOnField

2020-06-26 08:11:42 - [TEST_STEP][PASSED] - Thread.sleep(1000): null

2020-06-26 08:11:43 - [TEST_STEP][PASSED] - modifiedTagOfField = modifyObjectProperty(findTestObject("Objects.SetTextOnField/sampleField"), "tag", "equals", tagToBeUsed, false): Modify property of object successfully

2020-06-26 08:11:43 - [MESSAGE][PASSED] - Modify property of object successfully

2020-06-26 08:11:43 - [TEST_STEP][PASSED] - modifiedNameOfField = modifyObjectProperty(modifiedTagOfField, "name", "equals", nameToBeUsed, true): Modify property of object successfully

2020-06-26 08:11:43 - [MESSAGE][PASSED] - Modify property of object successfully

2020-06-26 08:11:43 - [TEST_STEP][PASSED] - com.reusableComponents.HighlightElement.run(modifiedNameOfField): com.reusableComponents.HighlightElement.run is PASSED

2020-06-26 08:11:44 - [MESSAGE][PASSED] - com.reusableComponents.HighlightElement.run is PASSED

2020-06-26 08:11:44 - [TEST_STEP][PASSED] - setText(modifiedNameOfField, textToBeInputted): Text 'Lim Beng' is set on object 'Object Repository/Objects.SetTextOnField/sampleField'

2020-06-26 08:11:45 - [MESSAGE][PASSED] - Text 'Lim Beng' is set on object 'Object Repository/Objects.SetTextOnField/sampleField'

2020-06-26 08:11:45 - [MESSAGE][PASSED] - Call Test Case 'Test Cases/Components/SetTextOnField' successfully

2020-06-26 08:11:45 - [TEST_STEP][PASSED] - callTestCase(findTestCase("Components/SendEnterKey"), ["tagToBeUsed":"input", "nameToBeUsed":"psiRecommendTo"], STOP_ON_FAILURE): Call Test Case 'Test Cases/Components/SendEnterKey' successfully

2020-06-26 08:11:45 - [TEST_CASE][PASSED] - Test Cases/Components/SendEnterKey: Test Cases/Components/SendEnterKey

2020-06-26 08:11:45 - [TEST_STEP][PASSED] - Thread.sleep(1000): null

2020-06-26 08:11:46 - [TEST_STEP][PASSED] - firstModification = modifyObjectProperty(findTestObject("SendKey/object"), "tag", "equals", tagToBeUsed, false): Modify property of object successfully

2020-06-26 08:11:46 - [MESSAGE][PASSED] - Modify property of object successfully

2020-06-26 08:11:46 - [TEST_STEP][PASSED] - secondModification = modifyObjectProperty(firstModification, "name", "equals", nameToBeUsed, true): Modify property of object successfully

2020-06-26 08:11:46 - [MESSAGE][PASSED] - Modify property of object successfully

2020-06-26 08:11:46 - [TEST_STEP][PASSED] - sendKeys(secondModification, Keys.chord(ENTER)): Keys 'ENTER + ' sent to object: 'Object Repository/SendKey/object'

2020-06-26 08:11:46 - [MESSAGE][PASSED] - Keys 'ENTER + ' sent to object: 'Object Repository/SendKey/object'

2020-06-26 08:11:46 - [MESSAGE][PASSED] - Call Test Case 'Test Cases/Components/SendEnterKey' successfully

2020-06-26 08:11:46 - [TEST_STEP][PASSED] - callTestCase(findTestCase("Components/ClickBlueButtonsWithXPI"), ["Button":"Submit", "Index":"6"], STOP_ON_FAILURE): Call Test Case 'Test Cases/Components/ClickBlueButtonsWithXPI' successfully

2020-06-26 08:11:46 - [TEST_CASE][PASSED] - Test Cases/Components/ClickBlueButtonsWithXPI: Test Cases/Components/ClickBlueButtonsWithXPI

2020-06-26 08:11:46 - [TEST_STEP][PASSED] - Thread.sleep(1000): null

2020-06-26 08:11:47 - [TEST_STEP][PASSED] - complexlyModifiedButtonGG = modifyObjectProperty(findTestObject("Objects.ClickBlueButtonsWithXPI/span_Reset"), "xPath", "equals", "(//*[text()="" + Button + ""])[" + Index + "]", true): Modify property of object successfully

2020-06-26 08:11:47 - [MESSAGE][PASSED] - Modify property of object successfully

2020-06-26 08:11:47 - [TEST_STEP][PASSED] - click(complexlyModifiedButtonGG): Object: 'Object Repository/Objects.ClickBlueButtonsWithXPI/span_Reset' is clicked on

2020-06-26 08:11:48 - [MESSAGE][PASSED] - Object: 'Object Repository/Objects.ClickBlueButtonsWithXPI/span_Reset' is clicked on

2020-06-26 08:11:48 - [MESSAGE][PASSED] - Call Test Case 'Test Cases/Components/ClickBlueButtonsWithXPI' successfully

2020-06-26 08:11:48 - [TEST_STEP][PASSED] - callTestCase(findTestCase("Components/Logout"), [:], STOP_ON_FAILURE): Call Test Case 'Test Cases/Components/Logout' successfully

2020-06-26 08:11:48 - [TEST_CASE][PASSED] - Test Cases/Components/Logout: Test Cases/Components/Logout

2020-06-26 08:11:48 - [TEST_STEP][PASSED] - Thread.sleep(3000): null

2020-06-26 08:11:51 - [TEST_STEP][NOT_RUN] - com.reusableComponents.HighlightElement.run(findTestObject("Objects.Logout/accountDropdown")): NOT_RUN: com.reusableComponents.HighlightElement.run(findTestObject("Objects.Logout/accountDropdown"))

2020-06-26 08:11:51 - [MESSAGE][NOT_RUN] - NOT_RUN: com.reusableComponents.HighlightElement.run(findTestObject("Objects.Logout/accountDropdown"))

2020-06-26 08:11:51 - [TEST_STEP][NOT_RUN] - click(findTestObject("Objects.Logout/accountDropdown")): NOT_RUN: click(findTestObject("Objects.Logout/accountDropdown"))

2020-06-26 08:11:51 - [MESSAGE][NOT_RUN] - NOT_RUN: click(findTestObject("Objects.Logout/accountDropdown"))

2020-06-26 08:11:51 - [TEST_STEP][NOT_RUN] - com.reusableComponents.clickUsingJS.clickUsingJS(findTestObject("Objects.Logout/accountDropdown"), 0): NOT_RUN: com.reusableComponents.clickUsingJS.clickUsingJS(findTestObject("Objects.Logout/accountDropdown"), 0)

2020-06-26 08:11:51 - [MESSAGE][NOT_RUN] - NOT_RUN: com.reusableComponents.clickUsingJS.clickUsingJS(findTestObject("Objects.Logout/accountDropdown"), 0)

2020-06-26 08:11:51 - [TEST_STEP][PASSED] - element = findWebElement(findTestObject("Objects.Logout/accountDropdown"), 30): null

2020-06-26 08:11:51 - [TEST_STEP][PASSED] - executeJavaScript("arguments[0].click()", Arrays.asList(element)): Execute JavaScript 'arguments[0].click()' successfully

2020-06-26 08:11:51 - [MESSAGE][PASSED] - Execute JavaScript 'arguments[0].click()' successfully

2020-06-26 08:11:51 - [TEST_STEP][NOT_RUN] - com.reusableComponents.HighlightElement.run(findTestObject("Objects.Logout/span_Logout")): NOT_RUN: com.reusableComponents.HighlightElement.run(findTestObject("Objects.Logout/span_Logout"))

2020-06-26 08:11:51 - [MESSAGE][NOT_RUN] - NOT_RUN: com.reusableComponents.HighlightElement.run(findTestObject("Objects.Logout/span_Logout"))

2020-06-26 08:11:51 - [TEST_STEP][PASSED] - click(findTestObject("Objects.Logout/span_Logout"), STOP_ON_FAILURE): Object: 'Object Repository/Objects.Logout/span_Logout' is clicked on

2020-06-26 08:11:56 - [MESSAGE][PASSED] - Object: 'Object Repository/Objects.Logout/span_Logout' is clicked on

2020-06-26 08:11:56 - [TEST_STEP][PASSED] - waitForPageLoad(30): Wait for page load successfully

2020-06-26 08:11:56 - [MESSAGE][PASSED] - Wait for page load successfully

2020-06-26 08:11:56 - [TEST_STEP][PASSED] - Thread.sleep(3000): null

2020-06-26 08:11:59 - [TEST_STEP][PASSED] - verifyTextPresent(LogoutPageTextToBeVerified, true): Text '' is present on page  using regular expression

2020-06-26 08:11:59 - [MESSAGE][PASSED] - Text '' is present on page  using regular expression

2020-06-26 08:11:59 - [TEST_STEP][PASSED] - delay(5): Delayed 5 second(s)

2020-06-26 08:12:04 - [MESSAGE][PASSED] - Delayed 5 second(s)

2020-06-26 08:12:04 - [TEST_STEP][NOT_RUN] - com.reusableComponents.HighlightElement.run(findTestObject("Objects.Logout/div_Sign in to ISPS2-PROD-Verify")): NOT_RUN: com.reusableComponents.HighlightElement.run(findTestObject("Objects.Logout/div_Sign in to ISPS2-PROD-Verify"))

2020-06-26 08:12:04 - [MESSAGE][NOT_RUN] - NOT_RUN: com.reusableComponents.HighlightElement.run(findTestObject("Objects.Logout/div_Sign in to ISPS2-PROD-Verify"))

2020-06-26 08:12:04 - [TEST_STEP][PASSED] - closeBrowser(): Browser is closed

2020-06-26 08:12:05 - [MESSAGE][PASSED] - Browser is closed

2020-06-26 08:12:05 - [MESSAGE][PASSED] - Call Test Case 'Test Cases/Components/Logout' successfully

2020-06-26 08:12:05 - [TEST_STEP][PASSED] - callTestCase(findTestCase("Components/LoginV2.0"), ["LinkToBeUsed":findTestData("Datatable").getValue("URL", 2), "LoginPageTextToBeVerified":findTestData("Datatable").getValue("HomeBanner", 2), ... ], STOP_ON_FAILURE): Call Test Case 'Test Cases/Components/LoginV2.0' successfully

2020-06-26 08:12:05 - [TEST_CASE][PASSED] - Test Cases/Components/LoginV2.0: Test Cases/Components/LoginV2.0

2020-06-26 08:12:05 - [TEST_STEP][PASSED] - openBrowser(LinkToBeUsed): Browser is opened with url: 'http://192.168.190.37:3012/isps2-mig/authnz/login.do'

2020-06-26 08:12:05 - [MESSAGE][INFO] - Starting 'Edge' driver

2020-06-26 08:12:16 - [MESSAGE][PASSED] - Browser is opened with url: 'http://192.168.190.37:3012/isps2-mig/authnz/login.do'

2020-06-26 08:12:16 - [TEST_STEP][PASSED] - maximizeWindow(): Current window maximized

2020-06-26 08:12:18 - [MESSAGE][PASSED] - Current window maximized

2020-06-26 08:12:18 - [TEST_STEP][PASSED] - verifyTextPresent(LoginPageTextToBeVerified, false): Text 'Sign in to ISPS2-SIT' is present on page 

2020-06-26 08:12:18 - [MESSAGE][PASSED] - Text 'Sign in to ISPS2-SIT' is present on page 

2020-06-26 08:12:18 - [TEST_STEP][PASSED] - setText(findTestObject("Objects.LoginV2.0/Login Page/input_Sign in to ISPS2-PROD-Verify_username"), Username): Text 'UAT-BENGKWEE' is set on object 'Object Repository/Objects.LoginV2.0/Login Page/input_Sign in to ISPS2-PROD-Verify_username'

2020-06-26 08:12:18 - [MESSAGE][PASSED] - Text 'UAT-BENGKWEE' is set on object 'Object Repository/Objects.LoginV2.0/Login Page/input_Sign in to ISPS2-PROD-Verify_username'

2020-06-26 08:12:18 - [TEST_STEP][PASSED] - setEncryptedText(findTestObject("Objects.LoginV2.0/Login Page/input_This field is required_password"), Password): Text ****** has been set on object 'Object Repository/Objects.LoginV2.0/Login Page/input_This field is required_password'

2020-06-26 08:12:19 - [MESSAGE][PASSED] - Text ****** has been set on object 'Object Repository/Objects.LoginV2.0/Login Page/input_This field is required_password'

2020-06-26 08:12:19 - [TEST_STEP][NOT_RUN] - setEncryptedText(findTestObject(null), Password): NOT_RUN: setEncryptedText(findTestObject(null), Password)

2020-06-26 08:12:19 - [MESSAGE][NOT_RUN] - NOT_RUN: setEncryptedText(findTestObject(null), Password)

2020-06-26 08:12:19 - [TEST_STEP][PASSED] - click(findTestObject("Objects.LoginV2.0/Login Page/div_Sign in to ISPS2-PROD-Verify_NovaGoButton-1021"), OPTIONAL): Object: 'Object Repository/Objects.LoginV2.0/Login Page/div_Sign in to ISPS2-PROD-Verify_NovaGoButton-1021' is clicked on

2020-06-26 08:12:19 - [MESSAGE][PASSED] - Object: 'Object Repository/Objects.LoginV2.0/Login Page/div_Sign in to ISPS2-PROD-Verify_NovaGoButton-1021' is clicked on

2020-06-26 08:12:19 - [TEST_STEP][PASSED] - waitForPageLoad(30): Wait for page load successfully

2020-06-26 08:12:19 - [MESSAGE][PASSED] - Wait for page load successfully

2020-06-26 08:12:19 - [TEST_STEP][PASSED] - Thread.sleep(3000): null

2020-06-26 08:12:22 - [MESSAGE][PASSED] - Call Test Case 'Test Cases/Components/LoginV2.0' successfully

2020-06-26 08:12:22 - [TEST_STEP][PASSED] - callTestCase(findTestCase("Components/Wait"), ["secondsToWait":3000], STOP_ON_FAILURE): Call Test Case 'Test Cases/Components/Wait' successfully

2020-06-26 08:12:22 - [TEST_CASE][PASSED] - Test Cases/Components/Wait: Test Cases/Components/Wait

2020-06-26 08:12:22 - [TEST_STEP][PASSED] - Thread.sleep(secondsToWait): null

2020-06-26 08:12:25 - [MESSAGE][PASSED] - Call Test Case 'Test Cases/Components/Wait' successfully

2020-06-26 08:12:25 - [TEST_STEP][PASSED] - callTestCase(findTestCase("Components/OpenHomepageMenu"), [:], STOP_ON_FAILURE): Call Test Case 'Test Cases/Components/OpenHomepageMenu' successfully

2020-06-26 08:12:25 - [TEST_CASE][PASSED] - Test Cases/Components/OpenHomepageMenu: Test Cases/Components/OpenHomepageMenu

2020-06-26 08:12:25 - [TEST_STEP][PASSED] - Thread.sleep(1000): null

2020-06-26 08:12:26 - [TEST_STEP][PASSED] - verifyTextPresent("Loading search result. Please wait...", false, OPTIONAL): Text 'Loading search result. Please wait...' is present on page 

2020-06-26 08:12:26 - [MESSAGE][PASSED] - Text 'Loading search result. Please wait...' is present on page 

2020-06-26 08:12:26 - [TEST_STEP][PASSED] - waitForElementNotPresent(findTestObject("Objects.OpenHomepageMenu/XP_LoadingPopUp"), 120, OPTIONAL): Web element with id: 'Object Repository/Objects.OpenHomepageMenu/XP_LoadingPopUp' located by 'By.xpath: //div[@class = 'x-mask-msg-text' and (text() = 'Loading search result. Please wait...' or . = 'Loading search result. Please wait...')]' is not present after '120' second(s)

2020-06-26 08:12:46 - [MESSAGE][PASSED] - Web element with id: 'Object Repository/Objects.OpenHomepageMenu/XP_LoadingPopUp' located by 'By.xpath: //div[@class = 'x-mask-msg-text' and (text() = 'Loading search result. Please wait...' or . = 'Loading search result. Please wait...')]' is not present after '120' second(s)

2020-06-26 08:12:46 - [TEST_STEP][PASSED] - verifyElementVisible(findTestObject("Objects.OpenHomepageMenu/div_ISPS2-PROD-Verify_component-1013")): Object 'Object Repository/Objects.OpenHomepageMenu/div_ISPS2-PROD-Verify_component-1013' is visible

2020-06-26 08:12:46 - [MESSAGE][PASSED] - Object 'Object Repository/Objects.OpenHomepageMenu/div_ISPS2-PROD-Verify_component-1013' is visible

2020-06-26 08:12:46 - [TEST_STEP][PASSED] - click(findTestObject("Objects.OpenHomepageMenu/div_ISPS2-PROD-Verify_component-1013")): Object: 'Object Repository/Objects.OpenHomepageMenu/div_ISPS2-PROD-Verify_component-1013' is clicked on

2020-06-26 08:12:46 - [MESSAGE][PASSED] - Object: 'Object Repository/Objects.OpenHomepageMenu/div_ISPS2-PROD-Verify_component-1013' is clicked on

2020-06-26 08:12:46 - [MESSAGE][PASSED] - Call Test Case 'Test Cases/Components/OpenHomepageMenu' successfully

2020-06-26 08:12:46 - [TEST_STEP][PASSED] - callTestCase(findTestCase("Components/HoverToAnyMenuSelection"), ["MenuSelection":"Desktop"], STOP_ON_FAILURE): Call Test Case 'Test Cases/Components/HoverToAnyMenuSelection' successfully

2020-06-26 08:12:46 - [TEST_CASE][PASSED] - Test Cases/Components/HoverToAnyMenuSelection: Test Cases/Components/HoverToAnyMenuSelection

2020-06-26 08:12:46 - [TEST_STEP][PASSED] - Thread.sleep(1000): null

2020-06-26 08:12:47 - [TEST_STEP][PASSED] - modifiedSelection = modifyObjectProperty(findTestObject("Objects.HoverToAnyMenuSelection/span_Common"), "text", "equals", MenuSelection, true): Modify property of object successfully

2020-06-26 08:12:48 - [MESSAGE][PASSED] - Modify property of object successfully

2020-06-26 08:12:48 - [TEST_STEP][PASSED] - mouseOver(modifiedSelection): Object: 'Object Repository/Objects.HoverToAnyMenuSelection/span_Common' is hovered

2020-06-26 08:12:48 - [MESSAGE][PASSED] - Object: 'Object Repository/Objects.HoverToAnyMenuSelection/span_Common' is hovered

2020-06-26 08:12:48 - [MESSAGE][PASSED] - Call Test Case 'Test Cases/Components/HoverToAnyMenuSelection' successfully

2020-06-26 08:12:48 - [TEST_STEP][PASSED] - callTestCase(findTestCase("Components/ClickLink"), ["LinkToModify":"My Tasks"], STOP_ON_FAILURE): Call Test Case 'Test Cases/Components/ClickLink' successfully

2020-06-26 08:12:48 - [TEST_CASE][PASSED] - Test Cases/Components/ClickLink: Test Cases/Components/ClickLink

2020-06-26 08:12:48 - [TEST_STEP][PASSED] - Thread.sleep(1000): null

2020-06-26 08:12:49 - [TEST_STEP][PASSED] - modifiedLink = modifyObjectProperty(findTestObject("Objects.ClickLink/Page_ISPS2/LinkToModify"), "text", "equals", LinkToModify, true): Modify property of object successfully

2020-06-26 08:12:49 - [MESSAGE][PASSED] - Modify property of object successfully

2020-06-26 08:12:49 - [TEST_STEP][PASSED] - com.reusableComponents.HighlightElement.run(modifiedLink): com.reusableComponents.HighlightElement.run is PASSED

2020-06-26 08:12:50 - [MESSAGE][PASSED] - com.reusableComponents.HighlightElement.run is PASSED

2020-06-26 08:12:50 - [TEST_STEP][PASSED] - click(modifiedLink): Object: 'Object Repository/Objects.ClickLink/Page_ISPS2/LinkToModify' is clicked on

2020-06-26 08:12:56 - [MESSAGE][PASSED] - Object: 'Object Repository/Objects.ClickLink/Page_ISPS2/LinkToModify' is clicked on

2020-06-26 08:12:56 - [MESSAGE][PASSED] - Call Test Case 'Test Cases/Components/ClickLink' successfully

2020-06-26 08:12:56 - [TEST_STEP][PASSED] - callTestCase(findTestCase("Components/VerifyDueOnDate"), [:], STOP_ON_FAILURE): Call Test Case 'Test Cases/Components/VerifyDueOnDate' successfully

2020-06-26 08:12:56 - [TEST_CASE][PASSED] - Test Cases/Components/VerifyDueOnDate: Test Cases/Components/VerifyDueOnDate

2020-06-26 08:12:56 - [TEST_STEP][PASSED] - Thread.sleep(1000): null

2020-06-26 08:12:57 - [TEST_STEP][PASSED] - today = LocalDate.now(): null

2020-06-26 08:12:57 - [TEST_STEP][PASSED] - months = <not implemented yet for class: org.codehaus.groovy.ast.expr.EmptyExpression>: null

2020-06-26 08:12:57 - [TEST_STEP][PASSED] - oneMonthLater = today.plusMonths(months): null

2020-06-26 08:12:57 - [TEST_STEP][PASSED] - formattedDate = oneMonthLater.format(DateTimeFormatter.ofPattern("dd MMM yyyy")): null

2020-06-26 08:12:57 - [TEST_STEP][PASSED] - dueOnDate = getText(findTestObject("Objects.VerifyDueOnDate/dueOnDateDiv")): Text of object 'Object Repository/Objects.VerifyDueOnDate/dueOnDateDiv' is: '26 Nov 2020'

2020-06-26 08:12:58 - [MESSAGE][PASSED] - Text of object 'Object Repository/Objects.VerifyDueOnDate/dueOnDateDiv' is: '26 Nov 2020'

2020-06-26 08:12:58 - [TEST_STEP][PASSED] - com.reusableComponents.HighlightElement.run(findTestObject("Object Repository/Objects.VerifyDueOnDate/taskDescription")): com.reusableComponents.HighlightElement.run is PASSED

2020-06-26 08:12:59 - [MESSAGE][PASSED] - com.reusableComponents.HighlightElement.run is PASSED

2020-06-26 08:12:59 - [TEST_STEP][PASSED] - verifyElementText(findTestObject("Objects.VerifyDueOnDate/taskDescription"), "Recommendation and Decision (SMB)"): Actual text and expected text of test object 'Object Repository/Objects.VerifyDueOnDate/taskDescription' are matched.

2020-06-26 08:12:59 - [MESSAGE][PASSED] - Actual text and expected text of test object 'Object Repository/Objects.VerifyDueOnDate/taskDescription' are matched.

2020-06-26 08:12:59 - [TEST_STEP][PASSED] - Thread.sleep(3000): null

2020-06-26 08:13:02 - [TEST_STEP][PASSED] - com.reusableComponents.HighlightElement.run(findTestObject("Object Repository/Objects.VerifyDueOnDate/dueOnDateDiv")): com.reusableComponents.HighlightElement.run is PASSED

2020-06-26 08:13:03 - [MESSAGE][PASSED] - com.reusableComponents.HighlightElement.run is PASSED

2020-06-26 08:13:03 - [TEST_STEP][PASSED] - click(findTestObject("Objects.VerifyDueOnDate/taskDescription")): Object: 'Object Repository/Objects.VerifyDueOnDate/taskDescription' is clicked on

2020-06-26 08:13:03 - [MESSAGE][PASSED] - Object: 'Object Repository/Objects.VerifyDueOnDate/taskDescription' is clicked on

2020-06-26 08:13:03 - [TEST_STEP][PASSED] - Thread.sleep(2000): null

2020-06-26 08:13:05 - [TEST_STEP][PASSED] - com.reusableComponents.clickUsingJS.clickUsingJS(findTestObject("Objects.VerifyDueOnDate/caseStagesLHS"), 0): com.reusableComponents.clickUsingJS.clickUsingJS is PASSED

2020-06-26 08:13:05 - [MESSAGE][WARNING] - Timeout '0' is invalid. Using default page load timeout: '30'

2020-06-26 08:13:11 - [MESSAGE][PASSED] - com.reusableComponents.clickUsingJS.clickUsingJS is PASSED

2020-06-26 08:13:11 - [TEST_STEP][PASSED] - switchToWindowIndex(1): Switched to window with index: '1'

2020-06-26 08:13:11 - [MESSAGE][PASSED] - Switched to window with index: '1'

2020-06-26 08:13:11 - [TEST_STEP][PASSED] - waitForPageLoad(120): Wait for page load successfully

2020-06-26 08:13:14 - [MESSAGE][PASSED] - Wait for page load successfully

2020-06-26 08:13:14 - [TEST_STEP][PASSED] - com.reusableComponents.HighlightElement.run(findTestObject("Object Repository/Objects.VerifyDueOnDate/stageDesc")): com.reusableComponents.HighlightElement.run is PASSED

2020-06-26 08:13:16 - [MESSAGE][PASSED] - com.reusableComponents.HighlightElement.run is PASSED

2020-06-26 08:13:16 - [TEST_STEP][PASSED] - verifyElementText(findTestObject("Objects.VerifyDueOnDate/stageDesc"), "Recommend"): Actual text and expected text of test object 'Object Repository/Objects.VerifyDueOnDate/stageDesc' are matched.

2020-06-26 08:13:16 - [MESSAGE][PASSED] - Actual text and expected text of test object 'Object Repository/Objects.VerifyDueOnDate/stageDesc' are matched.

2020-06-26 08:13:16 - [TEST_STEP][PASSED] - com.reusableComponents.HighlightElement.run(findTestObject("Object Repository/Objects.VerifyDueOnDate/stageDesc")): com.reusableComponents.HighlightElement.run is PASSED

2020-06-26 08:13:17 - [MESSAGE][PASSED] - com.reusableComponents.HighlightElement.run is PASSED

2020-06-26 08:13:17 - [TEST_STEP][PASSED] - formattedDate1 = today.format(DateTimeFormatter.ofPattern("dd-MMM-yyyy")): null

2020-06-26 08:13:17 - [TEST_STEP][PASSED] - splitString = getText(findTestObject("Objects.VerifyDueOnDate/stageDate")): Text of object 'Object Repository/Objects.VerifyDueOnDate/stageDate' is: '26-Jun-2020 08:11:48'

2020-06-26 08:13:17 - [MESSAGE][PASSED] - Text of object 'Object Repository/Objects.VerifyDueOnDate/stageDate' is: '26-Jun-2020 08:11:48'

2020-06-26 08:13:17 - [TEST_STEP][PASSED] - str = splitString.replaceAll(" ", "&"): null

2020-06-26 08:13:17 - [TEST_STEP][PASSED] - splitStrin1 = str.split("&"): null

2020-06-26 08:13:17 - [TEST_STEP][PASSED] - part1 = splitStrin1[0]: null

2020-06-26 08:13:17 - [TEST_STEP][PASSED] - verifyMatch(formattedDate1, part1, false): Actual text '26-Jun-2020' and expected text '26-Jun-2020' are matched 

2020-06-26 08:13:17 - [MESSAGE][PASSED] - Actual text '26-Jun-2020' and expected text '26-Jun-2020' are matched 

2020-06-26 08:13:17 - [MESSAGE][PASSED] - Call Test Case 'Test Cases/Components/VerifyDueOnDate' successfully

2020-06-26 08:13:17 - [TEST_STEP][PASSED] - callTestCase(findTestCase("Components/Wait"), ["secondsToWait":1000], STOP_ON_FAILURE): Call Test Case 'Test Cases/Components/Wait' successfully

2020-06-26 08:13:17 - [TEST_CASE][PASSED] - Test Cases/Components/Wait: Test Cases/Components/Wait

2020-06-26 08:13:17 - [TEST_STEP][PASSED] - Thread.sleep(secondsToWait): null

2020-06-26 08:13:18 - [MESSAGE][PASSED] - Call Test Case 'Test Cases/Components/Wait' successfully

2020-06-26 08:13:18 - [TEST_STEP][PASSED] - callTestCase(findTestCase("Components/SwitchToIndexedWindow"), ["windowIndex":"0"], STOP_ON_FAILURE): Call Test Case 'Test Cases/Components/SwitchToIndexedWindow' successfully

2020-06-26 08:13:18 - [TEST_CASE][PASSED] - Test Cases/Components/SwitchToIndexedWindow: Test Cases/Components/SwitchToIndexedWindow

2020-06-26 08:13:18 - [TEST_STEP][PASSED] - Thread.sleep(1000): null

2020-06-26 08:13:19 - [TEST_STEP][PASSED] - switchToWindowIndex(windowIndex): Switched to window with index: '0'

2020-06-26 08:13:19 - [MESSAGE][PASSED] - Switched to window with index: '0'

2020-06-26 08:13:19 - [MESSAGE][PASSED] - Call Test Case 'Test Cases/Components/SwitchToIndexedWindow' successfully

2020-06-26 08:13:19 - [TEST_STEP][PASSED] - callTestCase(findTestCase("Components/Logout"), ["LogoutPageTextToBeVerified":findTestData("Datatable").getValue("HomeBanner", 2)], STOP_ON_FAILURE): Call Test Case 'Test Cases/Components/Logout' successfully

2020-06-26 08:13:20 - [TEST_CASE][PASSED] - Test Cases/Components/Logout: Test Cases/Components/Logout

2020-06-26 08:13:20 - [TEST_STEP][PASSED] - Thread.sleep(3000): null

2020-06-26 08:13:23 - [TEST_STEP][NOT_RUN] - com.reusableComponents.HighlightElement.run(findTestObject("Objects.Logout/accountDropdown")): NOT_RUN: com.reusableComponents.HighlightElement.run(findTestObject("Objects.Logout/accountDropdown"))

2020-06-26 08:13:23 - [MESSAGE][NOT_RUN] - NOT_RUN: com.reusableComponents.HighlightElement.run(findTestObject("Objects.Logout/accountDropdown"))

2020-06-26 08:13:23 - [TEST_STEP][NOT_RUN] - click(findTestObject("Objects.Logout/accountDropdown")): NOT_RUN: click(findTestObject("Objects.Logout/accountDropdown"))

2020-06-26 08:13:23 - [MESSAGE][NOT_RUN] - NOT_RUN: click(findTestObject("Objects.Logout/accountDropdown"))

2020-06-26 08:13:23 - [TEST_STEP][NOT_RUN] - com.reusableComponents.clickUsingJS.clickUsingJS(findTestObject("Objects.Logout/accountDropdown"), 0): NOT_RUN: com.reusableComponents.clickUsingJS.clickUsingJS(findTestObject("Objects.Logout/accountDropdown"), 0)

2020-06-26 08:13:23 - [MESSAGE][NOT_RUN] - NOT_RUN: com.reusableComponents.clickUsingJS.clickUsingJS(findTestObject("Objects.Logout/accountDropdown"), 0)

2020-06-26 08:13:23 - [TEST_STEP][PASSED] - element = findWebElement(findTestObject("Objects.Logout/accountDropdown"), 30): null

2020-06-26 08:13:23 - [TEST_STEP][PASSED] - executeJavaScript("arguments[0].click()", Arrays.asList(element)): Execute JavaScript 'arguments[0].click()' successfully

2020-06-26 08:13:23 - [MESSAGE][PASSED] - Execute JavaScript 'arguments[0].click()' successfully

2020-06-26 08:13:23 - [TEST_STEP][NOT_RUN] - com.reusableComponents.HighlightElement.run(findTestObject("Objects.Logout/span_Logout")): NOT_RUN: com.reusableComponents.HighlightElement.run(findTestObject("Objects.Logout/span_Logout"))

2020-06-26 08:13:23 - [MESSAGE][NOT_RUN] - NOT_RUN: com.reusableComponents.HighlightElement.run(findTestObject("Objects.Logout/span_Logout"))

2020-06-26 08:13:23 - [TEST_STEP][PASSED] - click(findTestObject("Objects.Logout/span_Logout"), STOP_ON_FAILURE): Object: 'Object Repository/Objects.Logout/span_Logout' is clicked on

2020-06-26 08:13:27 - [MESSAGE][PASSED] - Object: 'Object Repository/Objects.Logout/span_Logout' is clicked on

2020-06-26 08:13:27 - [TEST_STEP][PASSED] - waitForPageLoad(30): Wait for page load successfully

2020-06-26 08:13:27 - [MESSAGE][PASSED] - Wait for page load successfully

2020-06-26 08:13:27 - [TEST_STEP][PASSED] - Thread.sleep(3000): null

2020-06-26 08:13:30 - [TEST_STEP][PASSED] - verifyTextPresent(LogoutPageTextToBeVerified, true): Text 'Sign in to ISPS2-SIT' is present on page  using regular expression

2020-06-26 08:13:30 - [MESSAGE][PASSED] - Text 'Sign in to ISPS2-SIT' is present on page  using regular expression

2020-06-26 08:13:30 - [TEST_STEP][PASSED] - delay(5): Delayed 5 second(s)

2020-06-26 08:13:35 - [MESSAGE][PASSED] - Delayed 5 second(s)

2020-06-26 08:13:35 - [TEST_STEP][NOT_RUN] - com.reusableComponents.HighlightElement.run(findTestObject("Objects.Logout/div_Sign in to ISPS2-PROD-Verify")): NOT_RUN: com.reusableComponents.HighlightElement.run(findTestObject("Objects.Logout/div_Sign in to ISPS2-PROD-Verify"))

2020-06-26 08:13:35 - [MESSAGE][NOT_RUN] - NOT_RUN: com.reusableComponents.HighlightElement.run(findTestObject("Objects.Logout/div_Sign in to ISPS2-PROD-Verify"))

2020-06-26 08:13:35 - [TEST_STEP][PASSED] - closeBrowser(): Browser is closed

2020-06-26 08:13:36 - [MESSAGE][PASSED] - Browser is closed

2020-06-26 08:13:36 - [MESSAGE][PASSED] - Call Test Case 'Test Cases/Components/Logout' successfully]]></system-out>
         <system-err><![CDATA[]]></system-err>
      </testcase>
      <system-out><![CDATA[2020-06-26 08:06:14 - [TEST_SUITE][PASSED] - Process Case (SMB): Test Cases/Jira/PSI/Process Case (SMB)/BCAISPS-14777/BCAISPS-14777.TCID002]]></system-out>
      <system-err><![CDATA[]]></system-err>
   </testsuite>
</testsuites>
